[0.027s] Invoking command in '/workspace/build/examples_rclcpp_minimal_action_client': CMAKE_PREFIX_PATH=/opt/ros/humble /usr/bin/cmake /workspace/src/examples/rclcpp/actions/minimal_action_client -DAMENT_CMAKE_SYMLINK_INSTALL=1 -DCMAKE_INSTALL_PREFIX=/workspace/install/examples_rclcpp_minimal_action_client
[0.507s] -- The C compiler identification is GNU 11.4.0
[0.668s] -- The CXX compiler identification is GNU 11.4.0
[0.675s] -- Detecting C compiler ABI info
[0.806s] -- Detecting C compiler ABI info - done
[0.811s] -- Check for working C compiler: /usr/bin/cc - skipped
[0.818s] -- Detecting C compile features
[0.818s] -- Detecting C compile features - done
[0.823s] -- Detecting CXX compiler ABI info
[0.926s] -- Detecting CXX compiler ABI info - done
[0.952s] -- Check for working CXX compiler: /usr/bin/c++ - skipped
[0.961s] -- Detecting CXX compile features
[0.961s] -- Detecting CXX compile features - done
[0.961s] -- Found ament_cmake: 1.3.11 (/opt/ros/humble/share/ament_cmake/cmake)
[1.069s] -- Found Python3: /usr/bin/python3 (found version "3.10.12") found components: Interpreter 
[1.173s] -- Override CMake install command with custom implementation using symlinks instead of copying resources
[1.230s] [31mCMake Error at CMakeLists.txt:14 (find_package):
[1.230s]   By not providing "Findexample_interfaces.cmake" in CMAKE_MODULE_PATH this
[1.230s]   project has asked CMake to find a package configuration file provided by
[1.231s]   "example_interfaces", but CMake did not find one.
[1.231s] 
[1.231s]   Could not find a package configuration file provided by
[1.231s]   "example_interfaces" with any of the following names:
[1.232s] 
[1.233s]     example_interfacesConfig.cmake
[1.233s]     example_interfaces-config.cmake
[1.233s] 
[1.234s]   Add the installation prefix of "example_interfaces" to CMAKE_PREFIX_PATH or
[1.234s]   set "example_interfaces_DIR" to a directory containing one of the above
[1.234s]   files.  If "example_interfaces" provides a separate development package or
[1.234s]   SDK, be sure it has been installed.
[1.234s] 
[1.235s] [0m
[1.253s] -- Configuring incomplete, errors occurred!
[1.253s] See also "/workspace/build/examples_rclcpp_minimal_action_client/CMakeFiles/CMakeOutput.log".
