running egg_info
creating ../../build/fleet_core/fleet_core.egg-info
writing ../../build/fleet_core/fleet_core.egg-info/PKG-INFO
writing dependency_links to ../../build/fleet_core/fleet_core.egg-info/dependency_links.txt
writing entry points to ../../build/fleet_core/fleet_core.egg-info/entry_points.txt
writing requirements to ../../build/fleet_core/fleet_core.egg-info/requires.txt
writing top-level names to ../../build/fleet_core/fleet_core.egg-info/top_level.txt
writing manifest file '../../build/fleet_core/fleet_core.egg-info/SOURCES.txt'
reading manifest file '../../build/fleet_core/fleet_core.egg-info/SOURCES.txt'
writing manifest file '../../build/fleet_core/fleet_core.egg-info/SOURCES.txt'
running build
running build_py
creating /workspace/build/fleet_core/build
creating /workspace/build/fleet_core/build/lib
creating /workspace/build/fleet_core/build/lib/fleet_core
copying fleet_core/fleet_node.py -> /workspace/build/fleet_core/build/lib/fleet_core
copying fleet_core/__init__.py -> /workspace/build/fleet_core/build/lib/fleet_core
running install
running install_lib
creating /workspace/install/fleet_core/lib/python3.10/site-packages/fleet_core
copying /workspace/build/fleet_core/build/lib/fleet_core/fleet_node.py -> /workspace/install/fleet_core/lib/python3.10/site-packages/fleet_core
copying /workspace/build/fleet_core/build/lib/fleet_core/__init__.py -> /workspace/install/fleet_core/lib/python3.10/site-packages/fleet_core
byte-compiling /workspace/install/fleet_core/lib/python3.10/site-packages/fleet_core/fleet_node.py to fleet_node.cpython-310.pyc
byte-compiling /workspace/install/fleet_core/lib/python3.10/site-packages/fleet_core/__init__.py to __init__.cpython-310.pyc
running install_data
creating /workspace/install/fleet_core/share/ament_index
creating /workspace/install/fleet_core/share/ament_index/resource_index
creating /workspace/install/fleet_core/share/ament_index/resource_index/packages
copying resource/fleet_core -> /workspace/install/fleet_core/share/ament_index/resource_index/packages
copying package.xml -> /workspace/install/fleet_core/share/fleet_core
running install_egg_info
Copying ../../build/fleet_core/fleet_core.egg-info to /workspace/install/fleet_core/lib/python3.10/site-packages/fleet_core-0.1.0-py3.10.egg-info
running install_scripts
Installing fleet_node script to /workspace/install/fleet_core/bin
writing list of installed files to '/workspace/build/fleet_core/install.log'
