[0.000000] (-) TimerEvent: {}
[0.000304] (-) JobUnselected: {'identifier': 'examples_rclcpp_async_client'}
[0.000359] (-) JobUnselected: {'identifier': 'examples_rclcpp_cbg_executor'}
[0.000384] (-) JobUnselected: {'identifier': 'examples_rclcpp_minimal_action_client'}
[0.000407] (-) JobUnselected: {'identifier': 'examples_rclcpp_minimal_action_server'}
[0.000522] (-) JobUnselected: {'identifier': 'examples_rclcpp_minimal_client'}
[0.000716] (-) JobUnselected: {'identifier': 'examples_rclcpp_minimal_composition'}
[0.000741] (-) JobUnselected: {'identifier': 'examples_rclcpp_minimal_publisher'}
[0.000760] (-) JobUnselected: {'identifier': 'examples_rclcpp_minimal_service'}
[0.000778] (-) JobUnselected: {'identifier': 'examples_rclcpp_minimal_subscriber'}
[0.000821] (-) JobUnselected: {'identifier': 'examples_rclcpp_minimal_timer'}
[0.000840] (-) JobUnselected: {'identifier': 'examples_rclcpp_multithreaded_executor'}
[0.000959] (-) JobUnselected: {'identifier': 'examples_rclcpp_wait_set'}
[0.000980] (-) JobUnselected: {'identifier': 'examples_rclpy_executors'}
[0.000997] (-) JobUnselected: {'identifier': 'examples_rclpy_guard_conditions'}
[0.001051] (-) JobUnselected: {'identifier': 'examples_rclpy_minimal_action_client'}
[0.001071] (-) JobUnselected: {'identifier': 'examples_rclpy_minimal_action_server'}
[0.001089] (-) JobUnselected: {'identifier': 'examples_rclpy_minimal_client'}
[0.001102] (-) JobUnselected: {'identifier': 'examples_rclpy_minimal_publisher'}
[0.001117] (-) JobUnselected: {'identifier': 'examples_rclpy_minimal_service'}
[0.001131] (-) JobUnselected: {'identifier': 'examples_rclpy_minimal_subscriber'}
[0.001144] (-) JobUnselected: {'identifier': 'examples_rclpy_pointcloud_publisher'}
[0.001158] (-) JobUnselected: {'identifier': 'launch_testing_examples'}
[0.001174] (sim) JobQueued: {'identifier': 'sim', 'dependencies': OrderedDict()}
[0.001194] (sim) JobStarted: {'identifier': 'sim'}
[0.006360] (sim) JobProgress: {'identifier': 'sim', 'progress': 'cmake'}
[0.007082] (sim) JobProgress: {'identifier': 'sim', 'progress': 'build'}
[0.007470] (sim) Command: {'cmd': ['/usr/bin/cmake', '--build', '/workspace/build/sim', '--', '-j8', '-l8'], 'cwd': '/workspace/build/sim', 'env': OrderedDict([('HOSTNAME', 'dd6ce68eefdf'), ('SHLVL', '0'), ('LD_LIBRARY_PATH', '/workspace/install/sim/lib:/opt/ros/humble/opt/rviz_ogre_vendor/lib:/opt/ros/humble/lib/aarch64-linux-gnu:/opt/ros/humble/lib'), ('HOME', '/root'), ('OLDPWD', '/workspace'), ('ROS_PYTHON_VERSION', '3'), ('COLCON_PREFIX_PATH', '/workspace/install'), ('ROS_DISTRO', 'humble'), ('_', '/usr/bin/colcon'), ('ROS_VERSION', '2'), ('TERM', 'xterm'), ('ROS_LOCALHOST_ONLY', '0'), ('PATH', '/opt/ros/humble/bin:/usr/local/sbin:/usr/local/bin:/usr/sbin:/usr/bin:/sbin:/bin'), ('LANG', 'C.UTF-8'), ('AMENT_PREFIX_PATH', '/workspace/install/sim:/opt/ros/humble'), ('DEBIAN_FRONTEND', 'noninteractive'), ('PWD', '/workspace/build/sim'), ('LC_ALL', 'C.UTF-8'), ('PYTHONPATH', '/opt/ros/humble/lib/python3.10/site-packages:/opt/ros/humble/local/lib/python3.10/dist-packages'), ('COLCON', '1'), ('CMAKE_PREFIX_PATH', '/workspace/install/sim:/opt/ros/humble')]), 'shell': False}
[0.041749] (sim) CommandEnded: {'returncode': 0}
[0.042384] (sim) JobProgress: {'identifier': 'sim', 'progress': 'install'}
[0.048208] (sim) Command: {'cmd': ['/usr/bin/cmake', '--install', '/workspace/build/sim'], 'cwd': '/workspace/build/sim', 'env': OrderedDict([('HOSTNAME', 'dd6ce68eefdf'), ('SHLVL', '0'), ('LD_LIBRARY_PATH', '/workspace/install/sim/lib:/opt/ros/humble/opt/rviz_ogre_vendor/lib:/opt/ros/humble/lib/aarch64-linux-gnu:/opt/ros/humble/lib'), ('HOME', '/root'), ('OLDPWD', '/workspace'), ('ROS_PYTHON_VERSION', '3'), ('COLCON_PREFIX_PATH', '/workspace/install'), ('ROS_DISTRO', 'humble'), ('_', '/usr/bin/colcon'), ('ROS_VERSION', '2'), ('TERM', 'xterm'), ('ROS_LOCALHOST_ONLY', '0'), ('PATH', '/opt/ros/humble/bin:/usr/local/sbin:/usr/local/bin:/usr/sbin:/usr/bin:/sbin:/bin'), ('LANG', 'C.UTF-8'), ('AMENT_PREFIX_PATH', '/workspace/install/sim:/opt/ros/humble'), ('DEBIAN_FRONTEND', 'noninteractive'), ('PWD', '/workspace/build/sim'), ('LC_ALL', 'C.UTF-8'), ('PYTHONPATH', '/opt/ros/humble/lib/python3.10/site-packages:/opt/ros/humble/local/lib/python3.10/dist-packages'), ('COLCON', '1'), ('CMAKE_PREFIX_PATH', '/workspace/install/sim:/opt/ros/humble')]), 'shell': False}
[0.059963] (sim) StdoutLine: {'line': b'-- Install configuration: ""\n'}
[0.060175] (sim) StdoutLine: {'line': b'-- Up-to-date: /workspace/install/sim/share/sim/launch\n'}
[0.060232] (sim) StdoutLine: {'line': b'-- Up-to-date: /workspace/install/sim/share/sim/launch/view_stub.launch.py\n'}
[0.060282] (sim) StdoutLine: {'line': b'-- Up-to-date: /workspace/install/sim/share/sim/launch/headless.launch.py\n'}
[0.060330] (sim) StdoutLine: {'line': b'-- Up-to-date: /workspace/install/sim/share/sim/worlds\n'}
[0.060378] (sim) StdoutLine: {'line': b'-- Up-to-date: /workspace/install/sim/share/sim/worlds/lunar_gravity_test.world\n'}
[0.060428] (sim) StdoutLine: {'line': b'-- Up-to-date: /workspace/install/sim/share/sim/urdf\n'}
[0.060476] (sim) StdoutLine: {'line': b'-- Up-to-date: /workspace/install/sim/share/sim/urdf/transport_rover.urdf\n'}
[0.061486] (sim) StdoutLine: {'line': b'-- Up-to-date: /workspace/install/sim/share/sim/rviz\n'}
[0.061614] (sim) StdoutLine: {'line': b'-- Up-to-date: /workspace/install/sim/share/sim/rviz/view_robot.rviz\n'}
[0.061735] (sim) StdoutLine: {'line': b'-- Up-to-date: /workspace/install/sim/share/ament_index/resource_index/package_run_dependencies/sim\n'}
[0.061791] (sim) StdoutLine: {'line': b'-- Up-to-date: /workspace/install/sim/share/ament_index/resource_index/parent_prefix_path/sim\n'}
[0.061839] (sim) StdoutLine: {'line': b'-- Up-to-date: /workspace/install/sim/share/sim/environment/ament_prefix_path.sh\n'}
[0.061885] (sim) StdoutLine: {'line': b'-- Up-to-date: /workspace/install/sim/share/sim/environment/ament_prefix_path.dsv\n'}
[0.061931] (sim) StdoutLine: {'line': b'-- Up-to-date: /workspace/install/sim/share/sim/environment/path.sh\n'}
[0.061977] (sim) StdoutLine: {'line': b'-- Up-to-date: /workspace/install/sim/share/sim/environment/path.dsv\n'}
[0.062022] (sim) StdoutLine: {'line': b'-- Up-to-date: /workspace/install/sim/share/sim/local_setup.bash\n'}
[0.062068] (sim) StdoutLine: {'line': b'-- Up-to-date: /workspace/install/sim/share/sim/local_setup.sh\n'}
[0.062113] (sim) StdoutLine: {'line': b'-- Up-to-date: /workspace/install/sim/share/sim/local_setup.zsh\n'}
[0.062158] (sim) StdoutLine: {'line': b'-- Up-to-date: /workspace/install/sim/share/sim/local_setup.dsv\n'}
[0.062202] (sim) StdoutLine: {'line': b'-- Installing: /workspace/install/sim/share/sim/package.dsv\n'}
[0.062245] (sim) StdoutLine: {'line': b'-- Up-to-date: /workspace/install/sim/share/ament_index/resource_index/packages/sim\n'}
[0.062288] (sim) StdoutLine: {'line': b'-- Up-to-date: /workspace/install/sim/share/sim/cmake/simConfig.cmake\n'}
[0.062331] (sim) StdoutLine: {'line': b'-- Up-to-date: /workspace/install/sim/share/sim/cmake/simConfig-version.cmake\n'}
[0.062375] (sim) StdoutLine: {'line': b'-- Up-to-date: /workspace/install/sim/share/sim/package.xml\n'}
[0.062419] (sim) CommandEnded: {'returncode': 0}
[0.079624] (sim) JobEnded: {'identifier': 'sim', 'rc': 0}
[0.080568] (-) EventReactorShutdown: {}
