[0.024s] Invoking command in '/workspace/build/examples_rclcpp_cbg_executor': CMAKE_PREFIX_PATH=/opt/ros/humble /usr/bin/cmake /workspace/src/examples/rclcpp/executors/cbg_executor -DAMENT_CMAKE_SYMLINK_INSTALL=1 -DCMAKE_INSTALL_PREFIX=/workspace/install/examples_rclcpp_cbg_executor
[0.510s] -- The C compiler identification is GNU 11.4.0
[0.649s] -- The CXX compiler identification is GNU 11.4.0
[0.670s] -- Detecting C compiler ABI info
[0.801s] -- Detecting C compiler ABI info - done
[0.809s] -- Check for working C compiler: /usr/bin/cc - skipped
[0.809s] -- Detecting C compile features
[0.810s] -- Detecting C compile features - done
[0.820s] -- Detecting CXX compiler ABI info
[0.907s] -- Detecting CXX compiler ABI info - done
[0.922s] -- Check for working CXX compiler: /usr/bin/c++ - skipped
[0.923s] -- Detecting CXX compile features
[0.926s] -- Detecting CXX compile features - done
[0.928s] -- Found ament_cmake: 1.3.11 (/opt/ros/humble/share/ament_cmake/cmake)
[1.061s] -- Found Python3: /usr/bin/python3 (found version "3.10.12") found components: Interpreter 
[1.118s] -- Override CMake install command with custom implementation using symlinks instead of copying resources
[1.200s] -- Found rclcpp: 16.0.12 (/opt/ros/humble/share/rclcpp/cmake)
[1.262s] -- Found rosidl_generator_c: 3.1.6 (/opt/ros/humble/share/rosidl_generator_c/cmake)
[1.262s] -- Found rosidl_adapter: 3.1.6 (/opt/ros/humble/share/rosidl_adapter/cmake)
[1.265s] -- Found rosidl_generator_cpp: 3.1.6 (/opt/ros/humble/share/rosidl_generator_cpp/cmake)
[1.277s] -- Using all available rosidl_typesupport_c: rosidl_typesupport_fastrtps_c;rosidl_typesupport_introspection_c
[1.292s] -- Using all available rosidl_typesupport_cpp: rosidl_typesupport_fastrtps_cpp;rosidl_typesupport_introspection_cpp
[1.360s] -- Found rmw_implementation_cmake: 6.1.2 (/opt/ros/humble/share/rmw_implementation_cmake/cmake)
[1.361s] -- Found rmw_fastrtps_cpp: 6.2.7 (/opt/ros/humble/share/rmw_fastrtps_cpp/cmake)
[1.456s] -- Found OpenSSL: /usr/lib/aarch64-linux-gnu/libcrypto.so (found version "3.0.2")  
[1.489s] -- Found FastRTPS: /opt/ros/humble/include  
[1.528s] -- Using RMW implementation 'rmw_fastrtps_cpp' as default
[1.536s] -- Looking for pthread.h
[1.653s] -- Looking for pthread.h - found
[1.655s] -- Performing Test CMAKE_HAVE_LIBC_PTHREAD
[1.715s] -- Performing Test CMAKE_HAVE_LIBC_PTHREAD - Success
[1.716s] -- Found Threads: TRUE  
[1.791s] -- Found ament_lint_auto: 0.12.12 (/opt/ros/humble/share/ament_lint_auto/cmake)
[1.858s] -- Added test 'copyright' to check source files copyright and LICENSE
[1.860s] -- Added test 'cppcheck' to perform static code analysis on C / C++ code
[1.860s] -- Configured cppcheck include dirs: /workspace/src/examples/rclcpp/executors/cbg_executor/include
[1.860s] -- Configured cppcheck exclude dirs and/or files: 
[1.865s] -- Added test 'cpplint' to check C / C++ code against the Google style
[1.865s] -- Configured cpplint exclude dirs and/or files: 
[1.866s] -- Added test 'lint_cmake' to check CMake code style
[1.869s] -- Added test 'uncrustify' to check C / C++ code style
[1.869s] -- Configured uncrustify additional arguments: 
[1.871s] -- Added test 'xmllint' to check XML markup files
[1.875s] -- Configuring done
[1.905s] -- Generating done
[1.917s] -- Build files have been written to: /workspace/build/examples_rclcpp_cbg_executor
