[0.028s] Invoking command in '/workspace/build/examples_rclcpp_async_client': CMAKE_PREFIX_PATH=${CMAKE_PREFIX_PATH}:/opt/ros/humble /usr/bin/cmake /workspace/src/examples/rclcpp/services/async_client -DCMAKE_INSTALL_PREFIX=/workspace/install/examples_rclcpp_async_client
[0.179s] -- The C compiler identification is GNU 11.4.0
[0.270s] -- The CXX compiler identification is GNU 11.4.0
[0.281s] -- Detecting C compiler ABI info
[0.417s] -- Detecting C compiler ABI info - done
[0.426s] -- Check for working C compiler: /usr/bin/cc - skipped
[0.428s] -- Detecting C compile features
[0.428s] -- Detecting C compile features - done
[0.432s] -- Detecting CXX compiler ABI info
[0.615s] -- Detecting CXX compiler ABI info - done
[0.636s] -- Check for working CXX compiler: /usr/bin/c++ - skipped
[0.637s] -- Detecting CXX compile features
[0.637s] -- Detecting CXX compile features - done
[0.663s] -- Found ament_cmake: 1.3.11 (/opt/ros/humble/share/ament_cmake/cmake)
[0.847s] -- Found Python3: /usr/bin/python3 (found version "3.10.12") found components: Interpreter 
[1.029s] [31mCMake Error at CMakeLists.txt:14 (find_package):
[1.029s]   By not providing "Findexample_interfaces.cmake" in CMAKE_MODULE_PATH this
[1.029s]   project has asked CMake to find a package configuration file provided by
[1.029s]   "example_interfaces", but CMake did not find one.
[1.029s] 
[1.029s]   Could not find a package configuration file provided by
[1.029s]   "example_interfaces" with any of the following names:
[1.029s] 
[1.029s]     example_interfacesConfig.cmake
[1.030s]     example_interfaces-config.cmake
[1.030s] 
[1.030s]   Add the installation prefix of "example_interfaces" to CMAKE_PREFIX_PATH or
[1.030s]   set "example_interfaces_DIR" to a directory containing one of the above
[1.030s]   files.  If "example_interfaces" provides a separate development package or
[1.030s]   SDK, be sure it has been installed.
[1.030s] 
[1.030s] [0m
[1.030s] -- Configuring incomplete, errors occurred!
[1.031s] See also "/workspace/build/examples_rclcpp_async_client/CMakeFiles/CMakeOutput.log".
