-- The C compiler identification is GNU 11.4.0
-- The CXX compiler identification is GNU 11.4.0
-- Detecting C compiler ABI info
-- Detecting C compiler ABI info - done
-- Check for working C compiler: /usr/bin/cc - skipped
-- Detecting C compile features
-- Detecting C compile features - done
-- Detecting CXX compiler ABI info
-- Detecting CXX compiler ABI info - done
-- Check for working CXX compiler: /usr/bin/c++ - skipped
-- Detecting CXX compile features
-- Detecting CXX compile features - done
-- Found ament_cmake: 1.3.11 (/opt/ros/humble/share/ament_cmake/cmake)
-- Found Python3: /usr/bin/python3 (found version "3.10.12") found components: Interpreter 
-- Found std_msgs: 4.8.0 (/opt/ros/humble/share/std_msgs/cmake)
-- Found rosidl_generator_c: 3.1.6 (/opt/ros/humble/share/rosidl_generator_c/cmake)
-- Found rosidl_adapter: 3.1.6 (/opt/ros/humble/share/rosidl_adapter/cmake)
-- Found rosidl_generator_cpp: 3.1.6 (/opt/ros/humble/share/rosidl_generator_cpp/cmake)
-- Using all available rosidl_typesupport_c: rosidl_typesupport_fastrtps_c;rosidl_typesupport_introspection_c
-- Using all available rosidl_typesupport_cpp: rosidl_typesupport_fastrtps_cpp;rosidl_typesupport_introspection_cpp
-- Found rosidl_default_generators: 1.2.0 (/opt/ros/humble/share/rosidl_default_generators/cmake)
-- Found ament_cmake_ros: 0.10.0 (/opt/ros/humble/share/ament_cmake_ros/cmake)
-- Using all available rosidl_typesupport_c: rosidl_typesupport_fastrtps_c;rosidl_typesupport_introspection_c
-- Using all available rosidl_typesupport_cpp: rosidl_typesupport_fastrtps_cpp;rosidl_typesupport_introspection_cpp
-- Found PythonInterp: /usr/bin/python3 (found suitable version "3.10.12", minimum required is "3.6") 
-- Found python_cmake_module: 0.10.0 (/opt/ros/humble/share/python_cmake_module/cmake)
-- Found PythonLibs: /usr/lib/aarch64-linux-gnu/libpython3.10.so (found suitable version "3.10.12", minimum required is "3.5") 
-- Using PYTHON_EXECUTABLE: /usr/bin/python3
-- Using PYTHON_INCLUDE_DIRS: /usr/include/python3.10
-- Using PYTHON_LIBRARIES: /usr/lib/aarch64-linux-gnu/libpython3.10.so
-- Found PythonExtra: .so  
-- Configuring done
-- Generating done
-- Build files have been written to: /workspace/build/fleet_msgs
[  2%] [34m[1mGenerating C code for ROS interfaces[0m
[  5%] [34m[1mGenerating C++ code for ROS interfaces[0m
[  5%] Built target ament_cmake_python_copy_fleet_msgs
running egg_info
creating fleet_msgs.egg-info
writing fleet_msgs.egg-info/PKG-INFO
writing dependency_links to fleet_msgs.egg-info/dependency_links.txt
writing top-level names to fleet_msgs.egg-info/top_level.txt
writing manifest file 'fleet_msgs.egg-info/SOURCES.txt'
reading manifest file 'fleet_msgs.egg-info/SOURCES.txt'
writing manifest file 'fleet_msgs.egg-info/SOURCES.txt'
[  5%] Built target ament_cmake_python_build_fleet_msgs_egg
[ 10%] Built target fleet_msgs__cpp
[ 10%] [32mBuilding C object CMakeFiles/fleet_msgs__rosidl_generator_c.dir/rosidl_generator_c/fleet_msgs/msg/detail/battery_status__functions.c.o[0m
[ 10%] [32mBuilding C object CMakeFiles/fleet_msgs__rosidl_generator_c.dir/rosidl_generator_c/fleet_msgs/msg/detail/mass_reading__functions.c.o[0m
[ 12%] [34m[1mGenerating C++ type support dispatch for ROS interfaces[0m
[ 15%] [34m[1mGenerating C++ type support for eProsima Fast-RTPS[0m
[ 17%] [34m[1mGenerating C++ introspection for ROS interfaces[0m
[ 20%] [32m[1mLinking C shared library libfleet_msgs__rosidl_generator_c.so[0m
[ 20%] Built target fleet_msgs__rosidl_generator_c
[ 23%] [34m[1mGenerating C type support for eProsima Fast-RTPS[0m
[ 25%] [34m[1mGenerating C introspection for ROS interfaces[0m
[ 28%] [34m[1mGenerating C type support dispatch for ROS interfaces[0m
[ 30%] [32mBuilding CXX object CMakeFiles/fleet_msgs__rosidl_typesupport_cpp.dir/rosidl_typesupport_cpp/fleet_msgs/msg/mass_reading__type_support.cpp.o[0m
[ 33%] [32mBuilding CXX object CMakeFiles/fleet_msgs__rosidl_typesupport_cpp.dir/rosidl_typesupport_cpp/fleet_msgs/msg/battery_status__type_support.cpp.o[0m
[ 35%] [32mBuilding CXX object CMakeFiles/fleet_msgs__rosidl_typesupport_fastrtps_cpp.dir/rosidl_typesupport_fastrtps_cpp/fleet_msgs/msg/detail/dds_fastrtps/mass_reading__type_support.cpp.o[0m
[ 38%] [32mBuilding CXX object CMakeFiles/fleet_msgs__rosidl_typesupport_fastrtps_cpp.dir/rosidl_typesupport_fastrtps_cpp/fleet_msgs/msg/detail/dds_fastrtps/battery_status__type_support.cpp.o[0m
[ 41%] [32mBuilding CXX object CMakeFiles/fleet_msgs__rosidl_typesupport_introspection_cpp.dir/rosidl_typesupport_introspection_cpp/fleet_msgs/msg/detail/mass_reading__type_support.cpp.o[0m
[ 43%] [32mBuilding C object CMakeFiles/fleet_msgs__rosidl_typesupport_introspection_c.dir/rosidl_typesupport_introspection_c/fleet_msgs/msg/detail/mass_reading__type_support.c.o[0m
[ 46%] [32mBuilding CXX object CMakeFiles/fleet_msgs__rosidl_typesupport_c.dir/rosidl_typesupport_c/fleet_msgs/msg/mass_reading__type_support.cpp.o[0m
[ 48%] [32mBuilding C object CMakeFiles/fleet_msgs__rosidl_typesupport_introspection_c.dir/rosidl_typesupport_introspection_c/fleet_msgs/msg/detail/battery_status__type_support.c.o[0m
[ 51%] [32mBuilding CXX object CMakeFiles/fleet_msgs__rosidl_typesupport_fastrtps_c.dir/rosidl_typesupport_fastrtps_c/fleet_msgs/msg/detail/mass_reading__type_support_c.cpp.o[0m
[ 53%] [32mBuilding CXX object CMakeFiles/fleet_msgs__rosidl_typesupport_c.dir/rosidl_typesupport_c/fleet_msgs/msg/battery_status__type_support.cpp.o[0m
[ 56%] [32m[1mLinking CXX shared library libfleet_msgs__rosidl_typesupport_c.so[0m
[ 58%] [32m[1mLinking C shared library libfleet_msgs__rosidl_typesupport_introspection_c.so[0m
[ 58%] Built target fleet_msgs__rosidl_typesupport_c
[ 61%] [32mBuilding CXX object CMakeFiles/fleet_msgs__rosidl_typesupport_fastrtps_c.dir/rosidl_typesupport_fastrtps_c/fleet_msgs/msg/detail/battery_status__type_support_c.cpp.o[0m
[ 61%] Built target fleet_msgs__rosidl_typesupport_introspection_c
[ 64%] [32mBuilding CXX object CMakeFiles/fleet_msgs__rosidl_typesupport_introspection_cpp.dir/rosidl_typesupport_introspection_cpp/fleet_msgs/msg/detail/battery_status__type_support.cpp.o[0m
[ 66%] [32m[1mLinking CXX shared library libfleet_msgs__rosidl_typesupport_cpp.so[0m
[ 66%] Built target fleet_msgs__rosidl_typesupport_cpp
[ 69%] [32m[1mLinking CXX shared library libfleet_msgs__rosidl_typesupport_fastrtps_cpp.so[0m
[ 69%] Built target fleet_msgs__rosidl_typesupport_fastrtps_cpp
[ 71%] [32m[1mLinking CXX shared library libfleet_msgs__rosidl_typesupport_fastrtps_c.so[0m
[ 74%] [32m[1mLinking CXX shared library libfleet_msgs__rosidl_typesupport_introspection_cpp.so[0m
[ 74%] Built target fleet_msgs__rosidl_typesupport_fastrtps_c
[ 74%] Built target fleet_msgs__rosidl_typesupport_introspection_cpp
[ 74%] Built target fleet_msgs
[ 76%] [34m[1mGenerating Python code for ROS interfaces[0m
[ 76%] Built target fleet_msgs__py
[ 82%] [32mBuilding C object CMakeFiles/fleet_msgs__rosidl_generator_py.dir/rosidl_generator_py/fleet_msgs/msg/_mass_reading_s.c.o[0m
[ 82%] [32mBuilding C object CMakeFiles/fleet_msgs__rosidl_generator_py.dir/rosidl_generator_py/fleet_msgs/msg/_battery_status_s.c.o[0m
[ 84%] [32m[1mLinking C shared library rosidl_generator_py/fleet_msgs/libfleet_msgs__rosidl_generator_py.so[0m
[ 84%] Built target fleet_msgs__rosidl_generator_py
[ 89%] [32mBuilding C object CMakeFiles/fleet_msgs__rosidl_typesupport_introspection_c__pyext.dir/rosidl_generator_py/fleet_msgs/_fleet_msgs_s.ep.rosidl_typesupport_introspection_c.c.o[0m
[ 89%] [32mBuilding C object CMakeFiles/fleet_msgs__rosidl_typesupport_fastrtps_c__pyext.dir/rosidl_generator_py/fleet_msgs/_fleet_msgs_s.ep.rosidl_typesupport_fastrtps_c.c.o[0m
[ 92%] [32mBuilding C object CMakeFiles/fleet_msgs__rosidl_typesupport_c__pyext.dir/rosidl_generator_py/fleet_msgs/_fleet_msgs_s.ep.rosidl_typesupport_c.c.o[0m
[ 94%] [32m[1mLinking C shared library rosidl_generator_py/fleet_msgs/fleet_msgs_s__rosidl_typesupport_introspection_c.cpython-310-aarch64-linux-gnu.so[0m
[100%] [32m[1mLinking C shared library rosidl_generator_py/fleet_msgs/fleet_msgs_s__rosidl_typesupport_c.cpython-310-aarch64-linux-gnu.so[0m
[100%] [32m[1mLinking C shared library rosidl_generator_py/fleet_msgs/fleet_msgs_s__rosidl_typesupport_fastrtps_c.cpython-310-aarch64-linux-gnu.so[0m
[100%] Built target fleet_msgs__rosidl_typesupport_c__pyext
[100%] Built target fleet_msgs__rosidl_typesupport_introspection_c__pyext
[100%] Built target fleet_msgs__rosidl_typesupport_fastrtps_c__pyext
-- Install configuration: ""
-- Installing: /workspace/install/fleet_msgs/share/ament_index/resource_index/rosidl_interfaces/fleet_msgs
-- Installing: /workspace/install/fleet_msgs/include/fleet_msgs/fleet_msgs
-- Installing: /workspace/install/fleet_msgs/include/fleet_msgs/fleet_msgs/msg
-- Installing: /workspace/install/fleet_msgs/include/fleet_msgs/fleet_msgs/msg/rosidl_generator_c__visibility_control.h
-- Installing: /workspace/install/fleet_msgs/include/fleet_msgs/fleet_msgs/msg/battery_status.h
-- Installing: /workspace/install/fleet_msgs/include/fleet_msgs/fleet_msgs/msg/detail
-- Installing: /workspace/install/fleet_msgs/include/fleet_msgs/fleet_msgs/msg/detail/mass_reading__functions.c
-- Installing: /workspace/install/fleet_msgs/include/fleet_msgs/fleet_msgs/msg/detail/battery_status__type_support.h
-- Installing: /workspace/install/fleet_msgs/include/fleet_msgs/fleet_msgs/msg/detail/battery_status__functions.h
-- Installing: /workspace/install/fleet_msgs/include/fleet_msgs/fleet_msgs/msg/detail/battery_status__struct.h
-- Installing: /workspace/install/fleet_msgs/include/fleet_msgs/fleet_msgs/msg/detail/mass_reading__functions.h
-- Installing: /workspace/install/fleet_msgs/include/fleet_msgs/fleet_msgs/msg/detail/battery_status__functions.c
-- Installing: /workspace/install/fleet_msgs/include/fleet_msgs/fleet_msgs/msg/detail/mass_reading__struct.h
-- Installing: /workspace/install/fleet_msgs/include/fleet_msgs/fleet_msgs/msg/detail/mass_reading__type_support.h
-- Installing: /workspace/install/fleet_msgs/include/fleet_msgs/fleet_msgs/msg/mass_reading.h
-- Installing: /workspace/install/fleet_msgs/share/fleet_msgs/environment/library_path.sh
-- Installing: /workspace/install/fleet_msgs/share/fleet_msgs/environment/library_path.dsv
-- Installing: /workspace/install/fleet_msgs/lib/libfleet_msgs__rosidl_generator_c.so
-- Set runtime path of "/workspace/install/fleet_msgs/lib/libfleet_msgs__rosidl_generator_c.so" to ""
-- Up-to-date: /workspace/install/fleet_msgs/include/fleet_msgs/fleet_msgs
-- Up-to-date: /workspace/install/fleet_msgs/include/fleet_msgs/fleet_msgs/msg
-- Up-to-date: /workspace/install/fleet_msgs/include/fleet_msgs/fleet_msgs/msg/detail
-- Installing: /workspace/install/fleet_msgs/include/fleet_msgs/fleet_msgs/msg/detail/mass_reading__rosidl_typesupport_fastrtps_c.h
-- Installing: /workspace/install/fleet_msgs/include/fleet_msgs/fleet_msgs/msg/detail/battery_status__rosidl_typesupport_fastrtps_c.h
-- Installing: /workspace/install/fleet_msgs/include/fleet_msgs/fleet_msgs/msg/rosidl_typesupport_fastrtps_c__visibility_control.h
-- Installing: /workspace/install/fleet_msgs/lib/libfleet_msgs__rosidl_typesupport_fastrtps_c.so
-- Set runtime path of "/workspace/install/fleet_msgs/lib/libfleet_msgs__rosidl_typesupport_fastrtps_c.so" to ""
-- Up-to-date: /workspace/install/fleet_msgs/include/fleet_msgs/fleet_msgs
-- Up-to-date: /workspace/install/fleet_msgs/include/fleet_msgs/fleet_msgs/msg
-- Up-to-date: /workspace/install/fleet_msgs/include/fleet_msgs/fleet_msgs/msg/detail
-- Installing: /workspace/install/fleet_msgs/include/fleet_msgs/fleet_msgs/msg/detail/mass_reading__type_support.hpp
-- Installing: /workspace/install/fleet_msgs/include/fleet_msgs/fleet_msgs/msg/detail/battery_status__struct.hpp
-- Installing: /workspace/install/fleet_msgs/include/fleet_msgs/fleet_msgs/msg/detail/mass_reading__builder.hpp
-- Installing: /workspace/install/fleet_msgs/include/fleet_msgs/fleet_msgs/msg/detail/mass_reading__traits.hpp
-- Installing: /workspace/install/fleet_msgs/include/fleet_msgs/fleet_msgs/msg/detail/battery_status__traits.hpp
-- Installing: /workspace/install/fleet_msgs/include/fleet_msgs/fleet_msgs/msg/detail/battery_status__builder.hpp
-- Installing: /workspace/install/fleet_msgs/include/fleet_msgs/fleet_msgs/msg/detail/battery_status__type_support.hpp
-- Installing: /workspace/install/fleet_msgs/include/fleet_msgs/fleet_msgs/msg/detail/mass_reading__struct.hpp
-- Installing: /workspace/install/fleet_msgs/include/fleet_msgs/fleet_msgs/msg/rosidl_generator_cpp__visibility_control.hpp
-- Installing: /workspace/install/fleet_msgs/include/fleet_msgs/fleet_msgs/msg/battery_status.hpp
-- Installing: /workspace/install/fleet_msgs/include/fleet_msgs/fleet_msgs/msg/mass_reading.hpp
-- Up-to-date: /workspace/install/fleet_msgs/include/fleet_msgs/fleet_msgs
-- Up-to-date: /workspace/install/fleet_msgs/include/fleet_msgs/fleet_msgs/msg
-- Installing: /workspace/install/fleet_msgs/include/fleet_msgs/fleet_msgs/msg/rosidl_typesupport_fastrtps_cpp__visibility_control.h
-- Up-to-date: /workspace/install/fleet_msgs/include/fleet_msgs/fleet_msgs/msg/detail
-- Installing: /workspace/install/fleet_msgs/include/fleet_msgs/fleet_msgs/msg/detail/battery_status__rosidl_typesupport_fastrtps_cpp.hpp
-- Installing: /workspace/install/fleet_msgs/include/fleet_msgs/fleet_msgs/msg/detail/mass_reading__rosidl_typesupport_fastrtps_cpp.hpp
-- Installing: /workspace/install/fleet_msgs/include/fleet_msgs/fleet_msgs/msg/detail/dds_fastrtps
-- Installing: /workspace/install/fleet_msgs/lib/libfleet_msgs__rosidl_typesupport_fastrtps_cpp.so
-- Set runtime path of "/workspace/install/fleet_msgs/lib/libfleet_msgs__rosidl_typesupport_fastrtps_cpp.so" to ""
-- Up-to-date: /workspace/install/fleet_msgs/include/fleet_msgs/fleet_msgs
-- Up-to-date: /workspace/install/fleet_msgs/include/fleet_msgs/fleet_msgs/msg
-- Up-to-date: /workspace/install/fleet_msgs/include/fleet_msgs/fleet_msgs/msg/detail
-- Installing: /workspace/install/fleet_msgs/include/fleet_msgs/fleet_msgs/msg/detail/battery_status__rosidl_typesupport_introspection_c.h
-- Installing: /workspace/install/fleet_msgs/include/fleet_msgs/fleet_msgs/msg/detail/mass_reading__rosidl_typesupport_introspection_c.h
-- Installing: /workspace/install/fleet_msgs/include/fleet_msgs/fleet_msgs/msg/detail/mass_reading__type_support.c
-- Installing: /workspace/install/fleet_msgs/include/fleet_msgs/fleet_msgs/msg/detail/battery_status__type_support.c
-- Installing: /workspace/install/fleet_msgs/include/fleet_msgs/fleet_msgs/msg/rosidl_typesupport_introspection_c__visibility_control.h
-- Installing: /workspace/install/fleet_msgs/lib/libfleet_msgs__rosidl_typesupport_introspection_c.so
-- Set runtime path of "/workspace/install/fleet_msgs/lib/libfleet_msgs__rosidl_typesupport_introspection_c.so" to ""
-- Installing: /workspace/install/fleet_msgs/lib/libfleet_msgs__rosidl_typesupport_c.so
-- Set runtime path of "/workspace/install/fleet_msgs/lib/libfleet_msgs__rosidl_typesupport_c.so" to ""
-- Up-to-date: /workspace/install/fleet_msgs/include/fleet_msgs/fleet_msgs
-- Up-to-date: /workspace/install/fleet_msgs/include/fleet_msgs/fleet_msgs/msg
-- Up-to-date: /workspace/install/fleet_msgs/include/fleet_msgs/fleet_msgs/msg/detail
-- Installing: /workspace/install/fleet_msgs/include/fleet_msgs/fleet_msgs/msg/detail/battery_status__type_support.cpp
-- Installing: /workspace/install/fleet_msgs/include/fleet_msgs/fleet_msgs/msg/detail/battery_status__rosidl_typesupport_introspection_cpp.hpp
-- Installing: /workspace/install/fleet_msgs/include/fleet_msgs/fleet_msgs/msg/detail/mass_reading__type_support.cpp
-- Installing: /workspace/install/fleet_msgs/include/fleet_msgs/fleet_msgs/msg/detail/mass_reading__rosidl_typesupport_introspection_cpp.hpp
-- Installing: /workspace/install/fleet_msgs/lib/libfleet_msgs__rosidl_typesupport_introspection_cpp.so
-- Set runtime path of "/workspace/install/fleet_msgs/lib/libfleet_msgs__rosidl_typesupport_introspection_cpp.so" to ""
-- Installing: /workspace/install/fleet_msgs/lib/libfleet_msgs__rosidl_typesupport_cpp.so
-- Set runtime path of "/workspace/install/fleet_msgs/lib/libfleet_msgs__rosidl_typesupport_cpp.so" to ""
-- Installing: /workspace/install/fleet_msgs/share/fleet_msgs/environment/pythonpath.sh
-- Installing: /workspace/install/fleet_msgs/share/fleet_msgs/environment/pythonpath.dsv
-- Installing: /workspace/install/fleet_msgs/local/lib/python3.10/dist-packages/fleet_msgs-0.1.0-py3.10.egg-info
-- Installing: /workspace/install/fleet_msgs/local/lib/python3.10/dist-packages/fleet_msgs-0.1.0-py3.10.egg-info/PKG-INFO
-- Installing: /workspace/install/fleet_msgs/local/lib/python3.10/dist-packages/fleet_msgs-0.1.0-py3.10.egg-info/SOURCES.txt
-- Installing: /workspace/install/fleet_msgs/local/lib/python3.10/dist-packages/fleet_msgs-0.1.0-py3.10.egg-info/top_level.txt
-- Installing: /workspace/install/fleet_msgs/local/lib/python3.10/dist-packages/fleet_msgs-0.1.0-py3.10.egg-info/dependency_links.txt
-- Installing: /workspace/install/fleet_msgs/local/lib/python3.10/dist-packages/fleet_msgs
-- Installing: /workspace/install/fleet_msgs/local/lib/python3.10/dist-packages/fleet_msgs/_fleet_msgs_s.ep.rosidl_typesupport_introspection_c.c
-- Installing: /workspace/install/fleet_msgs/local/lib/python3.10/dist-packages/fleet_msgs/msg
-- Installing: /workspace/install/fleet_msgs/local/lib/python3.10/dist-packages/fleet_msgs/msg/_mass_reading_s.c
-- Installing: /workspace/install/fleet_msgs/local/lib/python3.10/dist-packages/fleet_msgs/msg/_battery_status.py
-- Installing: /workspace/install/fleet_msgs/local/lib/python3.10/dist-packages/fleet_msgs/msg/__init__.py
-- Installing: /workspace/install/fleet_msgs/local/lib/python3.10/dist-packages/fleet_msgs/msg/_mass_reading.py
-- Installing: /workspace/install/fleet_msgs/local/lib/python3.10/dist-packages/fleet_msgs/msg/_battery_status_s.c
-- Installing: /workspace/install/fleet_msgs/local/lib/python3.10/dist-packages/fleet_msgs/fleet_msgs_s__rosidl_typesupport_fastrtps_c.cpython-310-aarch64-linux-gnu.so
-- Installing: /workspace/install/fleet_msgs/local/lib/python3.10/dist-packages/fleet_msgs/__init__.py
-- Installing: /workspace/install/fleet_msgs/local/lib/python3.10/dist-packages/fleet_msgs/_fleet_msgs_s.ep.rosidl_typesupport_fastrtps_c.c
-- Installing: /workspace/install/fleet_msgs/local/lib/python3.10/dist-packages/fleet_msgs/_fleet_msgs_s.ep.rosidl_typesupport_c.c
-- Installing: /workspace/install/fleet_msgs/local/lib/python3.10/dist-packages/fleet_msgs/fleet_msgs_s__rosidl_typesupport_introspection_c.cpython-310-aarch64-linux-gnu.so
-- Installing: /workspace/install/fleet_msgs/local/lib/python3.10/dist-packages/fleet_msgs/libfleet_msgs__rosidl_generator_py.so
-- Installing: /workspace/install/fleet_msgs/local/lib/python3.10/dist-packages/fleet_msgs/fleet_msgs_s__rosidl_typesupport_c.cpython-310-aarch64-linux-gnu.so
Listing '/workspace/install/fleet_msgs/local/lib/python3.10/dist-packages/fleet_msgs'...
Compiling '/workspace/install/fleet_msgs/local/lib/python3.10/dist-packages/fleet_msgs/__init__.py'...
Listing '/workspace/install/fleet_msgs/local/lib/python3.10/dist-packages/fleet_msgs/msg'...
Compiling '/workspace/install/fleet_msgs/local/lib/python3.10/dist-packages/fleet_msgs/msg/__init__.py'...
Compiling '/workspace/install/fleet_msgs/local/lib/python3.10/dist-packages/fleet_msgs/msg/_battery_status.py'...
Compiling '/workspace/install/fleet_msgs/local/lib/python3.10/dist-packages/fleet_msgs/msg/_mass_reading.py'...
-- Installing: /workspace/install/fleet_msgs/local/lib/python3.10/dist-packages/fleet_msgs/fleet_msgs_s__rosidl_typesupport_fastrtps_c.cpython-310-aarch64-linux-gnu.so
-- Set runtime path of "/workspace/install/fleet_msgs/local/lib/python3.10/dist-packages/fleet_msgs/fleet_msgs_s__rosidl_typesupport_fastrtps_c.cpython-310-aarch64-linux-gnu.so" to ""
-- Installing: /workspace/install/fleet_msgs/local/lib/python3.10/dist-packages/fleet_msgs/fleet_msgs_s__rosidl_typesupport_introspection_c.cpython-310-aarch64-linux-gnu.so
-- Set runtime path of "/workspace/install/fleet_msgs/local/lib/python3.10/dist-packages/fleet_msgs/fleet_msgs_s__rosidl_typesupport_introspection_c.cpython-310-aarch64-linux-gnu.so" to ""
-- Installing: /workspace/install/fleet_msgs/local/lib/python3.10/dist-packages/fleet_msgs/fleet_msgs_s__rosidl_typesupport_c.cpython-310-aarch64-linux-gnu.so
-- Set runtime path of "/workspace/install/fleet_msgs/local/lib/python3.10/dist-packages/fleet_msgs/fleet_msgs_s__rosidl_typesupport_c.cpython-310-aarch64-linux-gnu.so" to ""
-- Installing: /workspace/install/fleet_msgs/lib/libfleet_msgs__rosidl_generator_py.so
-- Set runtime path of "/workspace/install/fleet_msgs/lib/libfleet_msgs__rosidl_generator_py.so" to ""
-- Installing: /workspace/install/fleet_msgs/share/fleet_msgs/msg/MassReading.idl
-- Installing: /workspace/install/fleet_msgs/share/fleet_msgs/msg/BatteryStatus.idl
-- Installing: /workspace/install/fleet_msgs/share/fleet_msgs/msg/MassReading.msg
-- Installing: /workspace/install/fleet_msgs/share/fleet_msgs/msg/BatteryStatus.msg
-- Installing: /workspace/install/fleet_msgs/share/ament_index/resource_index/package_run_dependencies/fleet_msgs
-- Installing: /workspace/install/fleet_msgs/share/ament_index/resource_index/parent_prefix_path/fleet_msgs
-- Installing: /workspace/install/fleet_msgs/share/fleet_msgs/environment/ament_prefix_path.sh
-- Installing: /workspace/install/fleet_msgs/share/fleet_msgs/environment/ament_prefix_path.dsv
-- Installing: /workspace/install/fleet_msgs/share/fleet_msgs/environment/path.sh
-- Installing: /workspace/install/fleet_msgs/share/fleet_msgs/environment/path.dsv
-- Installing: /workspace/install/fleet_msgs/share/fleet_msgs/local_setup.bash
-- Installing: /workspace/install/fleet_msgs/share/fleet_msgs/local_setup.sh
-- Installing: /workspace/install/fleet_msgs/share/fleet_msgs/local_setup.zsh
-- Installing: /workspace/install/fleet_msgs/share/fleet_msgs/local_setup.dsv
-- Installing: /workspace/install/fleet_msgs/share/fleet_msgs/package.dsv
-- Installing: /workspace/install/fleet_msgs/share/ament_index/resource_index/packages/fleet_msgs
-- Installing: /workspace/install/fleet_msgs/share/fleet_msgs/cmake/export_fleet_msgs__rosidl_generator_cExport.cmake
-- Installing: /workspace/install/fleet_msgs/share/fleet_msgs/cmake/export_fleet_msgs__rosidl_generator_cExport-noconfig.cmake
-- Installing: /workspace/install/fleet_msgs/share/fleet_msgs/cmake/export_fleet_msgs__rosidl_typesupport_fastrtps_cExport.cmake
-- Installing: /workspace/install/fleet_msgs/share/fleet_msgs/cmake/export_fleet_msgs__rosidl_typesupport_fastrtps_cExport-noconfig.cmake
-- Installing: /workspace/install/fleet_msgs/share/fleet_msgs/cmake/export_fleet_msgs__rosidl_generator_cppExport.cmake
-- Installing: /workspace/install/fleet_msgs/share/fleet_msgs/cmake/export_fleet_msgs__rosidl_typesupport_fastrtps_cppExport.cmake
-- Installing: /workspace/install/fleet_msgs/share/fleet_msgs/cmake/export_fleet_msgs__rosidl_typesupport_fastrtps_cppExport-noconfig.cmake
-- Installing: /workspace/install/fleet_msgs/share/fleet_msgs/cmake/fleet_msgs__rosidl_typesupport_introspection_cExport.cmake
-- Installing: /workspace/install/fleet_msgs/share/fleet_msgs/cmake/fleet_msgs__rosidl_typesupport_introspection_cExport-noconfig.cmake
-- Installing: /workspace/install/fleet_msgs/share/fleet_msgs/cmake/fleet_msgs__rosidl_typesupport_cExport.cmake
-- Installing: /workspace/install/fleet_msgs/share/fleet_msgs/cmake/fleet_msgs__rosidl_typesupport_cExport-noconfig.cmake
-- Installing: /workspace/install/fleet_msgs/share/fleet_msgs/cmake/fleet_msgs__rosidl_typesupport_introspection_cppExport.cmake
-- Installing: /workspace/install/fleet_msgs/share/fleet_msgs/cmake/fleet_msgs__rosidl_typesupport_introspection_cppExport-noconfig.cmake
-- Installing: /workspace/install/fleet_msgs/share/fleet_msgs/cmake/fleet_msgs__rosidl_typesupport_cppExport.cmake
-- Installing: /workspace/install/fleet_msgs/share/fleet_msgs/cmake/fleet_msgs__rosidl_typesupport_cppExport-noconfig.cmake
-- Installing: /workspace/install/fleet_msgs/share/fleet_msgs/cmake/export_fleet_msgs__rosidl_generator_pyExport.cmake
-- Installing: /workspace/install/fleet_msgs/share/fleet_msgs/cmake/export_fleet_msgs__rosidl_generator_pyExport-noconfig.cmake
-- Installing: /workspace/install/fleet_msgs/share/fleet_msgs/cmake/rosidl_cmake-extras.cmake
-- Installing: /workspace/install/fleet_msgs/share/fleet_msgs/cmake/ament_cmake_export_dependencies-extras.cmake
-- Installing: /workspace/install/fleet_msgs/share/fleet_msgs/cmake/ament_cmake_export_include_directories-extras.cmake
-- Installing: /workspace/install/fleet_msgs/share/fleet_msgs/cmake/ament_cmake_export_libraries-extras.cmake
-- Installing: /workspace/install/fleet_msgs/share/fleet_msgs/cmake/ament_cmake_export_targets-extras.cmake
-- Installing: /workspace/install/fleet_msgs/share/fleet_msgs/cmake/rosidl_cmake_export_typesupport_targets-extras.cmake
-- Installing: /workspace/install/fleet_msgs/share/fleet_msgs/cmake/rosidl_cmake_export_typesupport_libraries-extras.cmake
-- Installing: /workspace/install/fleet_msgs/share/fleet_msgs/cmake/fleet_msgsConfig.cmake
-- Installing: /workspace/install/fleet_msgs/share/fleet_msgs/cmake/fleet_msgsConfig-version.cmake
-- Installing: /workspace/install/fleet_msgs/share/fleet_msgs/package.xml
