[0.018s] Invoking command in '/workspace/build/fleet_msgs': CMAKE_PREFIX_PATH=${CMAKE_PREFIX_PATH}:/opt/ros/humble /usr/bin/cmake /workspace/src/fleet_msgs -DCMAKE_INSTALL_PREFIX=/workspace/install/fleet_msgs
[0.212s] -- The C compiler identification is GNU 11.4.0
[0.327s] -- The CXX compiler identification is GNU 11.4.0
[0.334s] -- Detecting C compiler ABI info
[0.394s] -- Detecting C compiler ABI info - done
[0.399s] -- Check for working C compiler: /usr/bin/cc - skipped
[0.399s] -- Detecting C compile features
[0.400s] -- Detecting C compile features - done
[0.403s] -- Detecting CXX compiler ABI info
[0.464s] -- Detecting CXX compiler ABI info - done
[0.469s] -- Check for working CXX compiler: /usr/bin/c++ - skipped
[0.469s] -- Detecting CXX compile features
[0.470s] -- Detecting CXX compile features - done
[0.473s] -- Found ament_cmake: 1.3.11 (/opt/ros/humble/share/ament_cmake/cmake)
[0.561s] -- Found Python3: /usr/bin/python3 (found version "3.10.12") found components: Interpreter 
[0.619s] -- Found std_msgs: 4.8.0 (/opt/ros/humble/share/std_msgs/cmake)
[0.656s] -- Found rosidl_generator_c: 3.1.6 (/opt/ros/humble/share/rosidl_generator_c/cmake)
[0.660s] -- Found rosidl_adapter: 3.1.6 (/opt/ros/humble/share/rosidl_adapter/cmake)
[0.666s] -- Found rosidl_generator_cpp: 3.1.6 (/opt/ros/humble/share/rosidl_generator_cpp/cmake)
[0.675s] -- Using all available rosidl_typesupport_c: rosidl_typesupport_fastrtps_c;rosidl_typesupport_introspection_c
[0.686s] -- Using all available rosidl_typesupport_cpp: rosidl_typesupport_fastrtps_cpp;rosidl_typesupport_introspection_cpp
[0.706s] -- Found rosidl_default_generators: 1.2.0 (/opt/ros/humble/share/rosidl_default_generators/cmake)
[0.893s] -- Found ament_cmake_ros: 0.10.0 (/opt/ros/humble/share/ament_cmake_ros/cmake)
[1.133s] -- Using all available rosidl_typesupport_c: rosidl_typesupport_fastrtps_c;rosidl_typesupport_introspection_c
[1.218s] -- Using all available rosidl_typesupport_cpp: rosidl_typesupport_fastrtps_cpp;rosidl_typesupport_introspection_cpp
[1.230s] -- Found PythonInterp: /usr/bin/python3 (found suitable version "3.10.12", minimum required is "3.6") 
[1.231s] -- Found python_cmake_module: 0.10.0 (/opt/ros/humble/share/python_cmake_module/cmake)
[1.250s] -- Found PythonLibs: /usr/lib/aarch64-linux-gnu/libpython3.10.so (found suitable version "3.10.12", minimum required is "3.5") 
[1.250s] -- Using PYTHON_EXECUTABLE: /usr/bin/python3
[1.250s] -- Using PYTHON_INCLUDE_DIRS: /usr/include/python3.10
[1.250s] -- Using PYTHON_LIBRARIES: /usr/lib/aarch64-linux-gnu/libpython3.10.so
[1.262s] -- Found PythonExtra: .so  
[1.311s] -- Configuring done
[1.383s] -- Generating done
[1.403s] -- Build files have been written to: /workspace/build/fleet_msgs
[1.408s] Invoked command in '/workspace/build/fleet_msgs' returned '0': CMAKE_PREFIX_PATH=${CMAKE_PREFIX_PATH}:/opt/ros/humble /usr/bin/cmake /workspace/src/fleet_msgs -DCMAKE_INSTALL_PREFIX=/workspace/install/fleet_msgs
[1.408s] Invoking command in '/workspace/build/fleet_msgs': CMAKE_PREFIX_PATH=${CMAKE_PREFIX_PATH}:/opt/ros/humble /usr/bin/cmake --build /workspace/build/fleet_msgs -- -j8 -l8
[1.434s] [  2%] [34m[1mGenerating C code for ROS interfaces[0m
[1.441s] [  5%] [34m[1mGenerating C++ code for ROS interfaces[0m
[1.445s] [  5%] Built target ament_cmake_python_copy_fleet_msgs
[1.566s] running egg_info
[1.567s] creating fleet_msgs.egg-info
[1.567s] writing fleet_msgs.egg-info/PKG-INFO
[1.567s] writing dependency_links to fleet_msgs.egg-info/dependency_links.txt
[1.567s] writing top-level names to fleet_msgs.egg-info/top_level.txt
[1.567s] writing manifest file 'fleet_msgs.egg-info/SOURCES.txt'
[1.569s] reading manifest file 'fleet_msgs.egg-info/SOURCES.txt'
[1.569s] writing manifest file 'fleet_msgs.egg-info/SOURCES.txt'
[1.585s] [  5%] Built target ament_cmake_python_build_fleet_msgs_egg
[1.749s] [ 10%] Built target fleet_msgs__cpp
[1.749s] [ 10%] [32mBuilding C object CMakeFiles/fleet_msgs__rosidl_generator_c.dir/rosidl_generator_c/fleet_msgs/msg/detail/battery_status__functions.c.o[0m
[1.749s] [ 10%] [32mBuilding C object CMakeFiles/fleet_msgs__rosidl_generator_c.dir/rosidl_generator_c/fleet_msgs/msg/detail/mass_reading__functions.c.o[0m
[1.892s] [ 12%] [34m[1mGenerating C++ type support dispatch for ROS interfaces[0m
[1.892s] [ 15%] [34m[1mGenerating C++ type support for eProsima Fast-RTPS[0m
[1.925s] [ 17%] [34m[1mGenerating C++ introspection for ROS interfaces[0m
[2.039s] [ 20%] [32m[1mLinking C shared library libfleet_msgs__rosidl_generator_c.so[0m
[2.072s] [ 20%] Built target fleet_msgs__rosidl_generator_c
[2.085s] [ 23%] [34m[1mGenerating C type support for eProsima Fast-RTPS[0m
[2.089s] [ 25%] [34m[1mGenerating C introspection for ROS interfaces[0m
[2.090s] [ 28%] [34m[1mGenerating C type support dispatch for ROS interfaces[0m
[2.320s] [ 30%] [32mBuilding CXX object CMakeFiles/fleet_msgs__rosidl_typesupport_cpp.dir/rosidl_typesupport_cpp/fleet_msgs/msg/mass_reading__type_support.cpp.o[0m
[2.338s] [ 33%] [32mBuilding CXX object CMakeFiles/fleet_msgs__rosidl_typesupport_cpp.dir/rosidl_typesupport_cpp/fleet_msgs/msg/battery_status__type_support.cpp.o[0m
[2.383s] [ 35%] [32mBuilding CXX object CMakeFiles/fleet_msgs__rosidl_typesupport_fastrtps_cpp.dir/rosidl_typesupport_fastrtps_cpp/fleet_msgs/msg/detail/dds_fastrtps/mass_reading__type_support.cpp.o[0m
[2.388s] [ 38%] [32mBuilding CXX object CMakeFiles/fleet_msgs__rosidl_typesupport_fastrtps_cpp.dir/rosidl_typesupport_fastrtps_cpp/fleet_msgs/msg/detail/dds_fastrtps/battery_status__type_support.cpp.o[0m
[2.395s] [ 41%] [32mBuilding CXX object CMakeFiles/fleet_msgs__rosidl_typesupport_introspection_cpp.dir/rosidl_typesupport_introspection_cpp/fleet_msgs/msg/detail/mass_reading__type_support.cpp.o[0m
[2.455s] [ 43%] [32mBuilding C object CMakeFiles/fleet_msgs__rosidl_typesupport_introspection_c.dir/rosidl_typesupport_introspection_c/fleet_msgs/msg/detail/mass_reading__type_support.c.o[0m
[2.467s] [ 46%] [32mBuilding CXX object CMakeFiles/fleet_msgs__rosidl_typesupport_c.dir/rosidl_typesupport_c/fleet_msgs/msg/mass_reading__type_support.cpp.o[0m
[2.501s] [ 48%] [32mBuilding C object CMakeFiles/fleet_msgs__rosidl_typesupport_introspection_c.dir/rosidl_typesupport_introspection_c/fleet_msgs/msg/detail/battery_status__type_support.c.o[0m
[2.507s] [ 51%] [32mBuilding CXX object CMakeFiles/fleet_msgs__rosidl_typesupport_fastrtps_c.dir/rosidl_typesupport_fastrtps_c/fleet_msgs/msg/detail/mass_reading__type_support_c.cpp.o[0m
[2.534s] [ 53%] [32mBuilding CXX object CMakeFiles/fleet_msgs__rosidl_typesupport_c.dir/rosidl_typesupport_c/fleet_msgs/msg/battery_status__type_support.cpp.o[0m
[2.613s] [ 56%] [32m[1mLinking CXX shared library libfleet_msgs__rosidl_typesupport_c.so[0m
[2.613s] [ 58%] [32m[1mLinking C shared library libfleet_msgs__rosidl_typesupport_introspection_c.so[0m
[2.666s] [ 58%] Built target fleet_msgs__rosidl_typesupport_c
[2.681s] [ 61%] [32mBuilding CXX object CMakeFiles/fleet_msgs__rosidl_typesupport_fastrtps_c.dir/rosidl_typesupport_fastrtps_c/fleet_msgs/msg/detail/battery_status__type_support_c.cpp.o[0m
[2.691s] [ 61%] Built target fleet_msgs__rosidl_typesupport_introspection_c
[2.706s] [ 64%] [32mBuilding CXX object CMakeFiles/fleet_msgs__rosidl_typesupport_introspection_cpp.dir/rosidl_typesupport_introspection_cpp/fleet_msgs/msg/detail/battery_status__type_support.cpp.o[0m
[2.929s] [ 66%] [32m[1mLinking CXX shared library libfleet_msgs__rosidl_typesupport_cpp.so[0m
[3.182s] [ 66%] Built target fleet_msgs__rosidl_typesupport_cpp
[3.214s] [ 69%] [32m[1mLinking CXX shared library libfleet_msgs__rosidl_typesupport_fastrtps_cpp.so[0m
[3.280s] [ 69%] Built target fleet_msgs__rosidl_typesupport_fastrtps_cpp
[3.313s] [ 71%] [32m[1mLinking CXX shared library libfleet_msgs__rosidl_typesupport_fastrtps_c.so[0m
[3.373s] [ 74%] [32m[1mLinking CXX shared library libfleet_msgs__rosidl_typesupport_introspection_cpp.so[0m
[3.373s] [ 74%] Built target fleet_msgs__rosidl_typesupport_fastrtps_c
[3.425s] [ 74%] Built target fleet_msgs__rosidl_typesupport_introspection_cpp
[3.445s] [ 74%] Built target fleet_msgs
[3.461s] [ 76%] [34m[1mGenerating Python code for ROS interfaces[0m
[3.799s] [ 76%] Built target fleet_msgs__py
[3.812s] [ 82%] [32mBuilding C object CMakeFiles/fleet_msgs__rosidl_generator_py.dir/rosidl_generator_py/fleet_msgs/msg/_mass_reading_s.c.o[0m
[3.812s] [ 82%] [32mBuilding C object CMakeFiles/fleet_msgs__rosidl_generator_py.dir/rosidl_generator_py/fleet_msgs/msg/_battery_status_s.c.o[0m
[3.898s] [ 84%] [32m[1mLinking C shared library rosidl_generator_py/fleet_msgs/libfleet_msgs__rosidl_generator_py.so[0m
[3.922s] [ 84%] Built target fleet_msgs__rosidl_generator_py
[3.938s] [ 89%] [32mBuilding C object CMakeFiles/fleet_msgs__rosidl_typesupport_introspection_c__pyext.dir/rosidl_generator_py/fleet_msgs/_fleet_msgs_s.ep.rosidl_typesupport_introspection_c.c.o[0m
[3.938s] [ 89%] [32mBuilding C object CMakeFiles/fleet_msgs__rosidl_typesupport_fastrtps_c__pyext.dir/rosidl_generator_py/fleet_msgs/_fleet_msgs_s.ep.rosidl_typesupport_fastrtps_c.c.o[0m
[3.940s] [ 92%] [32mBuilding C object CMakeFiles/fleet_msgs__rosidl_typesupport_c__pyext.dir/rosidl_generator_py/fleet_msgs/_fleet_msgs_s.ep.rosidl_typesupport_c.c.o[0m
[4.015s] [ 94%] [32m[1mLinking C shared library rosidl_generator_py/fleet_msgs/fleet_msgs_s__rosidl_typesupport_introspection_c.cpython-310-aarch64-linux-gnu.so[0m
[4.017s] [100%] [32m[1mLinking C shared library rosidl_generator_py/fleet_msgs/fleet_msgs_s__rosidl_typesupport_c.cpython-310-aarch64-linux-gnu.so[0m
[4.017s] [100%] [32m[1mLinking C shared library rosidl_generator_py/fleet_msgs/fleet_msgs_s__rosidl_typesupport_fastrtps_c.cpython-310-aarch64-linux-gnu.so[0m
[4.039s] [100%] Built target fleet_msgs__rosidl_typesupport_c__pyext
[4.047s] [100%] Built target fleet_msgs__rosidl_typesupport_introspection_c__pyext
[4.051s] [100%] Built target fleet_msgs__rosidl_typesupport_fastrtps_c__pyext
[4.062s] Invoked command in '/workspace/build/fleet_msgs' returned '0': CMAKE_PREFIX_PATH=${CMAKE_PREFIX_PATH}:/opt/ros/humble /usr/bin/cmake --build /workspace/build/fleet_msgs -- -j8 -l8
[4.067s] Invoking command in '/workspace/build/fleet_msgs': CMAKE_PREFIX_PATH=${CMAKE_PREFIX_PATH}:/opt/ros/humble /usr/bin/cmake --install /workspace/build/fleet_msgs
[4.073s] -- Install configuration: ""
[4.074s] -- Installing: /workspace/install/fleet_msgs/share/ament_index/resource_index/rosidl_interfaces/fleet_msgs
[4.074s] -- Installing: /workspace/install/fleet_msgs/include/fleet_msgs/fleet_msgs
[4.074s] -- Installing: /workspace/install/fleet_msgs/include/fleet_msgs/fleet_msgs/msg
[4.074s] -- Installing: /workspace/install/fleet_msgs/include/fleet_msgs/fleet_msgs/msg/rosidl_generator_c__visibility_control.h
[4.074s] -- Installing: /workspace/install/fleet_msgs/include/fleet_msgs/fleet_msgs/msg/battery_status.h
[4.075s] -- Installing: /workspace/install/fleet_msgs/include/fleet_msgs/fleet_msgs/msg/detail
[4.075s] -- Installing: /workspace/install/fleet_msgs/include/fleet_msgs/fleet_msgs/msg/detail/mass_reading__functions.c
[4.075s] -- Installing: /workspace/install/fleet_msgs/include/fleet_msgs/fleet_msgs/msg/detail/battery_status__type_support.h
[4.076s] -- Installing: /workspace/install/fleet_msgs/include/fleet_msgs/fleet_msgs/msg/detail/battery_status__functions.h
[4.076s] -- Installing: /workspace/install/fleet_msgs/include/fleet_msgs/fleet_msgs/msg/detail/battery_status__struct.h
[4.078s] -- Installing: /workspace/install/fleet_msgs/include/fleet_msgs/fleet_msgs/msg/detail/mass_reading__functions.h
[4.078s] -- Installing: /workspace/install/fleet_msgs/include/fleet_msgs/fleet_msgs/msg/detail/battery_status__functions.c
[4.078s] -- Installing: /workspace/install/fleet_msgs/include/fleet_msgs/fleet_msgs/msg/detail/mass_reading__struct.h
[4.078s] -- Installing: /workspace/install/fleet_msgs/include/fleet_msgs/fleet_msgs/msg/detail/mass_reading__type_support.h
[4.078s] -- Installing: /workspace/install/fleet_msgs/include/fleet_msgs/fleet_msgs/msg/mass_reading.h
[4.079s] -- Installing: /workspace/install/fleet_msgs/share/fleet_msgs/environment/library_path.sh
[4.079s] -- Installing: /workspace/install/fleet_msgs/share/fleet_msgs/environment/library_path.dsv
[4.079s] -- Installing: /workspace/install/fleet_msgs/lib/libfleet_msgs__rosidl_generator_c.so
[4.080s] -- Set runtime path of "/workspace/install/fleet_msgs/lib/libfleet_msgs__rosidl_generator_c.so" to ""
[4.080s] -- Up-to-date: /workspace/install/fleet_msgs/include/fleet_msgs/fleet_msgs
[4.081s] -- Up-to-date: /workspace/install/fleet_msgs/include/fleet_msgs/fleet_msgs/msg
[4.081s] -- Up-to-date: /workspace/install/fleet_msgs/include/fleet_msgs/fleet_msgs/msg/detail
[4.081s] -- Installing: /workspace/install/fleet_msgs/include/fleet_msgs/fleet_msgs/msg/detail/mass_reading__rosidl_typesupport_fastrtps_c.h
[4.081s] -- Installing: /workspace/install/fleet_msgs/include/fleet_msgs/fleet_msgs/msg/detail/battery_status__rosidl_typesupport_fastrtps_c.h
[4.081s] -- Installing: /workspace/install/fleet_msgs/include/fleet_msgs/fleet_msgs/msg/rosidl_typesupport_fastrtps_c__visibility_control.h
[4.081s] -- Installing: /workspace/install/fleet_msgs/lib/libfleet_msgs__rosidl_typesupport_fastrtps_c.so
[4.083s] -- Set runtime path of "/workspace/install/fleet_msgs/lib/libfleet_msgs__rosidl_typesupport_fastrtps_c.so" to ""
[4.083s] -- Up-to-date: /workspace/install/fleet_msgs/include/fleet_msgs/fleet_msgs
[4.083s] -- Up-to-date: /workspace/install/fleet_msgs/include/fleet_msgs/fleet_msgs/msg
[4.083s] -- Up-to-date: /workspace/install/fleet_msgs/include/fleet_msgs/fleet_msgs/msg/detail
[4.083s] -- Installing: /workspace/install/fleet_msgs/include/fleet_msgs/fleet_msgs/msg/detail/mass_reading__type_support.hpp
[4.084s] -- Installing: /workspace/install/fleet_msgs/include/fleet_msgs/fleet_msgs/msg/detail/battery_status__struct.hpp
[4.085s] -- Installing: /workspace/install/fleet_msgs/include/fleet_msgs/fleet_msgs/msg/detail/mass_reading__builder.hpp
[4.085s] -- Installing: /workspace/install/fleet_msgs/include/fleet_msgs/fleet_msgs/msg/detail/mass_reading__traits.hpp
[4.085s] -- Installing: /workspace/install/fleet_msgs/include/fleet_msgs/fleet_msgs/msg/detail/battery_status__traits.hpp
[4.085s] -- Installing: /workspace/install/fleet_msgs/include/fleet_msgs/fleet_msgs/msg/detail/battery_status__builder.hpp
[4.086s] -- Installing: /workspace/install/fleet_msgs/include/fleet_msgs/fleet_msgs/msg/detail/battery_status__type_support.hpp
[4.086s] -- Installing: /workspace/install/fleet_msgs/include/fleet_msgs/fleet_msgs/msg/detail/mass_reading__struct.hpp
[4.087s] -- Installing: /workspace/install/fleet_msgs/include/fleet_msgs/fleet_msgs/msg/rosidl_generator_cpp__visibility_control.hpp
[4.087s] -- Installing: /workspace/install/fleet_msgs/include/fleet_msgs/fleet_msgs/msg/battery_status.hpp
[4.088s] -- Installing: /workspace/install/fleet_msgs/include/fleet_msgs/fleet_msgs/msg/mass_reading.hpp
[4.088s] -- Up-to-date: /workspace/install/fleet_msgs/include/fleet_msgs/fleet_msgs
[4.088s] -- Up-to-date: /workspace/install/fleet_msgs/include/fleet_msgs/fleet_msgs/msg
[4.089s] -- Installing: /workspace/install/fleet_msgs/include/fleet_msgs/fleet_msgs/msg/rosidl_typesupport_fastrtps_cpp__visibility_control.h
[4.089s] -- Up-to-date: /workspace/install/fleet_msgs/include/fleet_msgs/fleet_msgs/msg/detail
[4.090s] -- Installing: /workspace/install/fleet_msgs/include/fleet_msgs/fleet_msgs/msg/detail/battery_status__rosidl_typesupport_fastrtps_cpp.hpp
[4.090s] -- Installing: /workspace/install/fleet_msgs/include/fleet_msgs/fleet_msgs/msg/detail/mass_reading__rosidl_typesupport_fastrtps_cpp.hpp
[4.090s] -- Installing: /workspace/install/fleet_msgs/include/fleet_msgs/fleet_msgs/msg/detail/dds_fastrtps
[4.091s] -- Installing: /workspace/install/fleet_msgs/lib/libfleet_msgs__rosidl_typesupport_fastrtps_cpp.so
[4.092s] -- Set runtime path of "/workspace/install/fleet_msgs/lib/libfleet_msgs__rosidl_typesupport_fastrtps_cpp.so" to ""
[4.092s] -- Up-to-date: /workspace/install/fleet_msgs/include/fleet_msgs/fleet_msgs
[4.093s] -- Up-to-date: /workspace/install/fleet_msgs/include/fleet_msgs/fleet_msgs/msg
[4.093s] -- Up-to-date: /workspace/install/fleet_msgs/include/fleet_msgs/fleet_msgs/msg/detail
[4.093s] -- Installing: /workspace/install/fleet_msgs/include/fleet_msgs/fleet_msgs/msg/detail/battery_status__rosidl_typesupport_introspection_c.h
[4.093s] -- Installing: /workspace/install/fleet_msgs/include/fleet_msgs/fleet_msgs/msg/detail/mass_reading__rosidl_typesupport_introspection_c.h
[4.093s] -- Installing: /workspace/install/fleet_msgs/include/fleet_msgs/fleet_msgs/msg/detail/mass_reading__type_support.c
[4.093s] -- Installing: /workspace/install/fleet_msgs/include/fleet_msgs/fleet_msgs/msg/detail/battery_status__type_support.c
[4.094s] -- Installing: /workspace/install/fleet_msgs/include/fleet_msgs/fleet_msgs/msg/rosidl_typesupport_introspection_c__visibility_control.h
[4.094s] -- Installing: /workspace/install/fleet_msgs/lib/libfleet_msgs__rosidl_typesupport_introspection_c.so
[4.095s] -- Set runtime path of "/workspace/install/fleet_msgs/lib/libfleet_msgs__rosidl_typesupport_introspection_c.so" to ""
[4.095s] -- Installing: /workspace/install/fleet_msgs/lib/libfleet_msgs__rosidl_typesupport_c.so
[4.096s] -- Set runtime path of "/workspace/install/fleet_msgs/lib/libfleet_msgs__rosidl_typesupport_c.so" to ""
[4.096s] -- Up-to-date: /workspace/install/fleet_msgs/include/fleet_msgs/fleet_msgs
[4.096s] -- Up-to-date: /workspace/install/fleet_msgs/include/fleet_msgs/fleet_msgs/msg
[4.096s] -- Up-to-date: /workspace/install/fleet_msgs/include/fleet_msgs/fleet_msgs/msg/detail
[4.096s] -- Installing: /workspace/install/fleet_msgs/include/fleet_msgs/fleet_msgs/msg/detail/battery_status__type_support.cpp
[4.096s] -- Installing: /workspace/install/fleet_msgs/include/fleet_msgs/fleet_msgs/msg/detail/battery_status__rosidl_typesupport_introspection_cpp.hpp
[4.096s] -- Installing: /workspace/install/fleet_msgs/include/fleet_msgs/fleet_msgs/msg/detail/mass_reading__type_support.cpp
[4.097s] -- Installing: /workspace/install/fleet_msgs/include/fleet_msgs/fleet_msgs/msg/detail/mass_reading__rosidl_typesupport_introspection_cpp.hpp
[4.097s] -- Installing: /workspace/install/fleet_msgs/lib/libfleet_msgs__rosidl_typesupport_introspection_cpp.so
[4.098s] -- Set runtime path of "/workspace/install/fleet_msgs/lib/libfleet_msgs__rosidl_typesupport_introspection_cpp.so" to ""
[4.098s] -- Installing: /workspace/install/fleet_msgs/lib/libfleet_msgs__rosidl_typesupport_cpp.so
[4.099s] -- Set runtime path of "/workspace/install/fleet_msgs/lib/libfleet_msgs__rosidl_typesupport_cpp.so" to ""
[4.099s] -- Installing: /workspace/install/fleet_msgs/share/fleet_msgs/environment/pythonpath.sh
[4.099s] -- Installing: /workspace/install/fleet_msgs/share/fleet_msgs/environment/pythonpath.dsv
[4.099s] -- Installing: /workspace/install/fleet_msgs/local/lib/python3.10/dist-packages/fleet_msgs-0.1.0-py3.10.egg-info
[4.100s] -- Installing: /workspace/install/fleet_msgs/local/lib/python3.10/dist-packages/fleet_msgs-0.1.0-py3.10.egg-info/PKG-INFO
[4.100s] -- Installing: /workspace/install/fleet_msgs/local/lib/python3.10/dist-packages/fleet_msgs-0.1.0-py3.10.egg-info/SOURCES.txt
[4.100s] -- Installing: /workspace/install/fleet_msgs/local/lib/python3.10/dist-packages/fleet_msgs-0.1.0-py3.10.egg-info/top_level.txt
[4.101s] -- Installing: /workspace/install/fleet_msgs/local/lib/python3.10/dist-packages/fleet_msgs-0.1.0-py3.10.egg-info/dependency_links.txt
[4.101s] -- Installing: /workspace/install/fleet_msgs/local/lib/python3.10/dist-packages/fleet_msgs
[4.101s] -- Installing: /workspace/install/fleet_msgs/local/lib/python3.10/dist-packages/fleet_msgs/_fleet_msgs_s.ep.rosidl_typesupport_introspection_c.c
[4.102s] -- Installing: /workspace/install/fleet_msgs/local/lib/python3.10/dist-packages/fleet_msgs/msg
[4.102s] -- Installing: /workspace/install/fleet_msgs/local/lib/python3.10/dist-packages/fleet_msgs/msg/_mass_reading_s.c
[4.102s] -- Installing: /workspace/install/fleet_msgs/local/lib/python3.10/dist-packages/fleet_msgs/msg/_battery_status.py
[4.103s] -- Installing: /workspace/install/fleet_msgs/local/lib/python3.10/dist-packages/fleet_msgs/msg/__init__.py
[4.103s] -- Installing: /workspace/install/fleet_msgs/local/lib/python3.10/dist-packages/fleet_msgs/msg/_mass_reading.py
[4.103s] -- Installing: /workspace/install/fleet_msgs/local/lib/python3.10/dist-packages/fleet_msgs/msg/_battery_status_s.c
[4.104s] -- Installing: /workspace/install/fleet_msgs/local/lib/python3.10/dist-packages/fleet_msgs/fleet_msgs_s__rosidl_typesupport_fastrtps_c.cpython-310-aarch64-linux-gnu.so
[4.104s] -- Installing: /workspace/install/fleet_msgs/local/lib/python3.10/dist-packages/fleet_msgs/__init__.py
[4.104s] -- Installing: /workspace/install/fleet_msgs/local/lib/python3.10/dist-packages/fleet_msgs/_fleet_msgs_s.ep.rosidl_typesupport_fastrtps_c.c
[4.105s] -- Installing: /workspace/install/fleet_msgs/local/lib/python3.10/dist-packages/fleet_msgs/_fleet_msgs_s.ep.rosidl_typesupport_c.c
[4.105s] -- Installing: /workspace/install/fleet_msgs/local/lib/python3.10/dist-packages/fleet_msgs/fleet_msgs_s__rosidl_typesupport_introspection_c.cpython-310-aarch64-linux-gnu.so
[4.106s] -- Installing: /workspace/install/fleet_msgs/local/lib/python3.10/dist-packages/fleet_msgs/libfleet_msgs__rosidl_generator_py.so
[4.106s] -- Installing: /workspace/install/fleet_msgs/local/lib/python3.10/dist-packages/fleet_msgs/fleet_msgs_s__rosidl_typesupport_c.cpython-310-aarch64-linux-gnu.so
[4.129s] Listing '/workspace/install/fleet_msgs/local/lib/python3.10/dist-packages/fleet_msgs'...
[4.129s] Compiling '/workspace/install/fleet_msgs/local/lib/python3.10/dist-packages/fleet_msgs/__init__.py'...
[4.129s] Listing '/workspace/install/fleet_msgs/local/lib/python3.10/dist-packages/fleet_msgs/msg'...
[4.129s] Compiling '/workspace/install/fleet_msgs/local/lib/python3.10/dist-packages/fleet_msgs/msg/__init__.py'...
[4.129s] Compiling '/workspace/install/fleet_msgs/local/lib/python3.10/dist-packages/fleet_msgs/msg/_battery_status.py'...
[4.129s] Compiling '/workspace/install/fleet_msgs/local/lib/python3.10/dist-packages/fleet_msgs/msg/_mass_reading.py'...
[4.131s] -- Installing: /workspace/install/fleet_msgs/local/lib/python3.10/dist-packages/fleet_msgs/fleet_msgs_s__rosidl_typesupport_fastrtps_c.cpython-310-aarch64-linux-gnu.so
[4.132s] -- Set runtime path of "/workspace/install/fleet_msgs/local/lib/python3.10/dist-packages/fleet_msgs/fleet_msgs_s__rosidl_typesupport_fastrtps_c.cpython-310-aarch64-linux-gnu.so" to ""
[4.132s] -- Installing: /workspace/install/fleet_msgs/local/lib/python3.10/dist-packages/fleet_msgs/fleet_msgs_s__rosidl_typesupport_introspection_c.cpython-310-aarch64-linux-gnu.so
[4.133s] -- Set runtime path of "/workspace/install/fleet_msgs/local/lib/python3.10/dist-packages/fleet_msgs/fleet_msgs_s__rosidl_typesupport_introspection_c.cpython-310-aarch64-linux-gnu.so" to ""
[4.133s] -- Installing: /workspace/install/fleet_msgs/local/lib/python3.10/dist-packages/fleet_msgs/fleet_msgs_s__rosidl_typesupport_c.cpython-310-aarch64-linux-gnu.so
[4.133s] -- Set runtime path of "/workspace/install/fleet_msgs/local/lib/python3.10/dist-packages/fleet_msgs/fleet_msgs_s__rosidl_typesupport_c.cpython-310-aarch64-linux-gnu.so" to ""
[4.134s] -- Installing: /workspace/install/fleet_msgs/lib/libfleet_msgs__rosidl_generator_py.so
[4.134s] -- Set runtime path of "/workspace/install/fleet_msgs/lib/libfleet_msgs__rosidl_generator_py.so" to ""
[4.135s] -- Installing: /workspace/install/fleet_msgs/share/fleet_msgs/msg/MassReading.idl
[4.135s] -- Installing: /workspace/install/fleet_msgs/share/fleet_msgs/msg/BatteryStatus.idl
[4.135s] -- Installing: /workspace/install/fleet_msgs/share/fleet_msgs/msg/MassReading.msg
[4.136s] -- Installing: /workspace/install/fleet_msgs/share/fleet_msgs/msg/BatteryStatus.msg
[4.136s] -- Installing: /workspace/install/fleet_msgs/share/ament_index/resource_index/package_run_dependencies/fleet_msgs
[4.137s] -- Installing: /workspace/install/fleet_msgs/share/ament_index/resource_index/parent_prefix_path/fleet_msgs
[4.137s] -- Installing: /workspace/install/fleet_msgs/share/fleet_msgs/environment/ament_prefix_path.sh
[4.137s] -- Installing: /workspace/install/fleet_msgs/share/fleet_msgs/environment/ament_prefix_path.dsv
[4.137s] -- Installing: /workspace/install/fleet_msgs/share/fleet_msgs/environment/path.sh
[4.138s] -- Installing: /workspace/install/fleet_msgs/share/fleet_msgs/environment/path.dsv
[4.139s] -- Installing: /workspace/install/fleet_msgs/share/fleet_msgs/local_setup.bash
[4.139s] -- Installing: /workspace/install/fleet_msgs/share/fleet_msgs/local_setup.sh
[4.140s] -- Installing: /workspace/install/fleet_msgs/share/fleet_msgs/local_setup.zsh
[4.141s] -- Installing: /workspace/install/fleet_msgs/share/fleet_msgs/local_setup.dsv
[4.141s] -- Installing: /workspace/install/fleet_msgs/share/fleet_msgs/package.dsv
[4.141s] -- Installing: /workspace/install/fleet_msgs/share/ament_index/resource_index/packages/fleet_msgs
[4.142s] -- Installing: /workspace/install/fleet_msgs/share/fleet_msgs/cmake/export_fleet_msgs__rosidl_generator_cExport.cmake
[4.143s] -- Installing: /workspace/install/fleet_msgs/share/fleet_msgs/cmake/export_fleet_msgs__rosidl_generator_cExport-noconfig.cmake
[4.144s] -- Installing: /workspace/install/fleet_msgs/share/fleet_msgs/cmake/export_fleet_msgs__rosidl_typesupport_fastrtps_cExport.cmake
[4.144s] -- Installing: /workspace/install/fleet_msgs/share/fleet_msgs/cmake/export_fleet_msgs__rosidl_typesupport_fastrtps_cExport-noconfig.cmake
[4.144s] -- Installing: /workspace/install/fleet_msgs/share/fleet_msgs/cmake/export_fleet_msgs__rosidl_generator_cppExport.cmake
[4.145s] -- Installing: /workspace/install/fleet_msgs/share/fleet_msgs/cmake/export_fleet_msgs__rosidl_typesupport_fastrtps_cppExport.cmake
[4.145s] -- Installing: /workspace/install/fleet_msgs/share/fleet_msgs/cmake/export_fleet_msgs__rosidl_typesupport_fastrtps_cppExport-noconfig.cmake
[4.145s] -- Installing: /workspace/install/fleet_msgs/share/fleet_msgs/cmake/fleet_msgs__rosidl_typesupport_introspection_cExport.cmake
[4.146s] -- Installing: /workspace/install/fleet_msgs/share/fleet_msgs/cmake/fleet_msgs__rosidl_typesupport_introspection_cExport-noconfig.cmake
[4.147s] -- Installing: /workspace/install/fleet_msgs/share/fleet_msgs/cmake/fleet_msgs__rosidl_typesupport_cExport.cmake
[4.147s] -- Installing: /workspace/install/fleet_msgs/share/fleet_msgs/cmake/fleet_msgs__rosidl_typesupport_cExport-noconfig.cmake
[4.147s] -- Installing: /workspace/install/fleet_msgs/share/fleet_msgs/cmake/fleet_msgs__rosidl_typesupport_introspection_cppExport.cmake
[4.148s] -- Installing: /workspace/install/fleet_msgs/share/fleet_msgs/cmake/fleet_msgs__rosidl_typesupport_introspection_cppExport-noconfig.cmake
[4.149s] -- Installing: /workspace/install/fleet_msgs/share/fleet_msgs/cmake/fleet_msgs__rosidl_typesupport_cppExport.cmake
[4.149s] -- Installing: /workspace/install/fleet_msgs/share/fleet_msgs/cmake/fleet_msgs__rosidl_typesupport_cppExport-noconfig.cmake
[4.149s] -- Installing: /workspace/install/fleet_msgs/share/fleet_msgs/cmake/export_fleet_msgs__rosidl_generator_pyExport.cmake
[4.150s] -- Installing: /workspace/install/fleet_msgs/share/fleet_msgs/cmake/export_fleet_msgs__rosidl_generator_pyExport-noconfig.cmake
[4.150s] -- Installing: /workspace/install/fleet_msgs/share/fleet_msgs/cmake/rosidl_cmake-extras.cmake
[4.150s] -- Installing: /workspace/install/fleet_msgs/share/fleet_msgs/cmake/ament_cmake_export_dependencies-extras.cmake
[4.151s] -- Installing: /workspace/install/fleet_msgs/share/fleet_msgs/cmake/ament_cmake_export_include_directories-extras.cmake
[4.151s] -- Installing: /workspace/install/fleet_msgs/share/fleet_msgs/cmake/ament_cmake_export_libraries-extras.cmake
[4.151s] -- Installing: /workspace/install/fleet_msgs/share/fleet_msgs/cmake/ament_cmake_export_targets-extras.cmake
[4.152s] -- Installing: /workspace/install/fleet_msgs/share/fleet_msgs/cmake/rosidl_cmake_export_typesupport_targets-extras.cmake
[4.152s] -- Installing: /workspace/install/fleet_msgs/share/fleet_msgs/cmake/rosidl_cmake_export_typesupport_libraries-extras.cmake
[4.152s] -- Installing: /workspace/install/fleet_msgs/share/fleet_msgs/cmake/fleet_msgsConfig.cmake
[4.153s] -- Installing: /workspace/install/fleet_msgs/share/fleet_msgs/cmake/fleet_msgsConfig-version.cmake
[4.153s] -- Installing: /workspace/install/fleet_msgs/share/fleet_msgs/package.xml
[4.155s] Invoked command in '/workspace/build/fleet_msgs' returned '0': CMAKE_PREFIX_PATH=${CMAKE_PREFIX_PATH}:/opt/ros/humble /usr/bin/cmake --install /workspace/build/fleet_msgs
