[0.000000] (-) TimerEvent: {}
[0.000162] (-) JobUnselected: {'identifier': 'examples_rclcpp_async_client'}
[0.000190] (-) JobUnselected: {'identifier': 'examples_rclcpp_cbg_executor'}
[0.000211] (-) JobUnselected: {'identifier': 'examples_rclcpp_minimal_action_client'}
[0.000313] (-) JobUnselected: {'identifier': 'examples_rclcpp_minimal_action_server'}
[0.000340] (-) JobUnselected: {'identifier': 'examples_rclcpp_minimal_client'}
[0.000356] (-) JobUnselected: {'identifier': 'examples_rclcpp_minimal_composition'}
[0.000371] (-) JobUnselected: {'identifier': 'examples_rclcpp_minimal_publisher'}
[0.000385] (-) JobUnselected: {'identifier': 'examples_rclcpp_minimal_service'}
[0.000399] (-) JobUnselected: {'identifier': 'examples_rclcpp_minimal_subscriber'}
[0.000412] (-) JobUnselected: {'identifier': 'examples_rclcpp_minimal_timer'}
[0.000426] (-) JobUnselected: {'identifier': 'examples_rclcpp_multithreaded_executor'}
[0.000439] (-) JobUnselected: {'identifier': 'examples_rclcpp_wait_set'}
[0.000452] (-) JobUnselected: {'identifier': 'examples_rclpy_executors'}
[0.000465] (-) JobUnselected: {'identifier': 'examples_rclpy_guard_conditions'}
[0.000478] (-) JobUnselected: {'identifier': 'examples_rclpy_minimal_action_client'}
[0.000491] (-) JobUnselected: {'identifier': 'examples_rclpy_minimal_action_server'}
[0.000504] (-) JobUnselected: {'identifier': 'examples_rclpy_minimal_client'}
[0.000517] (-) JobUnselected: {'identifier': 'examples_rclpy_minimal_publisher'}
[0.000529] (-) JobUnselected: {'identifier': 'examples_rclpy_minimal_service'}
[0.000543] (-) JobUnselected: {'identifier': 'examples_rclpy_minimal_subscriber'}
[0.000556] (-) JobUnselected: {'identifier': 'examples_rclpy_pointcloud_publisher'}
[0.000569] (-) JobUnselected: {'identifier': 'launch_testing_examples'}
[0.000583] (sim) JobQueued: {'identifier': 'sim', 'dependencies': OrderedDict()}
[0.000625] (sim) JobStarted: {'identifier': 'sim'}
[0.007909] (sim) JobProgress: {'identifier': 'sim', 'progress': 'cmake'}
[0.008706] (sim) JobProgress: {'identifier': 'sim', 'progress': 'build'}
[0.009154] (sim) Command: {'cmd': ['/usr/bin/cmake', '--build', '/workspace/build/sim', '--', '-j8', '-l8'], 'cwd': '/workspace/build/sim', 'env': OrderedDict([('HOSTNAME', '01bbb4c3f912'), ('SHLVL', '0'), ('LD_LIBRARY_PATH', '/workspace/install/sim/lib:/opt/ros/humble/opt/rviz_ogre_vendor/lib:/opt/ros/humble/lib/aarch64-linux-gnu:/opt/ros/humble/lib'), ('HOME', '/root'), ('OLDPWD', '/workspace'), ('ROS_PYTHON_VERSION', '3'), ('COLCON_PREFIX_PATH', '/workspace/install'), ('ROS_DISTRO', 'humble'), ('_', '/usr/bin/colcon'), ('ROS_VERSION', '2'), ('TERM', 'xterm'), ('ROS_LOCALHOST_ONLY', '0'), ('PATH', '/opt/ros/humble/bin:/usr/local/sbin:/usr/local/bin:/usr/sbin:/usr/bin:/sbin:/bin'), ('LANG', 'C.UTF-8'), ('AMENT_PREFIX_PATH', '/workspace/install/sim:/opt/ros/humble'), ('DEBIAN_FRONTEND', 'noninteractive'), ('PWD', '/workspace/build/sim'), ('LC_ALL', 'C.UTF-8'), ('PYTHONPATH', '/opt/ros/humble/lib/python3.10/site-packages:/opt/ros/humble/local/lib/python3.10/dist-packages'), ('COLCON', '1'), ('CMAKE_PREFIX_PATH', '/workspace/install/sim:/opt/ros/humble')]), 'shell': False}
[0.100038] (-) TimerEvent: {}
[0.129091] (sim) CommandEnded: {'returncode': 0}
[0.129977] (sim) JobProgress: {'identifier': 'sim', 'progress': 'install'}
[0.143718] (sim) Command: {'cmd': ['/usr/bin/cmake', '--install', '/workspace/build/sim'], 'cwd': '/workspace/build/sim', 'env': OrderedDict([('HOSTNAME', '01bbb4c3f912'), ('SHLVL', '0'), ('LD_LIBRARY_PATH', '/workspace/install/sim/lib:/opt/ros/humble/opt/rviz_ogre_vendor/lib:/opt/ros/humble/lib/aarch64-linux-gnu:/opt/ros/humble/lib'), ('HOME', '/root'), ('OLDPWD', '/workspace'), ('ROS_PYTHON_VERSION', '3'), ('COLCON_PREFIX_PATH', '/workspace/install'), ('ROS_DISTRO', 'humble'), ('_', '/usr/bin/colcon'), ('ROS_VERSION', '2'), ('TERM', 'xterm'), ('ROS_LOCALHOST_ONLY', '0'), ('PATH', '/opt/ros/humble/bin:/usr/local/sbin:/usr/local/bin:/usr/sbin:/usr/bin:/sbin:/bin'), ('LANG', 'C.UTF-8'), ('AMENT_PREFIX_PATH', '/workspace/install/sim:/opt/ros/humble'), ('DEBIAN_FRONTEND', 'noninteractive'), ('PWD', '/workspace/build/sim'), ('LC_ALL', 'C.UTF-8'), ('PYTHONPATH', '/opt/ros/humble/lib/python3.10/site-packages:/opt/ros/humble/local/lib/python3.10/dist-packages'), ('COLCON', '1'), ('CMAKE_PREFIX_PATH', '/workspace/install/sim:/opt/ros/humble')]), 'shell': False}
[0.144496] (sim) StdoutLine: {'line': b'-- Install configuration: ""\n'}
[0.144622] (sim) StdoutLine: {'line': b'-- Up-to-date: /workspace/install/sim/share/sim/launch\n'}
[0.144677] (sim) StdoutLine: {'line': b'-- Up-to-date: /workspace/install/sim/share/sim/launch/view_stub.launch.py\n'}
[0.144728] (sim) StdoutLine: {'line': b'-- Up-to-date: /workspace/install/sim/share/sim/launch/headless.launch.py\n'}
[0.144790] (sim) StdoutLine: {'line': b'-- Installing: /workspace/install/sim/share/sim/launch/south_pole.launch.py\n'}
[0.144839] (sim) StdoutLine: {'line': b'-- Up-to-date: /workspace/install/sim/share/sim/worlds\n'}
[0.144889] (sim) StdoutLine: {'line': b'-- Up-to-date: /workspace/install/sim/share/sim/worlds/lunar_gravity_test.world\n'}
[0.144940] (sim) StdoutLine: {'line': b'-- Installing: /workspace/install/sim/share/sim/worlds/south_pole.world\n'}
[0.144995] (sim) StdoutLine: {'line': b'-- Up-to-date: /workspace/install/sim/share/sim/urdf\n'}
[0.145042] (sim) StdoutLine: {'line': b'-- Up-to-date: /workspace/install/sim/share/sim/urdf/transport_rover.urdf\n'}
[0.145093] (sim) StdoutLine: {'line': b'-- Up-to-date: /workspace/install/sim/share/sim/rviz\n'}
[0.145140] (sim) StdoutLine: {'line': b'-- Up-to-date: /workspace/install/sim/share/sim/rviz/view_robot.rviz\n'}
[0.145192] (sim) StdoutLine: {'line': b'-- Up-to-date: /workspace/install/sim/share/ament_index/resource_index/package_run_dependencies/sim\n'}
[0.145239] (sim) StdoutLine: {'line': b'-- Up-to-date: /workspace/install/sim/share/ament_index/resource_index/parent_prefix_path/sim\n'}
[0.145287] (sim) StdoutLine: {'line': b'-- Up-to-date: /workspace/install/sim/share/sim/environment/ament_prefix_path.sh\n'}
[0.145335] (sim) StdoutLine: {'line': b'-- Up-to-date: /workspace/install/sim/share/sim/environment/ament_prefix_path.dsv\n'}
[0.145382] (sim) StdoutLine: {'line': b'-- Up-to-date: /workspace/install/sim/share/sim/environment/path.sh\n'}
[0.145430] (sim) StdoutLine: {'line': b'-- Up-to-date: /workspace/install/sim/share/sim/environment/path.dsv\n'}
[0.145476] (sim) StdoutLine: {'line': b'-- Up-to-date: /workspace/install/sim/share/sim/local_setup.bash\n'}
[0.145523] (sim) StdoutLine: {'line': b'-- Up-to-date: /workspace/install/sim/share/sim/local_setup.sh\n'}
[0.145570] (sim) StdoutLine: {'line': b'-- Up-to-date: /workspace/install/sim/share/sim/local_setup.zsh\n'}
[0.145616] (sim) StdoutLine: {'line': b'-- Up-to-date: /workspace/install/sim/share/sim/local_setup.dsv\n'}
[0.145663] (sim) StdoutLine: {'line': b'-- Installing: /workspace/install/sim/share/sim/package.dsv\n'}
[0.145714] (sim) StdoutLine: {'line': b'-- Up-to-date: /workspace/install/sim/share/ament_index/resource_index/packages/sim\n'}
[0.145763] (sim) StdoutLine: {'line': b'-- Up-to-date: /workspace/install/sim/share/sim/cmake/simConfig.cmake\n'}
[0.145821] (sim) StdoutLine: {'line': b'-- Up-to-date: /workspace/install/sim/share/sim/cmake/simConfig-version.cmake\n'}
[0.146084] (sim) StdoutLine: {'line': b'-- Up-to-date: /workspace/install/sim/share/sim/package.xml\n'}
[0.149859] (sim) CommandEnded: {'returncode': 0}
[0.167009] (sim) JobEnded: {'identifier': 'sim', 'rc': 0}
[0.167754] (-) EventReactorShutdown: {}
