[0.000000] (-) TimerEvent: {}
[0.000284] (-) JobUnselected: {'identifier': 'examples_rclcpp_async_client'}
[0.000388] (-) JobUnselected: {'identifier': 'examples_rclcpp_cbg_executor'}
[0.000418] (-) JobUnselected: {'identifier': 'examples_rclcpp_minimal_action_client'}
[0.000473] (-) JobUnselected: {'identifier': 'examples_rclcpp_minimal_action_server'}
[0.000489] (-) JobUnselected: {'identifier': 'examples_rclcpp_minimal_client'}
[0.000510] (-) JobUnselected: {'identifier': 'examples_rclcpp_minimal_composition'}
[0.000546] (-) JobUnselected: {'identifier': 'examples_rclcpp_minimal_publisher'}
[0.000569] (-) JobUnselected: {'identifier': 'examples_rclcpp_minimal_service'}
[0.000589] (-) JobUnselected: {'identifier': 'examples_rclcpp_minimal_subscriber'}
[0.000640] (-) JobUnselected: {'identifier': 'examples_rclcpp_minimal_timer'}
[0.000667] (-) JobUnselected: {'identifier': 'examples_rclcpp_multithreaded_executor'}
[0.000803] (-) JobUnselected: {'identifier': 'examples_rclcpp_wait_set'}
[0.000830] (-) JobUnselected: {'identifier': 'examples_rclpy_executors'}
[0.000845] (-) JobUnselected: {'identifier': 'examples_rclpy_guard_conditions'}
[0.000865] (-) JobUnselected: {'identifier': 'examples_rclpy_minimal_action_client'}
[0.000956] (-) JobUnselected: {'identifier': 'examples_rclpy_minimal_action_server'}
[0.000978] (-) JobUnselected: {'identifier': 'examples_rclpy_minimal_client'}
[0.000996] (-) JobUnselected: {'identifier': 'examples_rclpy_minimal_publisher'}
[0.001016] (-) JobUnselected: {'identifier': 'examples_rclpy_minimal_service'}
[0.001033] (-) JobUnselected: {'identifier': 'examples_rclpy_minimal_subscriber'}
[0.001051] (-) JobUnselected: {'identifier': 'examples_rclpy_pointcloud_publisher'}
[0.001065] (-) JobUnselected: {'identifier': 'launch_testing_examples'}
[0.001128] (fleet_msgs) JobQueued: {'identifier': 'fleet_msgs', 'dependencies': OrderedDict()}
[0.001149] (sim) JobQueued: {'identifier': 'sim', 'dependencies': OrderedDict()}
[0.001167] (fleet_msgs) JobStarted: {'identifier': 'fleet_msgs'}
[0.005971] (sim) JobStarted: {'identifier': 'sim'}
[0.009861] (fleet_msgs) JobProgress: {'identifier': 'fleet_msgs', 'progress': 'cmake'}
[0.010692] (fleet_msgs) JobProgress: {'identifier': 'fleet_msgs', 'progress': 'build'}
[0.011151] (fleet_msgs) Command: {'cmd': ['/usr/bin/cmake', '--build', '/workspace/build/fleet_msgs', '--', '-j8', '-l8'], 'cwd': '/workspace/build/fleet_msgs', 'env': OrderedDict([('HOSTNAME', 'd97e9f3449de'), ('SHLVL', '0'), ('LD_LIBRARY_PATH', '/workspace/install/sim/lib:/workspace/install/fleet_msgs/lib:/opt/ros/humble/opt/rviz_ogre_vendor/lib:/opt/ros/humble/lib/aarch64-linux-gnu:/opt/ros/humble/lib'), ('HOME', '/root'), ('OLDPWD', '/workspace'), ('ROS_PYTHON_VERSION', '3'), ('COLCON_PREFIX_PATH', '/workspace/install'), ('ROS_DISTRO', 'humble'), ('_', '/usr/bin/colcon'), ('ROS_VERSION', '2'), ('TERM', 'xterm'), ('ROS_LOCALHOST_ONLY', '0'), ('PATH', '/opt/ros/humble/bin:/usr/local/sbin:/usr/local/bin:/usr/sbin:/usr/bin:/sbin:/bin'), ('LANG', 'C.UTF-8'), ('AMENT_PREFIX_PATH', '/workspace/install/sim:/workspace/install/fleet_msgs:/opt/ros/humble'), ('DEBIAN_FRONTEND', 'noninteractive'), ('PWD', '/workspace/build/fleet_msgs'), ('LC_ALL', 'C.UTF-8'), ('PYTHONPATH', '/workspace/install/fleet_msgs/local/lib/python3.10/dist-packages:/opt/ros/humble/lib/python3.10/site-packages:/opt/ros/humble/local/lib/python3.10/dist-packages'), ('COLCON', '1'), ('CMAKE_PREFIX_PATH', '/workspace/install/sim:/workspace/install/fleet_msgs:/opt/ros/humble')]), 'shell': False}
[0.025623] (sim) JobProgress: {'identifier': 'sim', 'progress': 'cmake'}
[0.028734] (sim) JobProgress: {'identifier': 'sim', 'progress': 'build'}
[0.030129] (sim) Command: {'cmd': ['/usr/bin/cmake', '--build', '/workspace/build/sim', '--', '-j8', '-l8'], 'cwd': '/workspace/build/sim', 'env': OrderedDict([('HOSTNAME', 'd97e9f3449de'), ('SHLVL', '0'), ('LD_LIBRARY_PATH', '/workspace/install/sim/lib:/workspace/install/fleet_msgs/lib:/opt/ros/humble/opt/rviz_ogre_vendor/lib:/opt/ros/humble/lib/aarch64-linux-gnu:/opt/ros/humble/lib'), ('HOME', '/root'), ('OLDPWD', '/workspace'), ('ROS_PYTHON_VERSION', '3'), ('COLCON_PREFIX_PATH', '/workspace/install'), ('ROS_DISTRO', 'humble'), ('_', '/usr/bin/colcon'), ('ROS_VERSION', '2'), ('TERM', 'xterm'), ('ROS_LOCALHOST_ONLY', '0'), ('PATH', '/opt/ros/humble/bin:/usr/local/sbin:/usr/local/bin:/usr/sbin:/usr/bin:/sbin:/bin'), ('LANG', 'C.UTF-8'), ('AMENT_PREFIX_PATH', '/workspace/install/sim:/workspace/install/fleet_msgs:/opt/ros/humble'), ('DEBIAN_FRONTEND', 'noninteractive'), ('PWD', '/workspace/build/sim'), ('LC_ALL', 'C.UTF-8'), ('PYTHONPATH', '/workspace/install/fleet_msgs/local/lib/python3.10/dist-packages:/opt/ros/humble/lib/python3.10/site-packages:/opt/ros/humble/local/lib/python3.10/dist-packages'), ('COLCON', '1'), ('CMAKE_PREFIX_PATH', '/workspace/install/sim:/workspace/install/fleet_msgs:/opt/ros/humble')]), 'shell': False}
[0.080978] (sim) CommandEnded: {'returncode': 0}
[0.082489] (sim) JobProgress: {'identifier': 'sim', 'progress': 'install'}
[0.083609] (fleet_msgs) StdoutLine: {'line': b'\x1b[35m\x1b[1mConsolidate compiler generated dependencies of target fleet_msgs__rosidl_generator_c\x1b[0m\n'}
[0.089996] (fleet_msgs) StdoutLine: {'line': b'[  2%] Built target fleet_msgs__cpp\n'}
[0.091565] (sim) Command: {'cmd': ['/usr/bin/cmake', '--install', '/workspace/build/sim'], 'cwd': '/workspace/build/sim', 'env': OrderedDict([('HOSTNAME', 'd97e9f3449de'), ('SHLVL', '0'), ('LD_LIBRARY_PATH', '/workspace/install/sim/lib:/workspace/install/fleet_msgs/lib:/opt/ros/humble/opt/rviz_ogre_vendor/lib:/opt/ros/humble/lib/aarch64-linux-gnu:/opt/ros/humble/lib'), ('HOME', '/root'), ('OLDPWD', '/workspace'), ('ROS_PYTHON_VERSION', '3'), ('COLCON_PREFIX_PATH', '/workspace/install'), ('ROS_DISTRO', 'humble'), ('_', '/usr/bin/colcon'), ('ROS_VERSION', '2'), ('TERM', 'xterm'), ('ROS_LOCALHOST_ONLY', '0'), ('PATH', '/opt/ros/humble/bin:/usr/local/sbin:/usr/local/bin:/usr/sbin:/usr/bin:/sbin:/bin'), ('LANG', 'C.UTF-8'), ('AMENT_PREFIX_PATH', '/workspace/install/sim:/workspace/install/fleet_msgs:/opt/ros/humble'), ('DEBIAN_FRONTEND', 'noninteractive'), ('PWD', '/workspace/build/sim'), ('LC_ALL', 'C.UTF-8'), ('PYTHONPATH', '/workspace/install/fleet_msgs/local/lib/python3.10/dist-packages:/opt/ros/humble/lib/python3.10/site-packages:/opt/ros/humble/local/lib/python3.10/dist-packages'), ('COLCON', '1'), ('CMAKE_PREFIX_PATH', '/workspace/install/sim:/workspace/install/fleet_msgs:/opt/ros/humble')]), 'shell': False}
[0.099820] (-) TimerEvent: {}
[0.101290] (fleet_msgs) StdoutLine: {'line': b'[ 12%] Built target fleet_msgs__rosidl_generator_c\n'}
[0.101720] (sim) StdoutLine: {'line': b'-- Install configuration: ""\n'}
[0.101905] (sim) StdoutLine: {'line': b'-- Up-to-date: /workspace/install/sim/share/sim/launch\n'}
[0.101975] (sim) StdoutLine: {'line': b'-- Up-to-date: /workspace/install/sim/share/sim/launch/view_stub.launch.py\n'}
[0.102031] (sim) StdoutLine: {'line': b'-- Up-to-date: /workspace/install/sim/share/sim/launch/headless.launch.py\n'}
[0.102283] (sim) StdoutLine: {'line': b'-- Up-to-date: /workspace/install/sim/share/sim/launch/south_pole.launch.py\n'}
[0.102366] (sim) StdoutLine: {'line': b'-- Up-to-date: /workspace/install/sim/share/sim/worlds\n'}
[0.102661] (sim) StdoutLine: {'line': b'-- Up-to-date: /workspace/install/sim/share/sim/worlds/lunar_gravity_test.world\n'}
[0.102901] (sim) StdoutLine: {'line': b'-- Up-to-date: /workspace/install/sim/share/sim/worlds/south_pole.world\n'}
[0.102965] (sim) StdoutLine: {'line': b'-- Up-to-date: /workspace/install/sim/share/sim/urdf\n'}
[0.103023] (sim) StdoutLine: {'line': b'-- Up-to-date: /workspace/install/sim/share/sim/urdf/transport_rover.urdf\n'}
[0.103258] (sim) StdoutLine: {'line': b'-- Up-to-date: /workspace/install/sim/share/sim/rviz\n'}
[0.103310] (sim) StdoutLine: {'line': b'-- Up-to-date: /workspace/install/sim/share/sim/rviz/view_robot.rviz\n'}
[0.103634] (sim) StdoutLine: {'line': b'-- Up-to-date: /workspace/install/sim/share/ament_index/resource_index/package_run_dependencies/sim\n'}
[0.103688] (sim) StdoutLine: {'line': b'-- Up-to-date: /workspace/install/sim/share/ament_index/resource_index/parent_prefix_path/sim\n'}
[0.104007] (sim) StdoutLine: {'line': b'-- Up-to-date: /workspace/install/sim/share/sim/environment/ament_prefix_path.sh\n'}
[0.104228] (sim) StdoutLine: {'line': b'-- Up-to-date: /workspace/install/sim/share/sim/environment/ament_prefix_path.dsv\n'}
[0.104295] (sim) StdoutLine: {'line': b'-- Up-to-date: /workspace/install/sim/share/sim/environment/path.sh\n'}
[0.104520] (sim) StdoutLine: {'line': b'-- Up-to-date: /workspace/install/sim/share/sim/environment/path.dsv\n'}
[0.104663] (sim) StdoutLine: {'line': b'-- Up-to-date: /workspace/install/sim/share/sim/local_setup.bash\n'}
[0.104814] (sim) StdoutLine: {'line': b'-- Up-to-date: /workspace/install/sim/share/sim/local_setup.sh\n'}
[0.105405] (sim) StdoutLine: {'line': b'-- Up-to-date: /workspace/install/sim/share/sim/local_setup.zsh\n'}
[0.105493] (sim) StdoutLine: {'line': b'-- Up-to-date: /workspace/install/sim/share/sim/local_setup.dsv\n'}
[0.105715] (sim) StdoutLine: {'line': b'-- Installing: /workspace/install/sim/share/sim/package.dsv\n'}
[0.105787] (sim) StdoutLine: {'line': b'-- Up-to-date: /workspace/install/sim/share/ament_index/resource_index/packages/sim\n'}
[0.105845] (sim) StdoutLine: {'line': b'-- Up-to-date: /workspace/install/sim/share/sim/cmake/simConfig.cmake\n'}
[0.106746] (sim) StdoutLine: {'line': b'-- Up-to-date: /workspace/install/sim/share/sim/cmake/simConfig-version.cmake\n'}
[0.106815] (sim) StdoutLine: {'line': b'-- Up-to-date: /workspace/install/sim/share/sim/package.xml\n'}
[0.106898] (sim) CommandEnded: {'returncode': 0}
[0.111905] (fleet_msgs) StdoutLine: {'line': b'\x1b[35m\x1b[1mConsolidate compiler generated dependencies of target fleet_msgs__rosidl_typesupport_fastrtps_cpp\x1b[0m\n'}
[0.113984] (fleet_msgs) StdoutLine: {'line': b'\x1b[35m\x1b[1mConsolidate compiler generated dependencies of target fleet_msgs__rosidl_typesupport_cpp\x1b[0m\n'}
[0.117554] (fleet_msgs) StdoutLine: {'line': b'[ 12%] Built target ament_cmake_python_copy_fleet_msgs\n'}
[0.117903] (fleet_msgs) StdoutLine: {'line': b'\x1b[35m\x1b[1mConsolidate compiler generated dependencies of target fleet_msgs__rosidl_typesupport_fastrtps_c\x1b[0m\n'}
[0.118252] (fleet_msgs) StdoutLine: {'line': b'\x1b[35m\x1b[1mConsolidate compiler generated dependencies of target fleet_msgs__rosidl_typesupport_introspection_cpp\x1b[0m\n'}
[0.120478] (fleet_msgs) StdoutLine: {'line': b'\x1b[35m\x1b[1mConsolidate compiler generated dependencies of target fleet_msgs__rosidl_typesupport_c\x1b[0m\n'}
[0.123479] (fleet_msgs) StdoutLine: {'line': b'\x1b[35m\x1b[1mConsolidate compiler generated dependencies of target fleet_msgs__rosidl_typesupport_introspection_c\x1b[0m\n'}
[0.135677] (fleet_msgs) StdoutLine: {'line': b'[ 23%] Built target fleet_msgs__rosidl_typesupport_fastrtps_cpp\n'}
[0.139777] (sim) JobEnded: {'identifier': 'sim', 'rc': 0}
[0.144516] (fleet_msgs) StdoutLine: {'line': b'[ 33%] Built target fleet_msgs__rosidl_typesupport_c\n'}
[0.145422] (fleet_msgs) StdoutLine: {'line': b'[ 43%] Built target fleet_msgs__rosidl_typesupport_cpp\n'}
[0.145848] (fleet_msgs) StdoutLine: {'line': b'[ 53%] Built target fleet_msgs__rosidl_typesupport_fastrtps_c\n'}
[0.150274] (fleet_msgs) StdoutLine: {'line': b'[ 74%] Built target fleet_msgs__rosidl_typesupport_introspection_cpp\n'}
[0.150433] (fleet_msgs) StdoutLine: {'line': b'[ 66%] Built target fleet_msgs__rosidl_typesupport_introspection_c\n'}
[0.169466] (fleet_msgs) StdoutLine: {'line': b'[ 74%] Built target fleet_msgs\n'}
[0.268794] (-) TimerEvent: {}
[0.304635] (fleet_msgs) StdoutLine: {'line': b'[ 76%] Built target fleet_msgs__py\n'}
[0.315359] (fleet_msgs) StdoutLine: {'line': b'\x1b[35m\x1b[1mConsolidate compiler generated dependencies of target fleet_msgs__rosidl_generator_py\x1b[0m\n'}
[0.340758] (fleet_msgs) StdoutLine: {'line': b'[ 84%] Built target fleet_msgs__rosidl_generator_py\n'}
[0.353855] (fleet_msgs) StdoutLine: {'line': b'\x1b[35m\x1b[1mConsolidate compiler generated dependencies of target fleet_msgs__rosidl_typesupport_introspection_c__pyext\x1b[0m\n'}
[0.354009] (fleet_msgs) StdoutLine: {'line': b'\x1b[35m\x1b[1mConsolidate compiler generated dependencies of target fleet_msgs__rosidl_typesupport_fastrtps_c__pyext\x1b[0m\n'}
[0.354116] (fleet_msgs) StdoutLine: {'line': b'\x1b[35m\x1b[1mConsolidate compiler generated dependencies of target fleet_msgs__rosidl_typesupport_c__pyext\x1b[0m\n'}
[0.369453] (-) TimerEvent: {}
[0.370470] (fleet_msgs) StdoutLine: {'line': b'[ 89%] Built target fleet_msgs__rosidl_typesupport_introspection_c__pyext\n'}
[0.372777] (fleet_msgs) StdoutLine: {'line': b'[ 94%] Built target fleet_msgs__rosidl_typesupport_fastrtps_c__pyext\n'}
[0.374489] (fleet_msgs) StdoutLine: {'line': b'[100%] Built target fleet_msgs__rosidl_typesupport_c__pyext\n'}
[0.396911] (fleet_msgs) StdoutLine: {'line': b'running egg_info\n'}
[0.397711] (fleet_msgs) StdoutLine: {'line': b'writing fleet_msgs.egg-info/PKG-INFO\n'}
[0.398575] (fleet_msgs) StdoutLine: {'line': b'writing dependency_links to fleet_msgs.egg-info/dependency_links.txt\n'}
[0.399446] (fleet_msgs) StdoutLine: {'line': b'writing top-level names to fleet_msgs.egg-info/top_level.txt\n'}
[0.401969] (fleet_msgs) StdoutLine: {'line': b"reading manifest file 'fleet_msgs.egg-info/SOURCES.txt'\n"}
[0.402559] (fleet_msgs) StdoutLine: {'line': b"writing manifest file 'fleet_msgs.egg-info/SOURCES.txt'\n"}
[0.423197] (fleet_msgs) StdoutLine: {'line': b'[100%] Built target ament_cmake_python_build_fleet_msgs_egg\n'}
[0.438719] (fleet_msgs) CommandEnded: {'returncode': 0}
[0.439774] (fleet_msgs) JobProgress: {'identifier': 'fleet_msgs', 'progress': 'install'}
[0.440112] (fleet_msgs) Command: {'cmd': ['/usr/bin/cmake', '--install', '/workspace/build/fleet_msgs'], 'cwd': '/workspace/build/fleet_msgs', 'env': OrderedDict([('HOSTNAME', 'd97e9f3449de'), ('SHLVL', '0'), ('LD_LIBRARY_PATH', '/workspace/install/sim/lib:/workspace/install/fleet_msgs/lib:/opt/ros/humble/opt/rviz_ogre_vendor/lib:/opt/ros/humble/lib/aarch64-linux-gnu:/opt/ros/humble/lib'), ('HOME', '/root'), ('OLDPWD', '/workspace'), ('ROS_PYTHON_VERSION', '3'), ('COLCON_PREFIX_PATH', '/workspace/install'), ('ROS_DISTRO', 'humble'), ('_', '/usr/bin/colcon'), ('ROS_VERSION', '2'), ('TERM', 'xterm'), ('ROS_LOCALHOST_ONLY', '0'), ('PATH', '/opt/ros/humble/bin:/usr/local/sbin:/usr/local/bin:/usr/sbin:/usr/bin:/sbin:/bin'), ('LANG', 'C.UTF-8'), ('AMENT_PREFIX_PATH', '/workspace/install/sim:/workspace/install/fleet_msgs:/opt/ros/humble'), ('DEBIAN_FRONTEND', 'noninteractive'), ('PWD', '/workspace/build/fleet_msgs'), ('LC_ALL', 'C.UTF-8'), ('PYTHONPATH', '/workspace/install/fleet_msgs/local/lib/python3.10/dist-packages:/opt/ros/humble/lib/python3.10/site-packages:/opt/ros/humble/local/lib/python3.10/dist-packages'), ('COLCON', '1'), ('CMAKE_PREFIX_PATH', '/workspace/install/sim:/workspace/install/fleet_msgs:/opt/ros/humble')]), 'shell': False}
[0.449531] (fleet_msgs) StdoutLine: {'line': b'-- Install configuration: ""\n'}
[0.449766] (fleet_msgs) StdoutLine: {'line': b'-- Up-to-date: /workspace/install/fleet_msgs/share/ament_index/resource_index/rosidl_interfaces/fleet_msgs\n'}
[0.449870] (fleet_msgs) StdoutLine: {'line': b'-- Up-to-date: /workspace/install/fleet_msgs/include/fleet_msgs/fleet_msgs\n'}
[0.449933] (fleet_msgs) StdoutLine: {'line': b'-- Up-to-date: /workspace/install/fleet_msgs/include/fleet_msgs/fleet_msgs/msg\n'}
[0.449986] (fleet_msgs) StdoutLine: {'line': b'-- Up-to-date: /workspace/install/fleet_msgs/include/fleet_msgs/fleet_msgs/msg/rosidl_generator_c__visibility_control.h\n'}
[0.450036] (fleet_msgs) StdoutLine: {'line': b'-- Up-to-date: /workspace/install/fleet_msgs/include/fleet_msgs/fleet_msgs/msg/battery_status.h\n'}
[0.450084] (fleet_msgs) StdoutLine: {'line': b'-- Up-to-date: /workspace/install/fleet_msgs/include/fleet_msgs/fleet_msgs/msg/detail\n'}
[0.450133] (fleet_msgs) StdoutLine: {'line': b'-- Up-to-date: /workspace/install/fleet_msgs/include/fleet_msgs/fleet_msgs/msg/detail/mass_reading__functions.c\n'}
[0.450180] (fleet_msgs) StdoutLine: {'line': b'-- Up-to-date: /workspace/install/fleet_msgs/include/fleet_msgs/fleet_msgs/msg/detail/battery_status__type_support.h\n'}
[0.450263] (fleet_msgs) StdoutLine: {'line': b'-- Up-to-date: /workspace/install/fleet_msgs/include/fleet_msgs/fleet_msgs/msg/detail/battery_status__functions.h\n'}
[0.450310] (fleet_msgs) StdoutLine: {'line': b'-- Up-to-date: /workspace/install/fleet_msgs/include/fleet_msgs/fleet_msgs/msg/detail/battery_status__struct.h\n'}
[0.450357] (fleet_msgs) StdoutLine: {'line': b'-- Up-to-date: /workspace/install/fleet_msgs/include/fleet_msgs/fleet_msgs/msg/detail/mass_reading__functions.h\n'}
[0.450402] (fleet_msgs) StdoutLine: {'line': b'-- Up-to-date: /workspace/install/fleet_msgs/include/fleet_msgs/fleet_msgs/msg/detail/battery_status__functions.c\n'}
[0.450477] (fleet_msgs) StdoutLine: {'line': b'-- Up-to-date: /workspace/install/fleet_msgs/include/fleet_msgs/fleet_msgs/msg/detail/mass_reading__struct.h\n'}
[0.450526] (fleet_msgs) StdoutLine: {'line': b'-- Up-to-date: /workspace/install/fleet_msgs/include/fleet_msgs/fleet_msgs/msg/detail/mass_reading__type_support.h\n'}
[0.450572] (fleet_msgs) StdoutLine: {'line': b'-- Up-to-date: /workspace/install/fleet_msgs/include/fleet_msgs/fleet_msgs/msg/mass_reading.h\n'}
[0.450628] (fleet_msgs) StdoutLine: {'line': b'-- Up-to-date: /workspace/install/fleet_msgs/share/fleet_msgs/environment/library_path.sh\n'}
[0.450683] (fleet_msgs) StdoutLine: {'line': b'-- Up-to-date: /workspace/install/fleet_msgs/share/fleet_msgs/environment/library_path.dsv\n'}
[0.450793] (fleet_msgs) StdoutLine: {'line': b'-- Up-to-date: /workspace/install/fleet_msgs/lib/libfleet_msgs__rosidl_generator_c.so\n'}
[0.450838] (fleet_msgs) StdoutLine: {'line': b'-- Up-to-date: /workspace/install/fleet_msgs/include/fleet_msgs/fleet_msgs\n'}
[0.450882] (fleet_msgs) StdoutLine: {'line': b'-- Up-to-date: /workspace/install/fleet_msgs/include/fleet_msgs/fleet_msgs/msg\n'}
[0.450925] (fleet_msgs) StdoutLine: {'line': b'-- Up-to-date: /workspace/install/fleet_msgs/include/fleet_msgs/fleet_msgs/msg/detail\n'}
[0.450968] (fleet_msgs) StdoutLine: {'line': b'-- Up-to-date: /workspace/install/fleet_msgs/include/fleet_msgs/fleet_msgs/msg/detail/mass_reading__rosidl_typesupport_fastrtps_c.h\n'}
[0.451012] (fleet_msgs) StdoutLine: {'line': b'-- Up-to-date: /workspace/install/fleet_msgs/include/fleet_msgs/fleet_msgs/msg/detail/battery_status__rosidl_typesupport_fastrtps_c.h\n'}
[0.451058] (fleet_msgs) StdoutLine: {'line': b'-- Up-to-date: /workspace/install/fleet_msgs/include/fleet_msgs/fleet_msgs/msg/rosidl_typesupport_fastrtps_c__visibility_control.h\n'}
[0.451267] (fleet_msgs) StdoutLine: {'line': b'-- Up-to-date: /workspace/install/fleet_msgs/lib/libfleet_msgs__rosidl_typesupport_fastrtps_c.so\n'}
[0.451341] (fleet_msgs) StdoutLine: {'line': b'-- Up-to-date: /workspace/install/fleet_msgs/include/fleet_msgs/fleet_msgs\n'}
[0.451403] (fleet_msgs) StdoutLine: {'line': b'-- Up-to-date: /workspace/install/fleet_msgs/include/fleet_msgs/fleet_msgs/msg\n'}
[0.451467] (fleet_msgs) StdoutLine: {'line': b'-- Up-to-date: /workspace/install/fleet_msgs/include/fleet_msgs/fleet_msgs/msg/detail\n'}
[0.451527] (fleet_msgs) StdoutLine: {'line': b'-- Up-to-date: /workspace/install/fleet_msgs/include/fleet_msgs/fleet_msgs/msg/detail/mass_reading__type_support.hpp\n'}
[0.451591] (fleet_msgs) StdoutLine: {'line': b'-- Up-to-date: /workspace/install/fleet_msgs/include/fleet_msgs/fleet_msgs/msg/detail/battery_status__struct.hpp\n'}
[0.451635] (fleet_msgs) StdoutLine: {'line': b'-- Up-to-date: /workspace/install/fleet_msgs/include/fleet_msgs/fleet_msgs/msg/detail/mass_reading__builder.hpp\n'}
[0.451679] (fleet_msgs) StdoutLine: {'line': b'-- Up-to-date: /workspace/install/fleet_msgs/include/fleet_msgs/fleet_msgs/msg/detail/mass_reading__traits.hpp\n'}
[0.451723] (fleet_msgs) StdoutLine: {'line': b'-- Up-to-date: /workspace/install/fleet_msgs/include/fleet_msgs/fleet_msgs/msg/detail/battery_status__traits.hpp\n'}
[0.451789] (fleet_msgs) StdoutLine: {'line': b'-- Up-to-date: /workspace/install/fleet_msgs/include/fleet_msgs/fleet_msgs/msg/detail/battery_status__builder.hpp\n'}
[0.451847] (fleet_msgs) StdoutLine: {'line': b'-- Up-to-date: /workspace/install/fleet_msgs/include/fleet_msgs/fleet_msgs/msg/detail/battery_status__type_support.hpp\n'}
[0.451904] (fleet_msgs) StdoutLine: {'line': b'-- Up-to-date: /workspace/install/fleet_msgs/include/fleet_msgs/fleet_msgs/msg/detail/mass_reading__struct.hpp\n'}
[0.451959] (fleet_msgs) StdoutLine: {'line': b'-- Up-to-date: /workspace/install/fleet_msgs/include/fleet_msgs/fleet_msgs/msg/rosidl_generator_cpp__visibility_control.hpp\n'}
[0.452005] (fleet_msgs) StdoutLine: {'line': b'-- Up-to-date: /workspace/install/fleet_msgs/include/fleet_msgs/fleet_msgs/msg/battery_status.hpp\n'}
[0.452049] (fleet_msgs) StdoutLine: {'line': b'-- Up-to-date: /workspace/install/fleet_msgs/include/fleet_msgs/fleet_msgs/msg/mass_reading.hpp\n'}
[0.452111] (fleet_msgs) StdoutLine: {'line': b'-- Up-to-date: /workspace/install/fleet_msgs/include/fleet_msgs/fleet_msgs\n'}
[0.452155] (fleet_msgs) StdoutLine: {'line': b'-- Up-to-date: /workspace/install/fleet_msgs/include/fleet_msgs/fleet_msgs/msg\n'}
[0.452203] (fleet_msgs) StdoutLine: {'line': b'-- Up-to-date: /workspace/install/fleet_msgs/include/fleet_msgs/fleet_msgs/msg/rosidl_typesupport_fastrtps_cpp__visibility_control.h\n'}
[0.452255] (fleet_msgs) StdoutLine: {'line': b'-- Up-to-date: /workspace/install/fleet_msgs/include/fleet_msgs/fleet_msgs/msg/detail\n'}
[0.452372] (fleet_msgs) StdoutLine: {'line': b'-- Up-to-date: /workspace/install/fleet_msgs/include/fleet_msgs/fleet_msgs/msg/detail/battery_status__rosidl_typesupport_fastrtps_cpp.hpp\n'}
[0.452430] (fleet_msgs) StdoutLine: {'line': b'-- Up-to-date: /workspace/install/fleet_msgs/include/fleet_msgs/fleet_msgs/msg/detail/mass_reading__rosidl_typesupport_fastrtps_cpp.hpp\n'}
[0.452482] (fleet_msgs) StdoutLine: {'line': b'-- Up-to-date: /workspace/install/fleet_msgs/include/fleet_msgs/fleet_msgs/msg/detail/dds_fastrtps\n'}
[0.452525] (fleet_msgs) StdoutLine: {'line': b'-- Up-to-date: /workspace/install/fleet_msgs/lib/libfleet_msgs__rosidl_typesupport_fastrtps_cpp.so\n'}
[0.452568] (fleet_msgs) StdoutLine: {'line': b'-- Up-to-date: /workspace/install/fleet_msgs/include/fleet_msgs/fleet_msgs\n'}
[0.452613] (fleet_msgs) StdoutLine: {'line': b'-- Up-to-date: /workspace/install/fleet_msgs/include/fleet_msgs/fleet_msgs/msg\n'}
[0.452663] (fleet_msgs) StdoutLine: {'line': b'-- Up-to-date: /workspace/install/fleet_msgs/include/fleet_msgs/fleet_msgs/msg/detail\n'}
[0.452732] (fleet_msgs) StdoutLine: {'line': b'-- Up-to-date: /workspace/install/fleet_msgs/include/fleet_msgs/fleet_msgs/msg/detail/battery_status__rosidl_typesupport_introspection_c.h\n'}
[0.452778] (fleet_msgs) StdoutLine: {'line': b'-- Up-to-date: /workspace/install/fleet_msgs/include/fleet_msgs/fleet_msgs/msg/detail/mass_reading__rosidl_typesupport_introspection_c.h\n'}
[0.452821] (fleet_msgs) StdoutLine: {'line': b'-- Up-to-date: /workspace/install/fleet_msgs/include/fleet_msgs/fleet_msgs/msg/detail/mass_reading__type_support.c\n'}
[0.452877] (fleet_msgs) StdoutLine: {'line': b'-- Up-to-date: /workspace/install/fleet_msgs/include/fleet_msgs/fleet_msgs/msg/detail/battery_status__type_support.c\n'}
[0.452921] (fleet_msgs) StdoutLine: {'line': b'-- Up-to-date: /workspace/install/fleet_msgs/include/fleet_msgs/fleet_msgs/msg/rosidl_typesupport_introspection_c__visibility_control.h\n'}
[0.452964] (fleet_msgs) StdoutLine: {'line': b'-- Up-to-date: /workspace/install/fleet_msgs/lib/libfleet_msgs__rosidl_typesupport_introspection_c.so\n'}
[0.453146] (fleet_msgs) StdoutLine: {'line': b'-- Up-to-date: /workspace/install/fleet_msgs/lib/libfleet_msgs__rosidl_typesupport_c.so\n'}
[0.453284] (fleet_msgs) StdoutLine: {'line': b'-- Up-to-date: /workspace/install/fleet_msgs/include/fleet_msgs/fleet_msgs\n'}
[0.453348] (fleet_msgs) StdoutLine: {'line': b'-- Up-to-date: /workspace/install/fleet_msgs/include/fleet_msgs/fleet_msgs/msg\n'}
[0.453419] (fleet_msgs) StdoutLine: {'line': b'-- Up-to-date: /workspace/install/fleet_msgs/include/fleet_msgs/fleet_msgs/msg/detail\n'}
[0.453464] (fleet_msgs) StdoutLine: {'line': b'-- Up-to-date: /workspace/install/fleet_msgs/include/fleet_msgs/fleet_msgs/msg/detail/battery_status__type_support.cpp\n'}
[0.453529] (fleet_msgs) StdoutLine: {'line': b'-- Up-to-date: /workspace/install/fleet_msgs/include/fleet_msgs/fleet_msgs/msg/detail/battery_status__rosidl_typesupport_introspection_cpp.hpp\n'}
[0.453575] (fleet_msgs) StdoutLine: {'line': b'-- Up-to-date: /workspace/install/fleet_msgs/include/fleet_msgs/fleet_msgs/msg/detail/mass_reading__type_support.cpp\n'}
[0.453629] (fleet_msgs) StdoutLine: {'line': b'-- Up-to-date: /workspace/install/fleet_msgs/include/fleet_msgs/fleet_msgs/msg/detail/mass_reading__rosidl_typesupport_introspection_cpp.hpp\n'}
[0.453674] (fleet_msgs) StdoutLine: {'line': b'-- Up-to-date: /workspace/install/fleet_msgs/lib/libfleet_msgs__rosidl_typesupport_introspection_cpp.so\n'}
[0.453852] (fleet_msgs) StdoutLine: {'line': b'-- Up-to-date: /workspace/install/fleet_msgs/lib/libfleet_msgs__rosidl_typesupport_cpp.so\n'}
[0.453946] (fleet_msgs) StdoutLine: {'line': b'-- Up-to-date: /workspace/install/fleet_msgs/share/fleet_msgs/environment/pythonpath.sh\n'}
[0.454012] (fleet_msgs) StdoutLine: {'line': b'-- Up-to-date: /workspace/install/fleet_msgs/share/fleet_msgs/environment/pythonpath.dsv\n'}
[0.454065] (fleet_msgs) StdoutLine: {'line': b'-- Up-to-date: /workspace/install/fleet_msgs/local/lib/python3.10/dist-packages/fleet_msgs-0.1.0-py3.10.egg-info\n'}
[0.454111] (fleet_msgs) StdoutLine: {'line': b'-- Installing: /workspace/install/fleet_msgs/local/lib/python3.10/dist-packages/fleet_msgs-0.1.0-py3.10.egg-info/PKG-INFO\n'}
[0.454694] (fleet_msgs) StdoutLine: {'line': b'-- Installing: /workspace/install/fleet_msgs/local/lib/python3.10/dist-packages/fleet_msgs-0.1.0-py3.10.egg-info/SOURCES.txt\n'}
[0.455013] (fleet_msgs) StdoutLine: {'line': b'-- Installing: /workspace/install/fleet_msgs/local/lib/python3.10/dist-packages/fleet_msgs-0.1.0-py3.10.egg-info/top_level.txt\n'}
[0.455344] (fleet_msgs) StdoutLine: {'line': b'-- Installing: /workspace/install/fleet_msgs/local/lib/python3.10/dist-packages/fleet_msgs-0.1.0-py3.10.egg-info/dependency_links.txt\n'}
[0.455846] (fleet_msgs) StdoutLine: {'line': b'-- Up-to-date: /workspace/install/fleet_msgs/local/lib/python3.10/dist-packages/fleet_msgs\n'}
[0.456072] (fleet_msgs) StdoutLine: {'line': b'-- Up-to-date: /workspace/install/fleet_msgs/local/lib/python3.10/dist-packages/fleet_msgs/_fleet_msgs_s.ep.rosidl_typesupport_introspection_c.c\n'}
[0.456434] (fleet_msgs) StdoutLine: {'line': b'-- Up-to-date: /workspace/install/fleet_msgs/local/lib/python3.10/dist-packages/fleet_msgs/msg\n'}
[0.456566] (fleet_msgs) StdoutLine: {'line': b'-- Up-to-date: /workspace/install/fleet_msgs/local/lib/python3.10/dist-packages/fleet_msgs/msg/_mass_reading_s.c\n'}
[0.456619] (fleet_msgs) StdoutLine: {'line': b'-- Up-to-date: /workspace/install/fleet_msgs/local/lib/python3.10/dist-packages/fleet_msgs/msg/_battery_status.py\n'}
[0.456666] (fleet_msgs) StdoutLine: {'line': b'-- Up-to-date: /workspace/install/fleet_msgs/local/lib/python3.10/dist-packages/fleet_msgs/msg/__init__.py\n'}
[0.456725] (fleet_msgs) StdoutLine: {'line': b'-- Up-to-date: /workspace/install/fleet_msgs/local/lib/python3.10/dist-packages/fleet_msgs/msg/_mass_reading.py\n'}
[0.456773] (fleet_msgs) StdoutLine: {'line': b'-- Up-to-date: /workspace/install/fleet_msgs/local/lib/python3.10/dist-packages/fleet_msgs/msg/_battery_status_s.c\n'}
[0.456818] (fleet_msgs) StdoutLine: {'line': b'-- Up-to-date: /workspace/install/fleet_msgs/local/lib/python3.10/dist-packages/fleet_msgs/fleet_msgs_s__rosidl_typesupport_fastrtps_c.cpython-310-aarch64-linux-gnu.so\n'}
[0.456865] (fleet_msgs) StdoutLine: {'line': b'-- Up-to-date: /workspace/install/fleet_msgs/local/lib/python3.10/dist-packages/fleet_msgs/__init__.py\n'}
[0.456911] (fleet_msgs) StdoutLine: {'line': b'-- Up-to-date: /workspace/install/fleet_msgs/local/lib/python3.10/dist-packages/fleet_msgs/_fleet_msgs_s.ep.rosidl_typesupport_fastrtps_c.c\n'}
[0.456957] (fleet_msgs) StdoutLine: {'line': b'-- Up-to-date: /workspace/install/fleet_msgs/local/lib/python3.10/dist-packages/fleet_msgs/_fleet_msgs_s.ep.rosidl_typesupport_c.c\n'}
[0.457003] (fleet_msgs) StdoutLine: {'line': b'-- Up-to-date: /workspace/install/fleet_msgs/local/lib/python3.10/dist-packages/fleet_msgs/fleet_msgs_s__rosidl_typesupport_introspection_c.cpython-310-aarch64-linux-gnu.so\n'}
[0.457072] (fleet_msgs) StdoutLine: {'line': b'-- Up-to-date: /workspace/install/fleet_msgs/local/lib/python3.10/dist-packages/fleet_msgs/libfleet_msgs__rosidl_generator_py.so\n'}
[0.457119] (fleet_msgs) StdoutLine: {'line': b'-- Up-to-date: /workspace/install/fleet_msgs/local/lib/python3.10/dist-packages/fleet_msgs/fleet_msgs_s__rosidl_typesupport_c.cpython-310-aarch64-linux-gnu.so\n'}
[0.470626] (-) TimerEvent: {}
[0.478623] (fleet_msgs) StdoutLine: {'line': b"Listing '/workspace/install/fleet_msgs/local/lib/python3.10/dist-packages/fleet_msgs'...\n"}
[0.479003] (fleet_msgs) StdoutLine: {'line': b"Listing '/workspace/install/fleet_msgs/local/lib/python3.10/dist-packages/fleet_msgs/msg'...\n"}
[0.482551] (fleet_msgs) StdoutLine: {'line': b'-- Up-to-date: /workspace/install/fleet_msgs/local/lib/python3.10/dist-packages/fleet_msgs/fleet_msgs_s__rosidl_typesupport_fastrtps_c.cpython-310-aarch64-linux-gnu.so\n'}
[0.482911] (fleet_msgs) StdoutLine: {'line': b'-- Up-to-date: /workspace/install/fleet_msgs/local/lib/python3.10/dist-packages/fleet_msgs/fleet_msgs_s__rosidl_typesupport_introspection_c.cpython-310-aarch64-linux-gnu.so\n'}
[0.483198] (fleet_msgs) StdoutLine: {'line': b'-- Up-to-date: /workspace/install/fleet_msgs/local/lib/python3.10/dist-packages/fleet_msgs/fleet_msgs_s__rosidl_typesupport_c.cpython-310-aarch64-linux-gnu.so\n'}
[0.483886] (fleet_msgs) StdoutLine: {'line': b'-- Up-to-date: /workspace/install/fleet_msgs/lib/libfleet_msgs__rosidl_generator_py.so\n'}
[0.484292] (fleet_msgs) StdoutLine: {'line': b'-- Up-to-date: /workspace/install/fleet_msgs/share/fleet_msgs/msg/MassReading.idl\n'}
[0.484733] (fleet_msgs) StdoutLine: {'line': b'-- Up-to-date: /workspace/install/fleet_msgs/share/fleet_msgs/msg/BatteryStatus.idl\n'}
[0.484803] (fleet_msgs) StdoutLine: {'line': b'-- Up-to-date: /workspace/install/fleet_msgs/share/fleet_msgs/msg/MassReading.msg\n'}
[0.484874] (fleet_msgs) StdoutLine: {'line': b'-- Up-to-date: /workspace/install/fleet_msgs/share/fleet_msgs/msg/BatteryStatus.msg\n'}
[0.484922] (fleet_msgs) StdoutLine: {'line': b'-- Up-to-date: /workspace/install/fleet_msgs/share/ament_index/resource_index/package_run_dependencies/fleet_msgs\n'}
[0.484987] (fleet_msgs) StdoutLine: {'line': b'-- Up-to-date: /workspace/install/fleet_msgs/share/ament_index/resource_index/parent_prefix_path/fleet_msgs\n'}
[0.485061] (fleet_msgs) StdoutLine: {'line': b'-- Up-to-date: /workspace/install/fleet_msgs/share/fleet_msgs/environment/ament_prefix_path.sh\n'}
[0.485114] (fleet_msgs) StdoutLine: {'line': b'-- Up-to-date: /workspace/install/fleet_msgs/share/fleet_msgs/environment/ament_prefix_path.dsv\n'}
[0.485175] (fleet_msgs) StdoutLine: {'line': b'-- Up-to-date: /workspace/install/fleet_msgs/share/fleet_msgs/environment/path.sh\n'}
[0.485221] (fleet_msgs) StdoutLine: {'line': b'-- Up-to-date: /workspace/install/fleet_msgs/share/fleet_msgs/environment/path.dsv\n'}
[0.485447] (fleet_msgs) StdoutLine: {'line': b'-- Up-to-date: /workspace/install/fleet_msgs/share/fleet_msgs/local_setup.bash\n'}
[0.485561] (fleet_msgs) StdoutLine: {'line': b'-- Up-to-date: /workspace/install/fleet_msgs/share/fleet_msgs/local_setup.sh\n'}
[0.485610] (fleet_msgs) StdoutLine: {'line': b'-- Up-to-date: /workspace/install/fleet_msgs/share/fleet_msgs/local_setup.zsh\n'}
[0.485656] (fleet_msgs) StdoutLine: {'line': b'-- Up-to-date: /workspace/install/fleet_msgs/share/fleet_msgs/local_setup.dsv\n'}
[0.485716] (fleet_msgs) StdoutLine: {'line': b'-- Installing: /workspace/install/fleet_msgs/share/fleet_msgs/package.dsv\n'}
[0.485811] (fleet_msgs) StdoutLine: {'line': b'-- Up-to-date: /workspace/install/fleet_msgs/share/ament_index/resource_index/packages/fleet_msgs\n'}
[0.485917] (fleet_msgs) StdoutLine: {'line': b'-- Up-to-date: /workspace/install/fleet_msgs/share/fleet_msgs/cmake/export_fleet_msgs__rosidl_generator_cExport.cmake\n'}
[0.486005] (fleet_msgs) StdoutLine: {'line': b'-- Up-to-date: /workspace/install/fleet_msgs/share/fleet_msgs/cmake/export_fleet_msgs__rosidl_generator_cExport-noconfig.cmake\n'}
[0.486072] (fleet_msgs) StdoutLine: {'line': b'-- Up-to-date: /workspace/install/fleet_msgs/share/fleet_msgs/cmake/export_fleet_msgs__rosidl_typesupport_fastrtps_cExport.cmake\n'}
[0.486133] (fleet_msgs) StdoutLine: {'line': b'-- Up-to-date: /workspace/install/fleet_msgs/share/fleet_msgs/cmake/export_fleet_msgs__rosidl_typesupport_fastrtps_cExport-noconfig.cmake\n'}
[0.486371] (fleet_msgs) StdoutLine: {'line': b'-- Up-to-date: /workspace/install/fleet_msgs/share/fleet_msgs/cmake/export_fleet_msgs__rosidl_generator_cppExport.cmake\n'}
[0.486525] (fleet_msgs) StdoutLine: {'line': b'-- Up-to-date: /workspace/install/fleet_msgs/share/fleet_msgs/cmake/export_fleet_msgs__rosidl_typesupport_fastrtps_cppExport.cmake\n'}
[0.486582] (fleet_msgs) StdoutLine: {'line': b'-- Up-to-date: /workspace/install/fleet_msgs/share/fleet_msgs/cmake/export_fleet_msgs__rosidl_typesupport_fastrtps_cppExport-noconfig.cmake\n'}
[0.486989] (fleet_msgs) StdoutLine: {'line': b'-- Up-to-date: /workspace/install/fleet_msgs/share/fleet_msgs/cmake/fleet_msgs__rosidl_typesupport_introspection_cExport.cmake\n'}
[0.487046] (fleet_msgs) StdoutLine: {'line': b'-- Up-to-date: /workspace/install/fleet_msgs/share/fleet_msgs/cmake/fleet_msgs__rosidl_typesupport_introspection_cExport-noconfig.cmake\n'}
[0.487218] (fleet_msgs) StdoutLine: {'line': b'-- Up-to-date: /workspace/install/fleet_msgs/share/fleet_msgs/cmake/fleet_msgs__rosidl_typesupport_cExport.cmake\n'}
[0.487295] (fleet_msgs) StdoutLine: {'line': b'-- Up-to-date: /workspace/install/fleet_msgs/share/fleet_msgs/cmake/fleet_msgs__rosidl_typesupport_cExport-noconfig.cmake\n'}
[0.487622] (fleet_msgs) StdoutLine: {'line': b'-- Up-to-date: /workspace/install/fleet_msgs/share/fleet_msgs/cmake/fleet_msgs__rosidl_typesupport_introspection_cppExport.cmake\n'}
[0.487710] (fleet_msgs) StdoutLine: {'line': b'-- Up-to-date: /workspace/install/fleet_msgs/share/fleet_msgs/cmake/fleet_msgs__rosidl_typesupport_introspection_cppExport-noconfig.cmake\n'}
[0.487955] (fleet_msgs) StdoutLine: {'line': b'-- Up-to-date: /workspace/install/fleet_msgs/share/fleet_msgs/cmake/fleet_msgs__rosidl_typesupport_cppExport.cmake\n'}
[0.488040] (fleet_msgs) StdoutLine: {'line': b'-- Up-to-date: /workspace/install/fleet_msgs/share/fleet_msgs/cmake/fleet_msgs__rosidl_typesupport_cppExport-noconfig.cmake\n'}
[0.488339] (fleet_msgs) StdoutLine: {'line': b'-- Up-to-date: /workspace/install/fleet_msgs/share/fleet_msgs/cmake/export_fleet_msgs__rosidl_generator_pyExport.cmake\n'}
[0.488398] (fleet_msgs) StdoutLine: {'line': b'-- Up-to-date: /workspace/install/fleet_msgs/share/fleet_msgs/cmake/export_fleet_msgs__rosidl_generator_pyExport-noconfig.cmake\n'}
[0.488457] (fleet_msgs) StdoutLine: {'line': b'-- Up-to-date: /workspace/install/fleet_msgs/share/fleet_msgs/cmake/rosidl_cmake-extras.cmake\n'}
[0.488527] (fleet_msgs) StdoutLine: {'line': b'-- Up-to-date: /workspace/install/fleet_msgs/share/fleet_msgs/cmake/ament_cmake_export_dependencies-extras.cmake\n'}
[0.488571] (fleet_msgs) StdoutLine: {'line': b'-- Up-to-date: /workspace/install/fleet_msgs/share/fleet_msgs/cmake/ament_cmake_export_include_directories-extras.cmake\n'}
[0.488634] (fleet_msgs) StdoutLine: {'line': b'-- Up-to-date: /workspace/install/fleet_msgs/share/fleet_msgs/cmake/ament_cmake_export_libraries-extras.cmake\n'}
[0.488680] (fleet_msgs) StdoutLine: {'line': b'-- Up-to-date: /workspace/install/fleet_msgs/share/fleet_msgs/cmake/ament_cmake_export_targets-extras.cmake\n'}
[0.488724] (fleet_msgs) StdoutLine: {'line': b'-- Up-to-date: /workspace/install/fleet_msgs/share/fleet_msgs/cmake/rosidl_cmake_export_typesupport_targets-extras.cmake\n'}
[0.488767] (fleet_msgs) StdoutLine: {'line': b'-- Up-to-date: /workspace/install/fleet_msgs/share/fleet_msgs/cmake/rosidl_cmake_export_typesupport_libraries-extras.cmake\n'}
[0.488812] (fleet_msgs) StdoutLine: {'line': b'-- Up-to-date: /workspace/install/fleet_msgs/share/fleet_msgs/cmake/fleet_msgsConfig.cmake\n'}
[0.488866] (fleet_msgs) StdoutLine: {'line': b'-- Up-to-date: /workspace/install/fleet_msgs/share/fleet_msgs/cmake/fleet_msgsConfig-version.cmake\n'}
[0.488932] (fleet_msgs) StdoutLine: {'line': b'-- Up-to-date: /workspace/install/fleet_msgs/share/fleet_msgs/package.xml\n'}
[0.491470] (fleet_msgs) CommandEnded: {'returncode': 0}
[0.505817] (fleet_msgs) JobEnded: {'identifier': 'fleet_msgs', 'rc': 0}
[0.506767] (-) EventReactorShutdown: {}
