[0.000000] (-) TimerEvent: {}
[0.000132] (examples_rclcpp_async_client) JobQueued: {'identifier': 'examples_rclcpp_async_client', 'dependencies': OrderedDict()}
[0.000165] (examples_rclcpp_cbg_executor) JobQueued: {'identifier': 'examples_rclcpp_cbg_executor', 'dependencies': OrderedDict()}
[0.000269] (examples_rclcpp_minimal_action_client) JobQueued: {'identifier': 'examples_rclcpp_minimal_action_client', 'dependencies': OrderedDict()}
[0.000493] (examples_rclcpp_minimal_action_server) JobQueued: {'identifier': 'examples_rclcpp_minimal_action_server', 'dependencies': OrderedDict()}
[0.000515] (examples_rclcpp_minimal_client) JobQueued: {'identifier': 'examples_rclcpp_minimal_client', 'dependencies': OrderedDict()}
[0.000534] (examples_rclcpp_minimal_composition) JobQueued: {'identifier': 'examples_rclcpp_minimal_composition', 'dependencies': OrderedDict()}
[0.000592] (examples_rclcpp_minimal_publisher) JobQueued: {'identifier': 'examples_rclcpp_minimal_publisher', 'dependencies': OrderedDict()}
[0.000614] (examples_rclcpp_minimal_service) JobQueued: {'identifier': 'examples_rclcpp_minimal_service', 'dependencies': OrderedDict()}
[0.000628] (examples_rclcpp_minimal_subscriber) JobQueued: {'identifier': 'examples_rclcpp_minimal_subscriber', 'dependencies': OrderedDict()}
[0.000642] (examples_rclcpp_minimal_timer) JobQueued: {'identifier': 'examples_rclcpp_minimal_timer', 'dependencies': OrderedDict()}
[0.000659] (examples_rclcpp_multithreaded_executor) JobQueued: {'identifier': 'examples_rclcpp_multithreaded_executor', 'dependencies': OrderedDict()}
[0.000672] (examples_rclcpp_wait_set) JobQueued: {'identifier': 'examples_rclcpp_wait_set', 'dependencies': OrderedDict()}
[0.000686] (examples_rclpy_executors) JobQueued: {'identifier': 'examples_rclpy_executors', 'dependencies': OrderedDict()}
[0.000704] (examples_rclpy_guard_conditions) JobQueued: {'identifier': 'examples_rclpy_guard_conditions', 'dependencies': OrderedDict()}
[0.000721] (examples_rclpy_minimal_action_client) JobQueued: {'identifier': 'examples_rclpy_minimal_action_client', 'dependencies': OrderedDict()}
[0.000735] (examples_rclpy_minimal_action_server) JobQueued: {'identifier': 'examples_rclpy_minimal_action_server', 'dependencies': OrderedDict()}
[0.000748] (examples_rclpy_minimal_client) JobQueued: {'identifier': 'examples_rclpy_minimal_client', 'dependencies': OrderedDict()}
[0.000765] (examples_rclpy_minimal_publisher) JobQueued: {'identifier': 'examples_rclpy_minimal_publisher', 'dependencies': OrderedDict()}
[0.000896] (examples_rclpy_minimal_service) JobQueued: {'identifier': 'examples_rclpy_minimal_service', 'dependencies': OrderedDict()}
[0.000917] (examples_rclpy_minimal_subscriber) JobQueued: {'identifier': 'examples_rclpy_minimal_subscriber', 'dependencies': OrderedDict()}
[0.000931] (examples_rclpy_pointcloud_publisher) JobQueued: {'identifier': 'examples_rclpy_pointcloud_publisher', 'dependencies': OrderedDict()}
[0.000944] (fleet_msgs) JobQueued: {'identifier': 'fleet_msgs', 'dependencies': OrderedDict()}
[0.000960] (launch_testing_examples) JobQueued: {'identifier': 'launch_testing_examples', 'dependencies': OrderedDict()}
[0.000974] (sim) JobQueued: {'identifier': 'sim', 'dependencies': OrderedDict()}
[0.000988] (examples_rclcpp_async_client) JobStarted: {'identifier': 'examples_rclcpp_async_client'}
[0.011252] (examples_rclcpp_cbg_executor) JobStarted: {'identifier': 'examples_rclcpp_cbg_executor'}
[0.014342] (examples_rclcpp_minimal_action_client) JobStarted: {'identifier': 'examples_rclcpp_minimal_action_client'}
[0.015498] (examples_rclcpp_minimal_action_server) JobStarted: {'identifier': 'examples_rclcpp_minimal_action_server'}
[0.017654] (examples_rclcpp_minimal_client) JobStarted: {'identifier': 'examples_rclcpp_minimal_client'}
[0.019977] (examples_rclcpp_minimal_composition) JobStarted: {'identifier': 'examples_rclcpp_minimal_composition'}
[0.021660] (examples_rclcpp_minimal_publisher) JobStarted: {'identifier': 'examples_rclcpp_minimal_publisher'}
[0.023891] (examples_rclcpp_minimal_service) JobStarted: {'identifier': 'examples_rclcpp_minimal_service'}
[0.027264] (examples_rclcpp_async_client) JobProgress: {'identifier': 'examples_rclcpp_async_client', 'progress': 'cmake'}
[0.027926] (examples_rclcpp_async_client) Command: {'cmd': ['/usr/bin/cmake', '/workspace/src/examples/rclcpp/services/async_client', '-DCMAKE_INSTALL_PREFIX=/workspace/install/examples_rclcpp_async_client'], 'cwd': '/workspace/build/examples_rclcpp_async_client', 'env': OrderedDict([('HOSTNAME', '2146e509b5be'), ('SHLVL', '0'), ('LD_LIBRARY_PATH', '/workspace/install/sim/lib:/workspace/install/fleet_msgs/lib:/opt/ros/humble/opt/rviz_ogre_vendor/lib:/opt/ros/humble/lib/aarch64-linux-gnu:/opt/ros/humble/lib'), ('HOME', '/root'), ('OLDPWD', '/workspace'), ('ROS_PYTHON_VERSION', '3'), ('COLCON_PREFIX_PATH', '/workspace/install'), ('ROS_DISTRO', 'humble'), ('_', '/usr/bin/colcon'), ('ROS_VERSION', '2'), ('TERM', 'xterm'), ('ROS_LOCALHOST_ONLY', '0'), ('PATH', '/opt/ros/humble/bin:/usr/local/sbin:/usr/local/bin:/usr/sbin:/usr/bin:/sbin:/bin'), ('LANG', 'C.UTF-8'), ('AMENT_PREFIX_PATH', '/workspace/install/sim:/workspace/install/fleet_msgs:/opt/ros/humble'), ('DEBIAN_FRONTEND', 'noninteractive'), ('PWD', '/workspace/build/examples_rclcpp_async_client'), ('LC_ALL', 'C.UTF-8'), ('PYTHONPATH', '/workspace/install/fleet_msgs/local/lib/python3.10/dist-packages:/opt/ros/humble/lib/python3.10/site-packages:/opt/ros/humble/local/lib/python3.10/dist-packages'), ('COLCON', '1'), ('CMAKE_PREFIX_PATH', '/workspace/install/sim:/workspace/install/fleet_msgs:/opt/ros/humble')]), 'shell': False}
[0.029828] (examples_rclcpp_cbg_executor) JobProgress: {'identifier': 'examples_rclcpp_cbg_executor', 'progress': 'cmake'}
[0.030721] (examples_rclcpp_cbg_executor) Command: {'cmd': ['/usr/bin/cmake', '/workspace/src/examples/rclcpp/executors/cbg_executor', '-DCMAKE_INSTALL_PREFIX=/workspace/install/examples_rclcpp_cbg_executor'], 'cwd': '/workspace/build/examples_rclcpp_cbg_executor', 'env': OrderedDict([('HOSTNAME', '2146e509b5be'), ('SHLVL', '0'), ('LD_LIBRARY_PATH', '/workspace/install/sim/lib:/workspace/install/fleet_msgs/lib:/opt/ros/humble/opt/rviz_ogre_vendor/lib:/opt/ros/humble/lib/aarch64-linux-gnu:/opt/ros/humble/lib'), ('HOME', '/root'), ('OLDPWD', '/workspace'), ('ROS_PYTHON_VERSION', '3'), ('COLCON_PREFIX_PATH', '/workspace/install'), ('ROS_DISTRO', 'humble'), ('_', '/usr/bin/colcon'), ('ROS_VERSION', '2'), ('TERM', 'xterm'), ('ROS_LOCALHOST_ONLY', '0'), ('PATH', '/opt/ros/humble/bin:/usr/local/sbin:/usr/local/bin:/usr/sbin:/usr/bin:/sbin:/bin'), ('LANG', 'C.UTF-8'), ('AMENT_PREFIX_PATH', '/workspace/install/sim:/workspace/install/fleet_msgs:/opt/ros/humble'), ('DEBIAN_FRONTEND', 'noninteractive'), ('PWD', '/workspace/build/examples_rclcpp_cbg_executor'), ('LC_ALL', 'C.UTF-8'), ('PYTHONPATH', '/workspace/install/fleet_msgs/local/lib/python3.10/dist-packages:/opt/ros/humble/lib/python3.10/site-packages:/opt/ros/humble/local/lib/python3.10/dist-packages'), ('COLCON', '1'), ('CMAKE_PREFIX_PATH', '/workspace/install/sim:/workspace/install/fleet_msgs:/opt/ros/humble')]), 'shell': False}
[0.032640] (examples_rclcpp_minimal_action_client) JobProgress: {'identifier': 'examples_rclcpp_minimal_action_client', 'progress': 'cmake'}
[0.033714] (examples_rclcpp_minimal_action_client) Command: {'cmd': ['/usr/bin/cmake', '/workspace/src/examples/rclcpp/actions/minimal_action_client', '-DCMAKE_INSTALL_PREFIX=/workspace/install/examples_rclcpp_minimal_action_client'], 'cwd': '/workspace/build/examples_rclcpp_minimal_action_client', 'env': OrderedDict([('HOSTNAME', '2146e509b5be'), ('SHLVL', '0'), ('LD_LIBRARY_PATH', '/workspace/install/sim/lib:/workspace/install/fleet_msgs/lib:/opt/ros/humble/opt/rviz_ogre_vendor/lib:/opt/ros/humble/lib/aarch64-linux-gnu:/opt/ros/humble/lib'), ('HOME', '/root'), ('OLDPWD', '/workspace'), ('ROS_PYTHON_VERSION', '3'), ('COLCON_PREFIX_PATH', '/workspace/install'), ('ROS_DISTRO', 'humble'), ('_', '/usr/bin/colcon'), ('ROS_VERSION', '2'), ('TERM', 'xterm'), ('ROS_LOCALHOST_ONLY', '0'), ('PATH', '/opt/ros/humble/bin:/usr/local/sbin:/usr/local/bin:/usr/sbin:/usr/bin:/sbin:/bin'), ('LANG', 'C.UTF-8'), ('AMENT_PREFIX_PATH', '/workspace/install/sim:/workspace/install/fleet_msgs:/opt/ros/humble'), ('DEBIAN_FRONTEND', 'noninteractive'), ('PWD', '/workspace/build/examples_rclcpp_minimal_action_client'), ('LC_ALL', 'C.UTF-8'), ('PYTHONPATH', '/workspace/install/fleet_msgs/local/lib/python3.10/dist-packages:/opt/ros/humble/lib/python3.10/site-packages:/opt/ros/humble/local/lib/python3.10/dist-packages'), ('COLCON', '1'), ('CMAKE_PREFIX_PATH', '/workspace/install/sim:/workspace/install/fleet_msgs:/opt/ros/humble')]), 'shell': False}
[0.035170] (examples_rclcpp_minimal_action_server) JobProgress: {'identifier': 'examples_rclcpp_minimal_action_server', 'progress': 'cmake'}
[0.038479] (examples_rclcpp_minimal_action_server) Command: {'cmd': ['/usr/bin/cmake', '/workspace/src/examples/rclcpp/actions/minimal_action_server', '-DCMAKE_INSTALL_PREFIX=/workspace/install/examples_rclcpp_minimal_action_server'], 'cwd': '/workspace/build/examples_rclcpp_minimal_action_server', 'env': OrderedDict([('HOSTNAME', '2146e509b5be'), ('SHLVL', '0'), ('LD_LIBRARY_PATH', '/workspace/install/sim/lib:/workspace/install/fleet_msgs/lib:/opt/ros/humble/opt/rviz_ogre_vendor/lib:/opt/ros/humble/lib/aarch64-linux-gnu:/opt/ros/humble/lib'), ('HOME', '/root'), ('OLDPWD', '/workspace'), ('ROS_PYTHON_VERSION', '3'), ('COLCON_PREFIX_PATH', '/workspace/install'), ('ROS_DISTRO', 'humble'), ('_', '/usr/bin/colcon'), ('ROS_VERSION', '2'), ('TERM', 'xterm'), ('ROS_LOCALHOST_ONLY', '0'), ('PATH', '/opt/ros/humble/bin:/usr/local/sbin:/usr/local/bin:/usr/sbin:/usr/bin:/sbin:/bin'), ('LANG', 'C.UTF-8'), ('AMENT_PREFIX_PATH', '/workspace/install/sim:/workspace/install/fleet_msgs:/opt/ros/humble'), ('DEBIAN_FRONTEND', 'noninteractive'), ('PWD', '/workspace/build/examples_rclcpp_minimal_action_server'), ('LC_ALL', 'C.UTF-8'), ('PYTHONPATH', '/workspace/install/fleet_msgs/local/lib/python3.10/dist-packages:/opt/ros/humble/lib/python3.10/site-packages:/opt/ros/humble/local/lib/python3.10/dist-packages'), ('COLCON', '1'), ('CMAKE_PREFIX_PATH', '/workspace/install/sim:/workspace/install/fleet_msgs:/opt/ros/humble')]), 'shell': False}
[0.040374] (examples_rclcpp_minimal_client) JobProgress: {'identifier': 'examples_rclcpp_minimal_client', 'progress': 'cmake'}
[0.043037] (examples_rclcpp_minimal_client) Command: {'cmd': ['/usr/bin/cmake', '/workspace/src/examples/rclcpp/services/minimal_client', '-DCMAKE_INSTALL_PREFIX=/workspace/install/examples_rclcpp_minimal_client'], 'cwd': '/workspace/build/examples_rclcpp_minimal_client', 'env': OrderedDict([('HOSTNAME', '2146e509b5be'), ('SHLVL', '0'), ('LD_LIBRARY_PATH', '/workspace/install/sim/lib:/workspace/install/fleet_msgs/lib:/opt/ros/humble/opt/rviz_ogre_vendor/lib:/opt/ros/humble/lib/aarch64-linux-gnu:/opt/ros/humble/lib'), ('HOME', '/root'), ('OLDPWD', '/workspace'), ('ROS_PYTHON_VERSION', '3'), ('COLCON_PREFIX_PATH', '/workspace/install'), ('ROS_DISTRO', 'humble'), ('_', '/usr/bin/colcon'), ('ROS_VERSION', '2'), ('TERM', 'xterm'), ('ROS_LOCALHOST_ONLY', '0'), ('PATH', '/opt/ros/humble/bin:/usr/local/sbin:/usr/local/bin:/usr/sbin:/usr/bin:/sbin:/bin'), ('LANG', 'C.UTF-8'), ('AMENT_PREFIX_PATH', '/workspace/install/sim:/workspace/install/fleet_msgs:/opt/ros/humble'), ('DEBIAN_FRONTEND', 'noninteractive'), ('PWD', '/workspace/build/examples_rclcpp_minimal_client'), ('LC_ALL', 'C.UTF-8'), ('PYTHONPATH', '/workspace/install/fleet_msgs/local/lib/python3.10/dist-packages:/opt/ros/humble/lib/python3.10/site-packages:/opt/ros/humble/local/lib/python3.10/dist-packages'), ('COLCON', '1'), ('CMAKE_PREFIX_PATH', '/workspace/install/sim:/workspace/install/fleet_msgs:/opt/ros/humble')]), 'shell': False}
[0.045239] (examples_rclcpp_minimal_composition) JobProgress: {'identifier': 'examples_rclcpp_minimal_composition', 'progress': 'cmake'}
[0.054502] (examples_rclcpp_minimal_composition) Command: {'cmd': ['/usr/bin/cmake', '/workspace/src/examples/rclcpp/composition/minimal_composition', '-DCMAKE_INSTALL_PREFIX=/workspace/install/examples_rclcpp_minimal_composition'], 'cwd': '/workspace/build/examples_rclcpp_minimal_composition', 'env': OrderedDict([('HOSTNAME', '2146e509b5be'), ('SHLVL', '0'), ('LD_LIBRARY_PATH', '/workspace/install/sim/lib:/workspace/install/fleet_msgs/lib:/opt/ros/humble/opt/rviz_ogre_vendor/lib:/opt/ros/humble/lib/aarch64-linux-gnu:/opt/ros/humble/lib'), ('HOME', '/root'), ('OLDPWD', '/workspace'), ('ROS_PYTHON_VERSION', '3'), ('COLCON_PREFIX_PATH', '/workspace/install'), ('ROS_DISTRO', 'humble'), ('_', '/usr/bin/colcon'), ('ROS_VERSION', '2'), ('TERM', 'xterm'), ('ROS_LOCALHOST_ONLY', '0'), ('PATH', '/opt/ros/humble/bin:/usr/local/sbin:/usr/local/bin:/usr/sbin:/usr/bin:/sbin:/bin'), ('LANG', 'C.UTF-8'), ('AMENT_PREFIX_PATH', '/workspace/install/sim:/workspace/install/fleet_msgs:/opt/ros/humble'), ('DEBIAN_FRONTEND', 'noninteractive'), ('PWD', '/workspace/build/examples_rclcpp_minimal_composition'), ('LC_ALL', 'C.UTF-8'), ('PYTHONPATH', '/workspace/install/fleet_msgs/local/lib/python3.10/dist-packages:/opt/ros/humble/lib/python3.10/site-packages:/opt/ros/humble/local/lib/python3.10/dist-packages'), ('COLCON', '1'), ('CMAKE_PREFIX_PATH', '/workspace/install/sim:/workspace/install/fleet_msgs:/opt/ros/humble')]), 'shell': False}
[0.058696] (examples_rclcpp_minimal_publisher) JobProgress: {'identifier': 'examples_rclcpp_minimal_publisher', 'progress': 'cmake'}
[0.060478] (examples_rclcpp_minimal_publisher) Command: {'cmd': ['/usr/bin/cmake', '/workspace/src/examples/rclcpp/topics/minimal_publisher', '-DCMAKE_INSTALL_PREFIX=/workspace/install/examples_rclcpp_minimal_publisher'], 'cwd': '/workspace/build/examples_rclcpp_minimal_publisher', 'env': OrderedDict([('HOSTNAME', '2146e509b5be'), ('SHLVL', '0'), ('LD_LIBRARY_PATH', '/workspace/install/sim/lib:/workspace/install/fleet_msgs/lib:/opt/ros/humble/opt/rviz_ogre_vendor/lib:/opt/ros/humble/lib/aarch64-linux-gnu:/opt/ros/humble/lib'), ('HOME', '/root'), ('OLDPWD', '/workspace'), ('ROS_PYTHON_VERSION', '3'), ('COLCON_PREFIX_PATH', '/workspace/install'), ('ROS_DISTRO', 'humble'), ('_', '/usr/bin/colcon'), ('ROS_VERSION', '2'), ('TERM', 'xterm'), ('ROS_LOCALHOST_ONLY', '0'), ('PATH', '/opt/ros/humble/bin:/usr/local/sbin:/usr/local/bin:/usr/sbin:/usr/bin:/sbin:/bin'), ('LANG', 'C.UTF-8'), ('AMENT_PREFIX_PATH', '/workspace/install/sim:/workspace/install/fleet_msgs:/opt/ros/humble'), ('DEBIAN_FRONTEND', 'noninteractive'), ('PWD', '/workspace/build/examples_rclcpp_minimal_publisher'), ('LC_ALL', 'C.UTF-8'), ('PYTHONPATH', '/workspace/install/fleet_msgs/local/lib/python3.10/dist-packages:/opt/ros/humble/lib/python3.10/site-packages:/opt/ros/humble/local/lib/python3.10/dist-packages'), ('COLCON', '1'), ('CMAKE_PREFIX_PATH', '/workspace/install/sim:/workspace/install/fleet_msgs:/opt/ros/humble')]), 'shell': False}
[0.077773] (examples_rclcpp_minimal_service) JobProgress: {'identifier': 'examples_rclcpp_minimal_service', 'progress': 'cmake'}
[0.081124] (examples_rclcpp_minimal_service) Command: {'cmd': ['/usr/bin/cmake', '/workspace/src/examples/rclcpp/services/minimal_service', '-DCMAKE_INSTALL_PREFIX=/workspace/install/examples_rclcpp_minimal_service'], 'cwd': '/workspace/build/examples_rclcpp_minimal_service', 'env': OrderedDict([('HOSTNAME', '2146e509b5be'), ('SHLVL', '0'), ('LD_LIBRARY_PATH', '/workspace/install/sim/lib:/workspace/install/fleet_msgs/lib:/opt/ros/humble/opt/rviz_ogre_vendor/lib:/opt/ros/humble/lib/aarch64-linux-gnu:/opt/ros/humble/lib'), ('HOME', '/root'), ('OLDPWD', '/workspace'), ('ROS_PYTHON_VERSION', '3'), ('COLCON_PREFIX_PATH', '/workspace/install'), ('ROS_DISTRO', 'humble'), ('_', '/usr/bin/colcon'), ('ROS_VERSION', '2'), ('TERM', 'xterm'), ('ROS_LOCALHOST_ONLY', '0'), ('PATH', '/opt/ros/humble/bin:/usr/local/sbin:/usr/local/bin:/usr/sbin:/usr/bin:/sbin:/bin'), ('LANG', 'C.UTF-8'), ('AMENT_PREFIX_PATH', '/workspace/install/sim:/workspace/install/fleet_msgs:/opt/ros/humble'), ('DEBIAN_FRONTEND', 'noninteractive'), ('PWD', '/workspace/build/examples_rclcpp_minimal_service'), ('LC_ALL', 'C.UTF-8'), ('PYTHONPATH', '/workspace/install/fleet_msgs/local/lib/python3.10/dist-packages:/opt/ros/humble/lib/python3.10/site-packages:/opt/ros/humble/local/lib/python3.10/dist-packages'), ('COLCON', '1'), ('CMAKE_PREFIX_PATH', '/workspace/install/sim:/workspace/install/fleet_msgs:/opt/ros/humble')]), 'shell': False}
[0.099176] (-) TimerEvent: {}
[0.168382] (examples_rclcpp_cbg_executor) StdoutLine: {'line': b'-- The C compiler identification is GNU 11.4.0\n'}
[0.176201] (examples_rclcpp_minimal_composition) StdoutLine: {'line': b'-- The C compiler identification is GNU 11.4.0\n'}
[0.180445] (examples_rclcpp_async_client) StdoutLine: {'line': b'-- The C compiler identification is GNU 11.4.0\n'}
[0.180619] (examples_rclcpp_minimal_action_server) StdoutLine: {'line': b'-- The C compiler identification is GNU 11.4.0\n'}
[0.181405] (examples_rclcpp_minimal_client) StdoutLine: {'line': b'-- The C compiler identification is GNU 11.4.0\n'}
[0.183782] (examples_rclcpp_minimal_action_client) StdoutLine: {'line': b'-- The C compiler identification is GNU 11.4.0\n'}
[0.199372] (-) TimerEvent: {}
[0.245224] (examples_rclcpp_minimal_composition) StdoutLine: {'line': b'-- The CXX compiler identification is GNU 11.4.0\n'}
[0.247613] (examples_rclcpp_cbg_executor) StdoutLine: {'line': b'-- The CXX compiler identification is GNU 11.4.0\n'}
[0.253330] (examples_rclcpp_minimal_action_server) StdoutLine: {'line': b'-- The CXX compiler identification is GNU 11.4.0\n'}
[0.260355] (examples_rclcpp_cbg_executor) StdoutLine: {'line': b'-- Detecting C compiler ABI info\n'}
[0.261651] (examples_rclcpp_minimal_composition) StdoutLine: {'line': b'-- Detecting C compiler ABI info\n'}
[0.261894] (examples_rclcpp_minimal_action_server) StdoutLine: {'line': b'-- Detecting C compiler ABI info\n'}
[0.270916] (examples_rclcpp_async_client) StdoutLine: {'line': b'-- The CXX compiler identification is GNU 11.4.0\n'}
[0.281525] (examples_rclcpp_async_client) StdoutLine: {'line': b'-- Detecting C compiler ABI info\n'}
[0.290405] (examples_rclcpp_minimal_client) StdoutLine: {'line': b'-- The CXX compiler identification is GNU 11.4.0\n'}
[0.292085] (examples_rclcpp_minimal_action_client) StdoutLine: {'line': b'-- The CXX compiler identification is GNU 11.4.0\n'}
[0.299528] (-) TimerEvent: {}
[0.303301] (examples_rclcpp_minimal_client) StdoutLine: {'line': b'-- Detecting C compiler ABI info\n'}
[0.312529] (examples_rclcpp_minimal_action_client) StdoutLine: {'line': b'-- Detecting C compiler ABI info\n'}
[0.378988] (examples_rclcpp_minimal_action_server) StdoutLine: {'line': b'-- Detecting C compiler ABI info - done\n'}
[0.386283] (examples_rclcpp_minimal_action_server) StdoutLine: {'line': b'-- Check for working C compiler: /usr/bin/cc - skipped\n'}
[0.390502] (examples_rclcpp_minimal_action_server) StdoutLine: {'line': b'-- Detecting C compile features\n'}
[0.390740] (examples_rclcpp_minimal_action_server) StdoutLine: {'line': b'-- Detecting C compile features - done\n'}
[0.391000] (examples_rclcpp_minimal_action_server) StdoutLine: {'line': b'-- Detecting CXX compiler ABI info\n'}
[0.394651] (examples_rclcpp_minimal_composition) StdoutLine: {'line': b'-- Detecting C compiler ABI info - done\n'}
[0.404013] (examples_rclcpp_cbg_executor) StdoutLine: {'line': b'-- Detecting C compiler ABI info - done\n'}
[0.405135] (-) TimerEvent: {}
[0.406817] (examples_rclcpp_minimal_composition) StdoutLine: {'line': b'-- Check for working C compiler: /usr/bin/cc - skipped\n'}
[0.408016] (examples_rclcpp_minimal_composition) StdoutLine: {'line': b'-- Detecting C compile features\n'}
[0.408249] (examples_rclcpp_minimal_composition) StdoutLine: {'line': b'-- Detecting C compile features - done\n'}
[0.411263] (examples_rclcpp_minimal_composition) StdoutLine: {'line': b'-- Detecting CXX compiler ABI info\n'}
[0.415409] (examples_rclcpp_cbg_executor) StdoutLine: {'line': b'-- Check for working C compiler: /usr/bin/cc - skipped\n'}
[0.415872] (examples_rclcpp_cbg_executor) StdoutLine: {'line': b'-- Detecting C compile features\n'}
[0.415955] (examples_rclcpp_cbg_executor) StdoutLine: {'line': b'-- Detecting C compile features - done\n'}
[0.418220] (examples_rclcpp_async_client) StdoutLine: {'line': b'-- Detecting C compiler ABI info - done\n'}
[0.421266] (examples_rclcpp_cbg_executor) StdoutLine: {'line': b'-- Detecting CXX compiler ABI info\n'}
[0.426127] (examples_rclcpp_minimal_client) StdoutLine: {'line': b'-- Detecting C compiler ABI info - done\n'}
[0.426833] (examples_rclcpp_async_client) StdoutLine: {'line': b'-- Check for working C compiler: /usr/bin/cc - skipped\n'}
[0.428892] (examples_rclcpp_async_client) StdoutLine: {'line': b'-- Detecting C compile features\n'}
[0.429411] (examples_rclcpp_async_client) StdoutLine: {'line': b'-- Detecting C compile features - done\n'}
[0.432694] (examples_rclcpp_async_client) StdoutLine: {'line': b'-- Detecting CXX compiler ABI info\n'}
[0.445538] (examples_rclcpp_minimal_action_client) StdoutLine: {'line': b'-- Detecting C compiler ABI info - done\n'}
[0.448274] (examples_rclcpp_minimal_client) StdoutLine: {'line': b'-- Check for working C compiler: /usr/bin/cc - skipped\n'}
[0.451338] (examples_rclcpp_minimal_client) StdoutLine: {'line': b'-- Detecting C compile features\n'}
[0.451558] (examples_rclcpp_minimal_client) StdoutLine: {'line': b'-- Detecting C compile features - done\n'}
[0.454552] (examples_rclcpp_minimal_action_client) StdoutLine: {'line': b'-- Check for working C compiler: /usr/bin/cc - skipped\n'}
[0.456073] (examples_rclcpp_minimal_action_client) StdoutLine: {'line': b'-- Detecting C compile features\n'}
[0.456183] (examples_rclcpp_minimal_client) StdoutLine: {'line': b'-- Detecting CXX compiler ABI info\n'}
[0.456307] (examples_rclcpp_minimal_action_client) StdoutLine: {'line': b'-- Detecting C compile features - done\n'}
[0.458959] (examples_rclcpp_minimal_action_client) StdoutLine: {'line': b'-- Detecting CXX compiler ABI info\n'}
[0.505286] (-) TimerEvent: {}
[0.551193] (examples_rclcpp_minimal_action_server) StdoutLine: {'line': b'-- Detecting CXX compiler ABI info - done\n'}
[0.572389] (examples_rclcpp_minimal_composition) StdoutLine: {'line': b'-- Detecting CXX compiler ABI info - done\n'}
[0.580535] (examples_rclcpp_minimal_action_server) StdoutLine: {'line': b'-- Check for working CXX compiler: /usr/bin/c++ - skipped\n'}
[0.581814] (examples_rclcpp_minimal_action_server) StdoutLine: {'line': b'-- Detecting CXX compile features\n'}
[0.582001] (examples_rclcpp_minimal_action_server) StdoutLine: {'line': b'-- Detecting CXX compile features - done\n'}
[0.585728] (examples_rclcpp_minimal_composition) StdoutLine: {'line': b'-- Check for working CXX compiler: /usr/bin/c++ - skipped\n'}
[0.591199] (examples_rclcpp_minimal_action_server) StdoutLine: {'line': b'-- Found ament_cmake: 1.3.11 (/opt/ros/humble/share/ament_cmake/cmake)\n'}
[0.591675] (examples_rclcpp_minimal_composition) StdoutLine: {'line': b'-- Detecting CXX compile features\n'}
[0.591976] (examples_rclcpp_minimal_composition) StdoutLine: {'line': b'-- Detecting CXX compile features - done\n'}
[0.602949] (examples_rclcpp_async_client) StdoutLine: {'line': b'-- Detecting CXX compiler ABI info - done\n'}
[0.621389] (-) TimerEvent: {}
[0.634889] (examples_rclcpp_minimal_composition) StdoutLine: {'line': b'-- Found ament_cmake: 1.3.11 (/opt/ros/humble/share/ament_cmake/cmake)\n'}
[0.637158] (examples_rclcpp_async_client) StdoutLine: {'line': b'-- Check for working CXX compiler: /usr/bin/c++ - skipped\n'}
[0.637935] (examples_rclcpp_async_client) StdoutLine: {'line': b'-- Detecting CXX compile features\n'}
[0.638525] (examples_rclcpp_async_client) StdoutLine: {'line': b'-- Detecting CXX compile features - done\n'}
[0.664320] (examples_rclcpp_async_client) StdoutLine: {'line': b'-- Found ament_cmake: 1.3.11 (/opt/ros/humble/share/ament_cmake/cmake)\n'}
[0.673193] (examples_rclcpp_minimal_action_client) StdoutLine: {'line': b'-- Detecting CXX compiler ABI info - done\n'}
[0.676386] (examples_rclcpp_cbg_executor) StdoutLine: {'line': b'-- Detecting CXX compiler ABI info - done\n'}
[0.688168] (examples_rclcpp_minimal_client) StdoutLine: {'line': b'-- Detecting CXX compiler ABI info - done\n'}
[0.698053] (examples_rclcpp_minimal_action_client) StdoutLine: {'line': b'-- Check for working CXX compiler: /usr/bin/c++ - skipped\n'}
[0.698253] (examples_rclcpp_minimal_action_client) StdoutLine: {'line': b'-- Detecting CXX compile features\n'}
[0.704165] (examples_rclcpp_minimal_action_client) StdoutLine: {'line': b'-- Detecting CXX compile features - done\n'}
[0.704363] (examples_rclcpp_cbg_executor) StdoutLine: {'line': b'-- Check for working CXX compiler: /usr/bin/c++ - skipped\n'}
[0.704433] (examples_rclcpp_cbg_executor) StdoutLine: {'line': b'-- Detecting CXX compile features\n'}
[0.704489] (examples_rclcpp_cbg_executor) StdoutLine: {'line': b'-- Detecting CXX compile features - done\n'}
[0.712334] (examples_rclcpp_cbg_executor) StdoutLine: {'line': b'-- Found ament_cmake: 1.3.11 (/opt/ros/humble/share/ament_cmake/cmake)\n'}
[0.715351] (examples_rclcpp_minimal_action_client) StdoutLine: {'line': b'-- Found ament_cmake: 1.3.11 (/opt/ros/humble/share/ament_cmake/cmake)\n'}
[0.718715] (examples_rclcpp_minimal_client) StdoutLine: {'line': b'-- Check for working CXX compiler: /usr/bin/c++ - skipped\n'}
[0.718869] (examples_rclcpp_minimal_client) StdoutLine: {'line': b'-- Detecting CXX compile features\n'}
[0.718929] (examples_rclcpp_minimal_client) StdoutLine: {'line': b'-- Detecting CXX compile features - done\n'}
[0.722942] (-) TimerEvent: {}
[0.723261] (examples_rclcpp_minimal_client) StdoutLine: {'line': b'-- Found ament_cmake: 1.3.11 (/opt/ros/humble/share/ament_cmake/cmake)\n'}
[0.818596] (examples_rclcpp_minimal_composition) StdoutLine: {'line': b'-- Found Python3: /usr/bin/python3 (found version "3.10.12") found components: Interpreter \n'}
[0.825920] (examples_rclcpp_minimal_action_server) StdoutLine: {'line': b'-- Found Python3: /usr/bin/python3 (found version "3.10.12") found components: Interpreter \n'}
[0.826509] (-) TimerEvent: {}
[0.848037] (examples_rclcpp_async_client) StdoutLine: {'line': b'-- Found Python3: /usr/bin/python3 (found version "3.10.12") found components: Interpreter \n'}
[0.900410] (examples_rclcpp_minimal_action_client) StdoutLine: {'line': b'-- Found Python3: /usr/bin/python3 (found version "3.10.12") found components: Interpreter \n'}
[0.907155] (examples_rclcpp_cbg_executor) StdoutLine: {'line': b'-- Found Python3: /usr/bin/python3 (found version "3.10.12") found components: Interpreter \n'}
[0.926604] (-) TimerEvent: {}
[0.947649] (examples_rclcpp_minimal_client) StdoutLine: {'line': b'-- Found Python3: /usr/bin/python3 (found version "3.10.12") found components: Interpreter \n'}
[0.979627] (examples_rclcpp_minimal_action_server) StdoutLine: {'line': b'-- Configuring incomplete, errors occurred!\n'}
[0.980011] (examples_rclcpp_minimal_action_server) StdoutLine: {'line': b'See also "/workspace/build/examples_rclcpp_minimal_action_server/CMakeFiles/CMakeOutput.log".\n'}
[0.982218] (examples_rclcpp_minimal_action_server) StderrLine: {'line': b'\x1b[31mCMake Error at CMakeLists.txt:14 (find_package):\n'}
[0.982453] (examples_rclcpp_minimal_action_server) StderrLine: {'line': b'  By not providing "Findexample_interfaces.cmake" in CMAKE_MODULE_PATH this\n'}
[0.982538] (examples_rclcpp_minimal_action_server) StderrLine: {'line': b'  project has asked CMake to find a package configuration file provided by\n'}
[0.982607] (examples_rclcpp_minimal_action_server) StderrLine: {'line': b'  "example_interfaces", but CMake did not find one.\n'}
[0.982689] (examples_rclcpp_minimal_action_server) StderrLine: {'line': b'\n'}
[0.982765] (examples_rclcpp_minimal_action_server) StderrLine: {'line': b'  Could not find a package configuration file provided by\n'}
[0.982832] (examples_rclcpp_minimal_action_server) StderrLine: {'line': b'  "example_interfaces" with any of the following names:\n'}
[0.982883] (examples_rclcpp_minimal_action_server) StderrLine: {'line': b'\n'}
[0.982930] (examples_rclcpp_minimal_action_server) StderrLine: {'line': b'    example_interfacesConfig.cmake\n'}
[0.982978] (examples_rclcpp_minimal_action_server) StderrLine: {'line': b'    example_interfaces-config.cmake\n'}
[0.983027] (examples_rclcpp_minimal_action_server) StderrLine: {'line': b'\n'}
[0.983075] (examples_rclcpp_minimal_action_server) StderrLine: {'line': b'  Add the installation prefix of "example_interfaces" to CMAKE_PREFIX_PATH or\n'}
[0.983170] (examples_rclcpp_minimal_action_server) StderrLine: {'line': b'  set "example_interfaces_DIR" to a directory containing one of the above\n'}
[0.983224] (examples_rclcpp_minimal_action_server) StderrLine: {'line': b'  files.  If "example_interfaces" provides a separate development package or\n'}
[0.983283] (examples_rclcpp_minimal_action_server) StderrLine: {'line': b'  SDK, be sure it has been installed.\n'}
[0.983342] (examples_rclcpp_minimal_action_server) StderrLine: {'line': b'\n'}
[0.983744] (examples_rclcpp_minimal_action_server) StderrLine: {'line': b'\x1b[0m\n'}
[0.987176] (examples_rclcpp_minimal_composition) StdoutLine: {'line': b'-- Found rclcpp: 16.0.12 (/opt/ros/humble/share/rclcpp/cmake)\n'}
[0.987389] (examples_rclcpp_minimal_publisher) StdoutLine: {'line': b'-- The C compiler identification is GNU 11.4.0\n'}
[0.987769] (examples_rclcpp_minimal_publisher) StdoutLine: {'line': b'-- The CXX compiler identification is GNU 11.4.0\n'}
[0.987851] (examples_rclcpp_minimal_publisher) StdoutLine: {'line': b'-- Detecting C compiler ABI info\n'}
[0.987908] (examples_rclcpp_minimal_publisher) StdoutLine: {'line': b'-- Detecting C compiler ABI info - done\n'}
[0.987962] (examples_rclcpp_minimal_publisher) StdoutLine: {'line': b'-- Check for working C compiler: /usr/bin/cc - skipped\n'}
[0.988015] (examples_rclcpp_minimal_publisher) StdoutLine: {'line': b'-- Detecting C compile features\n'}
[0.988066] (examples_rclcpp_minimal_publisher) StdoutLine: {'line': b'-- Detecting C compile features - done\n'}
[0.988125] (examples_rclcpp_minimal_publisher) StdoutLine: {'line': b'-- Detecting CXX compiler ABI info\n'}
[0.988176] (examples_rclcpp_minimal_publisher) StdoutLine: {'line': b'-- Detecting CXX compiler ABI info - done\n'}
[0.988240] (examples_rclcpp_minimal_publisher) StdoutLine: {'line': b'-- Check for working CXX compiler: /usr/bin/c++ - skipped\n'}
[0.988297] (examples_rclcpp_minimal_publisher) StdoutLine: {'line': b'-- Detecting CXX compile features\n'}
[0.988346] (examples_rclcpp_minimal_publisher) StdoutLine: {'line': b'-- Detecting CXX compile features - done\n'}
[0.988410] (examples_rclcpp_minimal_publisher) StdoutLine: {'line': b'-- Found ament_cmake: 1.3.11 (/opt/ros/humble/share/ament_cmake/cmake)\n'}
[0.988463] (examples_rclcpp_minimal_publisher) StdoutLine: {'line': b'-- Found Python3: /usr/bin/python3 (found version "3.10.12") found components: Interpreter \n'}
[0.988514] (examples_rclcpp_minimal_action_server) CommandEnded: {'returncode': 1}
[1.005345] (examples_rclcpp_minimal_action_server) JobEnded: {'identifier': 'examples_rclcpp_minimal_action_server', 'rc': 1}
[1.017109] (examples_rclcpp_cbg_executor) StdoutLine: {'line': b'-- Found rclcpp: 16.0.12 (/opt/ros/humble/share/rclcpp/cmake)\n'}
[1.024942] (examples_rclcpp_minimal_publisher) StdoutLine: {'line': b'-- Found rclcpp: 16.0.12 (/opt/ros/humble/share/rclcpp/cmake)\n'}
[1.029241] (-) TimerEvent: {}
[1.030120] (examples_rclcpp_async_client) StderrLine: {'line': b'\x1b[31mCMake Error at CMakeLists.txt:14 (find_package):\n'}
[1.030300] (examples_rclcpp_async_client) StderrLine: {'line': b'  By not providing "Findexample_interfaces.cmake" in CMAKE_MODULE_PATH this\n'}
[1.030362] (examples_rclcpp_async_client) StderrLine: {'line': b'  project has asked CMake to find a package configuration file provided by\n'}
[1.030416] (examples_rclcpp_async_client) StderrLine: {'line': b'  "example_interfaces", but CMake did not find one.\n'}
[1.030469] (examples_rclcpp_async_client) StderrLine: {'line': b'\n'}
[1.030518] (examples_rclcpp_async_client) StderrLine: {'line': b'  Could not find a package configuration file provided by\n'}
[1.030569] (examples_rclcpp_async_client) StderrLine: {'line': b'  "example_interfaces" with any of the following names:\n'}
[1.030618] (examples_rclcpp_async_client) StderrLine: {'line': b'\n'}
[1.030668] (examples_rclcpp_async_client) StderrLine: {'line': b'    example_interfacesConfig.cmake\n'}
[1.030718] (examples_rclcpp_async_client) StderrLine: {'line': b'    example_interfaces-config.cmake\n'}
[1.030781] (examples_rclcpp_async_client) StderrLine: {'line': b'\n'}
[1.030830] (examples_rclcpp_async_client) StderrLine: {'line': b'  Add the installation prefix of "example_interfaces" to CMAKE_PREFIX_PATH or\n'}
[1.030880] (examples_rclcpp_async_client) StderrLine: {'line': b'  set "example_interfaces_DIR" to a directory containing one of the above\n'}
[1.030929] (examples_rclcpp_async_client) StderrLine: {'line': b'  files.  If "example_interfaces" provides a separate development package or\n'}
[1.030978] (examples_rclcpp_async_client) StderrLine: {'line': b'  SDK, be sure it has been installed.\n'}
[1.031027] (examples_rclcpp_async_client) StderrLine: {'line': b'\n'}
[1.031076] (examples_rclcpp_async_client) StderrLine: {'line': b'\x1b[0m\n'}
[1.031667] (examples_rclcpp_async_client) StdoutLine: {'line': b'-- Configuring incomplete, errors occurred!\n'}
[1.031739] (examples_rclcpp_async_client) StdoutLine: {'line': b'See also "/workspace/build/examples_rclcpp_async_client/CMakeFiles/CMakeOutput.log".\n'}
[1.033816] (examples_rclcpp_minimal_action_client) StderrLine: {'line': b'\x1b[31mCMake Error at CMakeLists.txt:14 (find_package):\n'}
[1.034423] (examples_rclcpp_minimal_action_client) StderrLine: {'line': b'  By not providing "Findexample_interfaces.cmake" in CMAKE_MODULE_PATH this\n'}
[1.034511] (examples_rclcpp_minimal_action_client) StderrLine: {'line': b'  project has asked CMake to find a package configuration file provided by\n'}
[1.034568] (examples_rclcpp_minimal_action_client) StderrLine: {'line': b'  "example_interfaces", but CMake did not find one.\n'}
[1.034618] (examples_rclcpp_minimal_action_client) StderrLine: {'line': b'\n'}
[1.034674] (examples_rclcpp_minimal_action_client) StderrLine: {'line': b'  Could not find a package configuration file provided by\n'}
[1.034729] (examples_rclcpp_minimal_action_client) StderrLine: {'line': b'  "example_interfaces" with any of the following names:\n'}
[1.034777] (examples_rclcpp_minimal_action_client) StderrLine: {'line': b'\n'}
[1.034825] (examples_rclcpp_minimal_action_client) StderrLine: {'line': b'    example_interfacesConfig.cmake\n'}
[1.034872] (examples_rclcpp_minimal_action_client) StderrLine: {'line': b'    example_interfaces-config.cmake\n'}
[1.034921] (examples_rclcpp_minimal_action_client) StderrLine: {'line': b'\n'}
[1.034967] (examples_rclcpp_minimal_action_client) StderrLine: {'line': b'  Add the installation prefix of "example_interfaces" to CMAKE_PREFIX_PATH or\n'}
[1.035016] (examples_rclcpp_minimal_action_client) StderrLine: {'line': b'  set "example_interfaces_DIR" to a directory containing one of the above\n'}
[1.035065] (examples_rclcpp_minimal_action_client) StderrLine: {'line': b'  files.  If "example_interfaces" provides a separate development package or\n'}
[1.035125] (examples_rclcpp_minimal_action_client) StderrLine: {'line': b'  SDK, be sure it has been installed.\n'}
[1.035173] (examples_rclcpp_minimal_action_client) StderrLine: {'line': b'\n'}
[1.035223] (examples_rclcpp_minimal_action_client) StderrLine: {'line': b'\x1b[0m\n'}
[1.035273] (examples_rclcpp_minimal_action_client) StdoutLine: {'line': b'-- Configuring incomplete, errors occurred!\n'}
[1.035340] (examples_rclcpp_minimal_action_client) StdoutLine: {'line': b'See also "/workspace/build/examples_rclcpp_minimal_action_client/CMakeFiles/CMakeOutput.log".\n'}
[1.036295] (examples_rclcpp_minimal_service) StdoutLine: {'line': b'-- The C compiler identification is GNU 11.4.0\n'}
[1.036730] (examples_rclcpp_minimal_service) StdoutLine: {'line': b'-- The CXX compiler identification is GNU 11.4.0\n'}
[1.036951] (examples_rclcpp_minimal_service) StdoutLine: {'line': b'-- Detecting C compiler ABI info\n'}
[1.037913] (examples_rclcpp_minimal_service) StdoutLine: {'line': b'-- Detecting C compiler ABI info - done\n'}
[1.038186] (examples_rclcpp_minimal_service) StdoutLine: {'line': b'-- Check for working C compiler: /usr/bin/cc - skipped\n'}
[1.038363] (examples_rclcpp_minimal_service) StdoutLine: {'line': b'-- Detecting C compile features\n'}
[1.038581] (examples_rclcpp_minimal_service) StdoutLine: {'line': b'-- Detecting C compile features - done\n'}
[1.038755] (examples_rclcpp_minimal_service) StdoutLine: {'line': b'-- Detecting CXX compiler ABI info\n'}
[1.038969] (examples_rclcpp_minimal_service) StdoutLine: {'line': b'-- Detecting CXX compiler ABI info - done\n'}
[1.039155] (examples_rclcpp_minimal_service) StdoutLine: {'line': b'-- Check for working CXX compiler: /usr/bin/c++ - skipped\n'}
[1.039352] (examples_rclcpp_minimal_service) StdoutLine: {'line': b'-- Detecting CXX compile features\n'}
[1.039555] (examples_rclcpp_minimal_service) StdoutLine: {'line': b'-- Detecting CXX compile features - done\n'}
[1.039797] (examples_rclcpp_minimal_service) StdoutLine: {'line': b'-- Found ament_cmake: 1.3.11 (/opt/ros/humble/share/ament_cmake/cmake)\n'}
[1.042600] (examples_rclcpp_minimal_service) StdoutLine: {'line': b'-- Found Python3: /usr/bin/python3 (found version "3.10.12") found components: Interpreter \n'}
[1.042822] (examples_rclcpp_minimal_service) StdoutLine: {'line': b'-- Configuring incomplete, errors occurred!\n'}
[1.044275] (examples_rclcpp_minimal_service) StdoutLine: {'line': b'See also "/workspace/build/examples_rclcpp_minimal_service/CMakeFiles/CMakeOutput.log".\n'}
[1.046313] (examples_rclcpp_minimal_service) StderrLine: {'line': b'\x1b[31mCMake Error at CMakeLists.txt:14 (find_package):\n'}
[1.046439] (examples_rclcpp_minimal_service) StderrLine: {'line': b'  By not providing "Findexample_interfaces.cmake" in CMAKE_MODULE_PATH this\n'}
[1.046495] (examples_rclcpp_minimal_service) StderrLine: {'line': b'  project has asked CMake to find a package configuration file provided by\n'}
[1.046545] (examples_rclcpp_minimal_service) StderrLine: {'line': b'  "example_interfaces", but CMake did not find one.\n'}
[1.046598] (examples_rclcpp_minimal_service) StderrLine: {'line': b'\n'}
[1.046645] (examples_rclcpp_minimal_service) StderrLine: {'line': b'  Could not find a package configuration file provided by\n'}
[1.046693] (examples_rclcpp_minimal_service) StderrLine: {'line': b'  "example_interfaces" with any of the following names:\n'}
[1.046739] (examples_rclcpp_minimal_service) StderrLine: {'line': b'\n'}
[1.046833] (examples_rclcpp_minimal_service) StderrLine: {'line': b'    example_interfacesConfig.cmake\n'}
[1.046916] (examples_rclcpp_minimal_service) StderrLine: {'line': b'    example_interfaces-config.cmake\n'}
[1.047050] (examples_rclcpp_minimal_service) StderrLine: {'line': b'\n'}
[1.047110] (examples_rclcpp_minimal_service) StderrLine: {'line': b'  Add the installation prefix of "example_interfaces" to CMAKE_PREFIX_PATH or\n'}
[1.047519] (examples_rclcpp_minimal_service) StderrLine: {'line': b'  set "example_interfaces_DIR" to a directory containing one of the above\n'}
[1.047741] (examples_rclcpp_minimal_service) StderrLine: {'line': b'  files.  If "example_interfaces" provides a separate development package or\n'}
[1.047810] (examples_rclcpp_minimal_service) StderrLine: {'line': b'  SDK, be sure it has been installed.\n'}
[1.047863] (examples_rclcpp_minimal_service) StderrLine: {'line': b'\n'}
[1.047911] (examples_rclcpp_minimal_service) StderrLine: {'line': b'\x1b[0m\n'}
[1.047959] (examples_rclcpp_async_client) JobEnded: {'identifier': 'examples_rclcpp_async_client', 'rc': 'SIGINT'}
[1.048429] (examples_rclcpp_minimal_service) JobEnded: {'identifier': 'examples_rclcpp_minimal_service', 'rc': 'SIGINT'}
[1.048730] (examples_rclcpp_minimal_action_client) JobEnded: {'identifier': 'examples_rclcpp_minimal_action_client', 'rc': 'SIGINT'}
[1.051031] (examples_rclcpp_minimal_client) StdoutLine: {'line': b'-- Configuring incomplete, errors occurred!\n'}
[1.051407] (examples_rclcpp_minimal_client) StdoutLine: {'line': b'See also "/workspace/build/examples_rclcpp_minimal_client/CMakeFiles/CMakeOutput.log".\n'}
[1.052286] (examples_rclcpp_minimal_client) StderrLine: {'line': b'\x1b[31mCMake Error at CMakeLists.txt:14 (find_package):\n'}
[1.052713] (examples_rclcpp_minimal_client) StderrLine: {'line': b'  By not providing "Findexample_interfaces.cmake" in CMAKE_MODULE_PATH this\n'}
[1.052858] (examples_rclcpp_minimal_client) StderrLine: {'line': b'  project has asked CMake to find a package configuration file provided by\n'}
[1.052999] (examples_rclcpp_minimal_client) StderrLine: {'line': b'  "example_interfaces", but CMake did not find one.\n'}
[1.053144] (examples_rclcpp_minimal_client) StderrLine: {'line': b'\n'}
[1.053256] (examples_rclcpp_minimal_client) StderrLine: {'line': b'  Could not find a package configuration file provided by\n'}
[1.053378] (examples_rclcpp_minimal_client) StderrLine: {'line': b'  "example_interfaces" with any of the following names:\n'}
[1.053478] (examples_rclcpp_minimal_client) StderrLine: {'line': b'\n'}
[1.053600] (examples_rclcpp_minimal_client) StderrLine: {'line': b'    example_interfacesConfig.cmake\n'}
[1.053730] (examples_rclcpp_minimal_client) StderrLine: {'line': b'    example_interfaces-config.cmake\n'}
[1.053795] (examples_rclcpp_minimal_client) StderrLine: {'line': b'\n'}
[1.053849] (examples_rclcpp_minimal_client) StderrLine: {'line': b'  Add the installation prefix of "example_interfaces" to CMAKE_PREFIX_PATH or\n'}
[1.053901] (examples_rclcpp_minimal_client) StderrLine: {'line': b'  set "example_interfaces_DIR" to a directory containing one of the above\n'}
[1.053953] (examples_rclcpp_minimal_client) StderrLine: {'line': b'  files.  If "example_interfaces" provides a separate development package or\n'}
[1.054000] (examples_rclcpp_minimal_client) StderrLine: {'line': b'  SDK, be sure it has been installed.\n'}
[1.054047] (examples_rclcpp_minimal_client) StderrLine: {'line': b'\n'}
[1.054100] (examples_rclcpp_minimal_client) StderrLine: {'line': b'\x1b[0m\n'}
[1.054846] (examples_rclcpp_minimal_composition) StdoutLine: {'line': b'-- Found rosidl_generator_c: 3.1.6 (/opt/ros/humble/share/rosidl_generator_c/cmake)\n'}
[1.056079] (examples_rclcpp_minimal_client) JobEnded: {'identifier': 'examples_rclcpp_minimal_client', 'rc': 'SIGINT'}
[1.061643] (examples_rclcpp_minimal_composition) StdoutLine: {'line': b'-- Found rosidl_adapter: 3.1.6 (/opt/ros/humble/share/rosidl_adapter/cmake)\n'}
[1.069588] (examples_rclcpp_minimal_publisher) StdoutLine: {'line': b'-- Found rosidl_generator_c: 3.1.6 (/opt/ros/humble/share/rosidl_generator_c/cmake)\n'}
[1.070147] (examples_rclcpp_minimal_composition) StdoutLine: {'line': b'-- Found rosidl_generator_cpp: 3.1.6 (/opt/ros/humble/share/rosidl_generator_cpp/cmake)\n'}
[1.073352] (examples_rclcpp_cbg_executor) StdoutLine: {'line': b'-- Found rosidl_generator_c: 3.1.6 (/opt/ros/humble/share/rosidl_generator_c/cmake)\n'}
[1.073995] (examples_rclcpp_minimal_publisher) StdoutLine: {'line': b'-- Found rosidl_adapter: 3.1.6 (/opt/ros/humble/share/rosidl_adapter/cmake)\n'}
[1.078051] (examples_rclcpp_cbg_executor) StdoutLine: {'line': b'-- Found rosidl_adapter: 3.1.6 (/opt/ros/humble/share/rosidl_adapter/cmake)\n'}
[1.079150] (examples_rclcpp_minimal_composition) StdoutLine: {'line': b'-- Using all available rosidl_typesupport_c: rosidl_typesupport_fastrtps_c;rosidl_typesupport_introspection_c\n'}
[1.079985] (examples_rclcpp_minimal_publisher) StdoutLine: {'line': b'-- Found rosidl_generator_cpp: 3.1.6 (/opt/ros/humble/share/rosidl_generator_cpp/cmake)\n'}
[1.086499] (examples_rclcpp_cbg_executor) StdoutLine: {'line': b'-- Found rosidl_generator_cpp: 3.1.6 (/opt/ros/humble/share/rosidl_generator_cpp/cmake)\n'}
[1.090222] (examples_rclcpp_minimal_publisher) StdoutLine: {'line': b'-- Using all available rosidl_typesupport_c: rosidl_typesupport_fastrtps_c;rosidl_typesupport_introspection_c\n'}
[1.093161] (examples_rclcpp_minimal_composition) StdoutLine: {'line': b'-- Using all available rosidl_typesupport_cpp: rosidl_typesupport_fastrtps_cpp;rosidl_typesupport_introspection_cpp\n'}
[1.094559] (examples_rclcpp_cbg_executor) StdoutLine: {'line': b'-- Using all available rosidl_typesupport_c: rosidl_typesupport_fastrtps_c;rosidl_typesupport_introspection_c\n'}
[1.103266] (examples_rclcpp_minimal_publisher) StdoutLine: {'line': b'-- Using all available rosidl_typesupport_cpp: rosidl_typesupport_fastrtps_cpp;rosidl_typesupport_introspection_cpp\n'}
[1.109494] (examples_rclcpp_cbg_executor) StdoutLine: {'line': b'-- Using all available rosidl_typesupport_cpp: rosidl_typesupport_fastrtps_cpp;rosidl_typesupport_introspection_cpp\n'}
[1.129481] (-) TimerEvent: {}
[1.134496] (examples_rclcpp_minimal_composition) StdoutLine: {'line': b'-- Found rmw_implementation_cmake: 6.1.2 (/opt/ros/humble/share/rmw_implementation_cmake/cmake)\n'}
[1.137524] (examples_rclcpp_minimal_composition) StdoutLine: {'line': b'-- Found rmw_fastrtps_cpp: 6.2.7 (/opt/ros/humble/share/rmw_fastrtps_cpp/cmake)\n'}
[1.143046] (examples_rclcpp_minimal_publisher) StdoutLine: {'line': b'-- Found rmw_implementation_cmake: 6.1.2 (/opt/ros/humble/share/rmw_implementation_cmake/cmake)\n'}
[1.145562] (examples_rclcpp_minimal_publisher) StdoutLine: {'line': b'-- Found rmw_fastrtps_cpp: 6.2.7 (/opt/ros/humble/share/rmw_fastrtps_cpp/cmake)\n'}
[1.153996] (examples_rclcpp_cbg_executor) StdoutLine: {'line': b'-- Found rmw_implementation_cmake: 6.1.2 (/opt/ros/humble/share/rmw_implementation_cmake/cmake)\n'}
[1.156162] (examples_rclcpp_cbg_executor) StdoutLine: {'line': b'-- Found rmw_fastrtps_cpp: 6.2.7 (/opt/ros/humble/share/rmw_fastrtps_cpp/cmake)\n'}
[1.229788] (-) TimerEvent: {}
[1.238132] (examples_rclcpp_cbg_executor) StdoutLine: {'line': b'-- Found OpenSSL: /usr/lib/aarch64-linux-gnu/libcrypto.so (found version "3.0.2")  \n'}
[1.238298] (examples_rclcpp_minimal_composition) StdoutLine: {'line': b'-- Found OpenSSL: /usr/lib/aarch64-linux-gnu/libcrypto.so (found version "3.0.2")  \n'}
[1.239515] (examples_rclcpp_minimal_publisher) StdoutLine: {'line': b'-- Found OpenSSL: /usr/lib/aarch64-linux-gnu/libcrypto.so (found version "3.0.2")  \n'}
[1.252762] (examples_rclcpp_cbg_executor) StdoutLine: {'line': b'-- Found FastRTPS: /opt/ros/humble/include  \n'}
[1.253226] (examples_rclcpp_minimal_composition) StdoutLine: {'line': b'-- Found FastRTPS: /opt/ros/humble/include  \n'}
[1.255203] (examples_rclcpp_minimal_publisher) StdoutLine: {'line': b'-- Found FastRTPS: /opt/ros/humble/include  \n'}
[1.283328] (examples_rclcpp_cbg_executor) StdoutLine: {'line': b"-- Using RMW implementation 'rmw_fastrtps_cpp' as default\n"}
[1.284309] (examples_rclcpp_minimal_composition) StdoutLine: {'line': b"-- Using RMW implementation 'rmw_fastrtps_cpp' as default\n"}
[1.284461] (examples_rclcpp_minimal_publisher) StdoutLine: {'line': b"-- Using RMW implementation 'rmw_fastrtps_cpp' as default\n"}
[1.293489] (examples_rclcpp_minimal_publisher) StdoutLine: {'line': b'-- Looking for pthread.h\n'}
[1.293644] (examples_rclcpp_minimal_composition) StdoutLine: {'line': b'-- Looking for pthread.h\n'}
[1.293734] (examples_rclcpp_cbg_executor) StdoutLine: {'line': b'-- Looking for pthread.h\n'}
[1.330340] (-) TimerEvent: {}
[1.372878] (examples_rclcpp_minimal_composition) StdoutLine: {'line': b'-- Looking for pthread.h - found\n'}
[1.441449] (-) TimerEvent: {}
[1.487529] (examples_rclcpp_minimal_composition) StdoutLine: {'line': b'-- Performing Test CMAKE_HAVE_LIBC_PTHREAD\n'}
[1.494139] (examples_rclcpp_minimal_publisher) StdoutLine: {'line': b'-- Looking for pthread.h - found\n'}
[1.494336] (examples_rclcpp_minimal_publisher) StdoutLine: {'line': b'-- Performing Test CMAKE_HAVE_LIBC_PTHREAD\n'}
[1.527356] (examples_rclcpp_cbg_executor) StdoutLine: {'line': b'-- Looking for pthread.h - found\n'}
[1.529104] (examples_rclcpp_cbg_executor) StdoutLine: {'line': b'-- Performing Test CMAKE_HAVE_LIBC_PTHREAD\n'}
[1.541598] (-) TimerEvent: {}
[1.584385] (examples_rclcpp_minimal_composition) StdoutLine: {'line': b'-- Performing Test CMAKE_HAVE_LIBC_PTHREAD - Success\n'}
[1.584614] (examples_rclcpp_minimal_composition) StdoutLine: {'line': b'-- Found Threads: TRUE  \n'}
[1.584678] (examples_rclcpp_minimal_publisher) StdoutLine: {'line': b'-- Performing Test CMAKE_HAVE_LIBC_PTHREAD - Success\n'}
[1.584743] (examples_rclcpp_minimal_publisher) StdoutLine: {'line': b'-- Found Threads: TRUE  \n'}
[1.599166] (examples_rclcpp_cbg_executor) StdoutLine: {'line': b'-- Performing Test CMAKE_HAVE_LIBC_PTHREAD - Success\n'}
[1.599971] (examples_rclcpp_cbg_executor) StdoutLine: {'line': b'-- Found Threads: TRUE  \n'}
[1.630025] (examples_rclcpp_minimal_composition) StdoutLine: {'line': b'-- Found rclcpp_components: 16.0.12 (/opt/ros/humble/share/rclcpp_components/cmake)\n'}
[1.637936] (examples_rclcpp_minimal_publisher) StdoutLine: {'line': b'-- Found ament_lint_auto: 0.12.12 (/opt/ros/humble/share/ament_lint_auto/cmake)\n'}
[1.641744] (-) TimerEvent: {}
[1.656447] (examples_rclcpp_cbg_executor) StdoutLine: {'line': b'-- Found ament_lint_auto: 0.12.12 (/opt/ros/humble/share/ament_lint_auto/cmake)\n'}
[1.671643] (examples_rclcpp_minimal_composition) StdoutLine: {'line': b'-- Found ament_lint_auto: 0.12.12 (/opt/ros/humble/share/ament_lint_auto/cmake)\n'}
[1.720205] (examples_rclcpp_minimal_publisher) StdoutLine: {'line': b"-- Added test 'copyright' to check source files copyright and LICENSE\n"}
[1.722120] (examples_rclcpp_minimal_publisher) StdoutLine: {'line': b"-- Added test 'cppcheck' to perform static code analysis on C / C++ code\n"}
[1.722244] (examples_rclcpp_minimal_publisher) StdoutLine: {'line': b'-- Configured cppcheck include dirs: \n'}
[1.722306] (examples_rclcpp_minimal_publisher) StdoutLine: {'line': b'-- Configured cppcheck exclude dirs and/or files: \n'}
[1.723622] (examples_rclcpp_minimal_publisher) StdoutLine: {'line': b"-- Added test 'cpplint' to check C / C++ code against the Google style\n"}
[1.724535] (examples_rclcpp_minimal_publisher) StdoutLine: {'line': b'-- Configured cpplint exclude dirs and/or files: \n'}
[1.725366] (examples_rclcpp_minimal_publisher) StdoutLine: {'line': b"-- Added test 'lint_cmake' to check CMake code style\n"}
[1.726087] (examples_rclcpp_minimal_publisher) StdoutLine: {'line': b"-- Added test 'uncrustify' to check C / C++ code style\n"}
[1.726170] (examples_rclcpp_minimal_publisher) StdoutLine: {'line': b'-- Configured uncrustify additional arguments: \n'}
[1.726230] (examples_rclcpp_minimal_publisher) StdoutLine: {'line': b"-- Added test 'xmllint' to check XML markup files\n"}
[1.729460] (examples_rclcpp_minimal_publisher) StdoutLine: {'line': b'-- Configuring done\n'}
[1.731059] (examples_rclcpp_cbg_executor) StdoutLine: {'line': b"-- Added test 'copyright' to check source files copyright and LICENSE\n"}
[1.733717] (examples_rclcpp_cbg_executor) StdoutLine: {'line': b"-- Added test 'cppcheck' to perform static code analysis on C / C++ code\n"}
[1.734523] (examples_rclcpp_cbg_executor) StdoutLine: {'line': b'-- Configured cppcheck include dirs: /workspace/src/examples/rclcpp/executors/cbg_executor/include\n'}
[1.734789] (examples_rclcpp_cbg_executor) StdoutLine: {'line': b'-- Configured cppcheck exclude dirs and/or files: \n'}
[1.736204] (examples_rclcpp_cbg_executor) StdoutLine: {'line': b"-- Added test 'cpplint' to check C / C++ code against the Google style\n"}
[1.736581] (examples_rclcpp_cbg_executor) StdoutLine: {'line': b'-- Configured cpplint exclude dirs and/or files: \n'}
[1.738103] (examples_rclcpp_cbg_executor) StdoutLine: {'line': b"-- Added test 'lint_cmake' to check CMake code style\n"}
[1.742368] (-) TimerEvent: {}
[1.742501] (examples_rclcpp_minimal_composition) StdoutLine: {'line': b"-- Added test 'copyright' to check source files copyright and LICENSE\n"}
[1.743514] (examples_rclcpp_cbg_executor) StdoutLine: {'line': b"-- Added test 'uncrustify' to check C / C++ code style\n"}
[1.744005] (examples_rclcpp_minimal_composition) StdoutLine: {'line': b"-- Added test 'cppcheck' to perform static code analysis on C / C++ code\n"}
[1.744232] (examples_rclcpp_minimal_composition) StdoutLine: {'line': b'-- Configured cppcheck include dirs: /workspace/src/examples/rclcpp/composition/minimal_composition/include\n'}
[1.744294] (examples_rclcpp_minimal_composition) StdoutLine: {'line': b'-- Configured cppcheck exclude dirs and/or files: \n'}
[1.744624] (examples_rclcpp_cbg_executor) StdoutLine: {'line': b'-- Configured uncrustify additional arguments: \n'}
[1.744696] (examples_rclcpp_cbg_executor) StdoutLine: {'line': b"-- Added test 'xmllint' to check XML markup files\n"}
[1.746776] (examples_rclcpp_minimal_composition) StdoutLine: {'line': b"-- Added test 'cpplint' to check C / C++ code against the Google style\n"}
[1.747027] (examples_rclcpp_minimal_composition) StdoutLine: {'line': b'-- Configured cpplint exclude dirs and/or files: \n'}
[1.748399] (examples_rclcpp_minimal_composition) StdoutLine: {'line': b"-- Added test 'lint_cmake' to check CMake code style\n"}
[1.750371] (examples_rclcpp_cbg_executor) StdoutLine: {'line': b'-- Configuring done\n'}
[1.751918] (examples_rclcpp_minimal_composition) StdoutLine: {'line': b"-- Added test 'uncrustify' to check C / C++ code style\n"}
[1.752005] (examples_rclcpp_minimal_composition) StdoutLine: {'line': b'-- Configured uncrustify additional arguments: \n'}
[1.752077] (examples_rclcpp_minimal_composition) StdoutLine: {'line': b"-- Added test 'xmllint' to check XML markup files\n"}
[1.756031] (examples_rclcpp_minimal_composition) StdoutLine: {'line': b'-- Configuring done\n'}
[1.767085] (examples_rclcpp_minimal_publisher) StdoutLine: {'line': b'-- Generating done\n'}
[1.780388] (examples_rclcpp_cbg_executor) StdoutLine: {'line': b'-- Generating done\n'}
[1.781187] (examples_rclcpp_minimal_publisher) StdoutLine: {'line': b'-- Build files have been written to: /workspace/build/examples_rclcpp_minimal_publisher\n'}
[1.790024] (examples_rclcpp_cbg_executor) StdoutLine: {'line': b'-- Build files have been written to: /workspace/build/examples_rclcpp_cbg_executor\n'}
[1.794022] (examples_rclcpp_minimal_publisher) JobEnded: {'identifier': 'examples_rclcpp_minimal_publisher', 'rc': 'SIGINT'}
[1.795491] (examples_rclcpp_minimal_composition) StdoutLine: {'line': b'-- Generating done\n'}
[1.796401] (examples_rclcpp_cbg_executor) JobEnded: {'identifier': 'examples_rclcpp_cbg_executor', 'rc': 'SIGINT'}
[1.806815] (examples_rclcpp_minimal_composition) StdoutLine: {'line': b'-- Build files have been written to: /workspace/build/examples_rclcpp_minimal_composition\n'}
[1.811614] (examples_rclcpp_minimal_composition) JobEnded: {'identifier': 'examples_rclcpp_minimal_composition', 'rc': 'SIGINT'}
[1.824373] (examples_rclcpp_minimal_subscriber) JobSkipped: {'identifier': 'examples_rclcpp_minimal_subscriber'}
[1.824435] (examples_rclcpp_minimal_timer) JobSkipped: {'identifier': 'examples_rclcpp_minimal_timer'}
[1.824452] (examples_rclcpp_multithreaded_executor) JobSkipped: {'identifier': 'examples_rclcpp_multithreaded_executor'}
[1.824466] (examples_rclcpp_wait_set) JobSkipped: {'identifier': 'examples_rclcpp_wait_set'}
[1.824480] (examples_rclpy_executors) JobSkipped: {'identifier': 'examples_rclpy_executors'}
[1.824493] (examples_rclpy_guard_conditions) JobSkipped: {'identifier': 'examples_rclpy_guard_conditions'}
[1.824506] (examples_rclpy_minimal_action_client) JobSkipped: {'identifier': 'examples_rclpy_minimal_action_client'}
[1.824520] (examples_rclpy_minimal_action_server) JobSkipped: {'identifier': 'examples_rclpy_minimal_action_server'}
[1.824532] (examples_rclpy_minimal_client) JobSkipped: {'identifier': 'examples_rclpy_minimal_client'}
[1.824545] (examples_rclpy_minimal_publisher) JobSkipped: {'identifier': 'examples_rclpy_minimal_publisher'}
[1.824558] (examples_rclpy_minimal_service) JobSkipped: {'identifier': 'examples_rclpy_minimal_service'}
[1.824571] (examples_rclpy_minimal_subscriber) JobSkipped: {'identifier': 'examples_rclpy_minimal_subscriber'}
[1.824583] (examples_rclpy_pointcloud_publisher) JobSkipped: {'identifier': 'examples_rclpy_pointcloud_publisher'}
[1.824595] (fleet_msgs) JobSkipped: {'identifier': 'fleet_msgs'}
[1.824608] (launch_testing_examples) JobSkipped: {'identifier': 'launch_testing_examples'}
[1.824620] (sim) JobSkipped: {'identifier': 'sim'}
[1.824633] (-) EventReactorShutdown: {}
