[0.043s] Invoking command in '/workspace/build/examples_rclcpp_minimal_service': CMAKE_PREFIX_PATH=/opt/ros/humble /usr/bin/cmake /workspace/src/examples/rclcpp/services/minimal_service -DAMENT_CMAKE_SYMLINK_INSTALL=1 -DCMAKE_INSTALL_PREFIX=/workspace/install/examples_rclcpp_minimal_service
[1.261s] -- The C compiler identification is GNU 11.4.0
[1.261s] -- The CXX compiler identification is GNU 11.4.0
[1.261s] -- Detecting C compiler ABI info
[1.261s] -- Detecting C compiler ABI info - done
[1.261s] -- Check for working C compiler: /usr/bin/cc - skipped
[1.261s] -- Detecting C compile features
[1.261s] -- Detecting C compile features - done
[1.261s] -- Detecting CXX compiler ABI info
[1.261s] -- Detecting CXX compiler ABI info - done
[1.261s] -- Check for working CXX compiler: /usr/bin/c++ - skipped
[1.261s] -- Detecting CXX compile features
[1.261s] -- Detecting CXX compile features - done
[1.262s] -- Found ament_cmake: 1.3.11 (/opt/ros/humble/share/ament_cmake/cmake)
[1.262s] -- Found Python3: /usr/bin/python3 (found version "3.10.12") found components: Interpreter 
[1.262s] -- Override CMake install command with custom implementation using symlinks instead of copying resources
[1.262s] -- Configuring incomplete, errors occurred!
[1.262s] See also "/workspace/build/examples_rclcpp_minimal_service/CMakeFiles/CMakeOutput.log".
[1.262s] [31mCMake Error at CMakeLists.txt:14 (find_package):
[1.262s]   By not providing "Findexample_interfaces.cmake" in CMAKE_MODULE_PATH this
[1.262s]   project has asked CMake to find a package configuration file provided by
[1.262s]   "example_interfaces", but CMake did not find one.
[1.262s] 
[1.262s]   Could not find a package configuration file provided by
[1.262s]   "example_interfaces" with any of the following names:
[1.262s] 
[1.262s]     example_interfacesConfig.cmake
[1.262s]     example_interfaces-config.cmake
[1.262s] 
[1.262s]   Add the installation prefix of "example_interfaces" to CMAKE_PREFIX_PATH or
[1.262s]   set "example_interfaces_DIR" to a directory containing one of the above
[1.263s]   files.  If "example_interfaces" provides a separate development package or
[1.263s]   SDK, be sure it has been installed.
[1.263s] 
[1.263s] [0m
