[0.444s] Invoking command in '/workspace/build/examples_rclpy_minimal_publisher': PYTHONPATH=/workspace/build/examples_rclpy_minimal_publisher/prefix_override:/usr/lib/python3/dist-packages/colcon_core/task/python/colcon_distutils_commands:/workspace/install/examples_rclpy_minimal_publisher/lib/python3.10/site-packages:${PYTHONPATH} /usr/bin/python3 -W ignore:setup.py install is deprecated -W ignore:easy_install command is deprecated setup.py develop --editable --build-directory /workspace/build/examples_rclpy_minimal_publisher/build --no-deps symlink_data
[0.587s] running develop
[0.633s] running egg_info
[0.633s] creating examples_rclpy_minimal_publisher.egg-info
[0.634s] writing examples_rclpy_minimal_publisher.egg-info/PKG-INFO
[0.635s] writing dependency_links to examples_rclpy_minimal_publisher.egg-info/dependency_links.txt
[0.637s] writing entry points to examples_rclpy_minimal_publisher.egg-info/entry_points.txt
[0.637s] writing requirements to examples_rclpy_minimal_publisher.egg-info/requires.txt
[0.638s] writing top-level names to examples_rclpy_minimal_publisher.egg-info/top_level.txt
[0.638s] writing manifest file 'examples_rclpy_minimal_publisher.egg-info/SOURCES.txt'
[0.638s] reading manifest file 'examples_rclpy_minimal_publisher.egg-info/SOURCES.txt'
[0.640s] writing manifest file 'examples_rclpy_minimal_publisher.egg-info/SOURCES.txt'
[0.640s] running build_ext
[0.641s] Creating /workspace/install/examples_rclpy_minimal_publisher/lib/python3.10/site-packages/examples-rclpy-minimal-publisher.egg-link (link to .)
[0.641s] Installing publisher_local_function script to /workspace/install/examples_rclpy_minimal_publisher/lib/examples_rclpy_minimal_publisher
[0.642s] Installing publisher_member_function script to /workspace/install/examples_rclpy_minimal_publisher/lib/examples_rclpy_minimal_publisher
[0.642s] Installing publisher_member_function_with_wait_for_all_acked script to /workspace/install/examples_rclpy_minimal_publisher/lib/examples_rclpy_minimal_publisher
[0.642s] Installing publisher_old_school script to /workspace/install/examples_rclpy_minimal_publisher/lib/examples_rclpy_minimal_publisher
[0.642s] 
[0.642s] Installed /workspace/build/examples_rclpy_minimal_publisher
[0.642s] running symlink_data
[0.643s] creating /workspace/install/examples_rclpy_minimal_publisher/share/ament_index
[0.643s] creating /workspace/install/examples_rclpy_minimal_publisher/share/ament_index/resource_index
[0.643s] creating /workspace/install/examples_rclpy_minimal_publisher/share/ament_index/resource_index/packages
[0.643s] symbolically linking /workspace/build/examples_rclpy_minimal_publisher/resource/examples_rclpy_minimal_publisher -> /workspace/install/examples_rclpy_minimal_publisher/share/ament_index/resource_index/packages
[0.643s] symbolically linking /workspace/build/examples_rclpy_minimal_publisher/package.xml -> /workspace/install/examples_rclpy_minimal_publisher/share/examples_rclpy_minimal_publisher
[0.682s] Invoked command in '/workspace/build/examples_rclpy_minimal_publisher' returned '0': PYTHONPATH=/workspace/build/examples_rclpy_minimal_publisher/prefix_override:/usr/lib/python3/dist-packages/colcon_core/task/python/colcon_distutils_commands:/workspace/install/examples_rclpy_minimal_publisher/lib/python3.10/site-packages:${PYTHONPATH} /usr/bin/python3 -W ignore:setup.py install is deprecated -W ignore:easy_install command is deprecated setup.py develop --editable --build-directory /workspace/build/examples_rclpy_minimal_publisher/build --no-deps symlink_data
