-- Install configuration: ""
-- Up-to-date: /workspace/install/sim/share/sim/launch
-- Up-to-date: /workspace/install/sim/share/sim/launch/view_stub.launch.py
-- Up-to-date: /workspace/install/sim/share/sim/launch/headless.launch.py
-- Up-to-date: /workspace/install/sim/share/sim/worlds
-- Installing: /workspace/install/sim/share/sim/worlds/lunar_gravity_test.world
-- Up-to-date: /workspace/install/sim/share/sim/urdf
-- Up-to-date: /workspace/install/sim/share/sim/urdf/transport_rover.urdf
-- Up-to-date: /workspace/install/sim/share/sim/rviz
-- Up-to-date: /workspace/install/sim/share/sim/rviz/view_robot.rviz
-- Up-to-date: /workspace/install/sim/share/ament_index/resource_index/package_run_dependencies/sim
-- Up-to-date: /workspace/install/sim/share/ament_index/resource_index/parent_prefix_path/sim
-- Up-to-date: /workspace/install/sim/share/sim/environment/ament_prefix_path.sh
-- Up-to-date: /workspace/install/sim/share/sim/environment/ament_prefix_path.dsv
-- Up-to-date: /workspace/install/sim/share/sim/environment/path.sh
-- Up-to-date: /workspace/install/sim/share/sim/environment/path.dsv
-- Up-to-date: /workspace/install/sim/share/sim/local_setup.bash
-- Up-to-date: /workspace/install/sim/share/sim/local_setup.sh
-- Up-to-date: /workspace/install/sim/share/sim/local_setup.zsh
-- Up-to-date: /workspace/install/sim/share/sim/local_setup.dsv
-- Installing: /workspace/install/sim/share/sim/package.dsv
-- Up-to-date: /workspace/install/sim/share/ament_index/resource_index/packages/sim
-- Up-to-date: /workspace/install/sim/share/sim/cmake/simConfig.cmake
-- Up-to-date: /workspace/install/sim/share/sim/cmake/simConfig-version.cmake
-- Up-to-date: /workspace/install/sim/share/sim/package.xml
