[0.058s] Invoking command in '/workspace/build/examples_rclcpp_minimal_service': CMAKE_PREFIX_PATH=${CMAKE_PREFIX_PATH}:/opt/ros/humble /usr/bin/cmake /workspace/src/examples/rclcpp/services/minimal_service -DCMAKE_INSTALL_PREFIX=/workspace/install/examples_rclcpp_minimal_service
[1.013s] -- The C compiler identification is GNU 11.4.0
[1.013s] -- The CXX compiler identification is GNU 11.4.0
[1.013s] -- Detecting C compiler ABI info
[1.014s] -- Detecting C compiler ABI info - done
[1.014s] -- Check for working C compiler: /usr/bin/cc - skipped
[1.014s] -- Detecting C compile features
[1.015s] -- Detecting C compile features - done
[1.015s] -- Detecting CXX compiler ABI info
[1.015s] -- Detecting CXX compiler ABI info - done
[1.015s] -- Check for working CXX compiler: /usr/bin/c++ - skipped
[1.015s] -- Detecting CXX compile features
[1.016s] -- Detecting CXX compile features - done
[1.018s] -- Found ament_cmake: 1.3.11 (/opt/ros/humble/share/ament_cmake/cmake)
[1.019s] -- Found Python3: /usr/bin/python3 (found version "3.10.12") found components: Interpreter 
[1.020s] -- Configuring incomplete, errors occurred!
[1.022s] See also "/workspace/build/examples_rclcpp_minimal_service/CMakeFiles/CMakeOutput.log".
[1.022s] [31mCMake Error at CMakeLists.txt:14 (find_package):
[1.022s]   By not providing "Findexample_interfaces.cmake" in CMAKE_MODULE_PATH this
[1.022s]   project has asked CMake to find a package configuration file provided by
[1.023s]   "example_interfaces", but CMake did not find one.
[1.023s] 
[1.023s]   Could not find a package configuration file provided by
[1.023s]   "example_interfaces" with any of the following names:
[1.023s] 
[1.023s]     example_interfacesConfig.cmake
[1.023s]     example_interfaces-config.cmake
[1.023s] 
[1.023s]   Add the installation prefix of "example_interfaces" to CMAKE_PREFIX_PATH or
[1.024s]   set "example_interfaces_DIR" to a directory containing one of the above
[1.024s]   files.  If "example_interfaces" provides a separate development package or
[1.024s]   SDK, be sure it has been installed.
[1.024s] 
[1.024s] [0m
