[0.036s] Invoking command in '/workspace/build/examples_rclcpp_minimal_composition': CMAKE_PREFIX_PATH=/opt/ros/humble /usr/bin/cmake /workspace/src/examples/rclcpp/composition/minimal_composition -DAMENT_CMAKE_SYMLINK_INSTALL=1 -DCMAKE_INSTALL_PREFIX=/workspace/install/examples_rclcpp_minimal_composition
[0.512s] -- The C compiler identification is GNU 11.4.0
[0.666s] -- The CXX compiler identification is GNU 11.4.0
[0.677s] -- Detecting C compiler ABI info
[0.795s] -- Detecting C compiler ABI info - done
[0.813s] -- Check for working C compiler: /usr/bin/cc - skipped
[0.813s] -- Detecting C compile features
[0.814s] -- Detecting C compile features - done
[0.819s] -- Detecting CXX compiler ABI info
[0.927s] -- Detecting CXX compiler ABI info - done
[0.956s] -- Check for working CXX compiler: /usr/bin/c++ - skipped
[0.956s] -- Detecting CXX compile features
[0.956s] -- Detecting CXX compile features - done
[0.956s] -- Found ament_cmake: 1.3.11 (/opt/ros/humble/share/ament_cmake/cmake)
[1.075s] -- Found Python3: /usr/bin/python3 (found version "3.10.12") found components: Interpreter 
[1.195s] -- Override CMake install command with custom implementation using symlinks instead of copying resources
[1.248s] -- Found rclcpp: 16.0.12 (/opt/ros/humble/share/rclcpp/cmake)
[1.255s] -- Found rosidl_generator_c: 3.1.6 (/opt/ros/humble/share/rosidl_generator_c/cmake)
[1.256s] -- Found rosidl_adapter: 3.1.6 (/opt/ros/humble/share/rosidl_adapter/cmake)
[1.270s] -- Found rosidl_generator_cpp: 3.1.6 (/opt/ros/humble/share/rosidl_generator_cpp/cmake)
[1.276s] -- Using all available rosidl_typesupport_c: rosidl_typesupport_fastrtps_c;rosidl_typesupport_introspection_c
[1.305s] -- Using all available rosidl_typesupport_cpp: rosidl_typesupport_fastrtps_cpp;rosidl_typesupport_introspection_cpp
[1.355s] -- Found rmw_implementation_cmake: 6.1.2 (/opt/ros/humble/share/rmw_implementation_cmake/cmake)
[1.358s] -- Found rmw_fastrtps_cpp: 6.2.7 (/opt/ros/humble/share/rmw_fastrtps_cpp/cmake)
[1.440s] -- Found OpenSSL: /usr/lib/aarch64-linux-gnu/libcrypto.so (found version "3.0.2")  
[1.458s] -- Found FastRTPS: /opt/ros/humble/include  
[1.521s] -- Using RMW implementation 'rmw_fastrtps_cpp' as default
[1.530s] -- Looking for pthread.h
[1.646s] -- Looking for pthread.h - found
[1.646s] -- Performing Test CMAKE_HAVE_LIBC_PTHREAD
[1.709s] -- Performing Test CMAKE_HAVE_LIBC_PTHREAD - Success
[1.711s] -- Found Threads: TRUE  
[1.777s] -- Found rclcpp_components: 16.0.12 (/opt/ros/humble/share/rclcpp_components/cmake)
[1.808s] -- Found ament_lint_auto: 0.12.12 (/opt/ros/humble/share/ament_lint_auto/cmake)
[1.868s] -- Added test 'copyright' to check source files copyright and LICENSE
[1.870s] -- Added test 'cppcheck' to perform static code analysis on C / C++ code
[1.870s] -- Configured cppcheck include dirs: /workspace/src/examples/rclcpp/composition/minimal_composition/include
[1.871s] -- Configured cppcheck exclude dirs and/or files: 
[1.873s] -- Added test 'cpplint' to check C / C++ code against the Google style
[1.873s] -- Configured cpplint exclude dirs and/or files: 
[1.874s] -- Added test 'lint_cmake' to check CMake code style
[1.876s] -- Added test 'uncrustify' to check C / C++ code style
[1.876s] -- Configured uncrustify additional arguments: 
[1.877s] -- Added test 'xmllint' to check XML markup files
[1.880s] -- Configuring done
[1.919s] -- Generating done
[1.930s] -- Build files have been written to: /workspace/build/examples_rclcpp_minimal_composition
