[0.000000] (-) TimerEvent: {}
[0.000427] (-) JobUnselected: {'identifier': 'examples_rclcpp_async_client'}
[0.000532] (-) JobUnselected: {'identifier': 'examples_rclcpp_cbg_executor'}
[0.000562] (-) JobUnselected: {'identifier': 'examples_rclcpp_minimal_action_client'}
[0.000578] (-) JobUnselected: {'identifier': 'examples_rclcpp_minimal_action_server'}
[0.000862] (-) JobUnselected: {'identifier': 'examples_rclcpp_minimal_client'}
[0.000908] (-) JobUnselected: {'identifier': 'examples_rclcpp_minimal_composition'}
[0.000929] (-) JobUnselected: {'identifier': 'examples_rclcpp_minimal_publisher'}
[0.000945] (-) JobUnselected: {'identifier': 'examples_rclcpp_minimal_service'}
[0.000964] (-) JobUnselected: {'identifier': 'examples_rclcpp_minimal_subscriber'}
[0.000978] (-) JobUnselected: {'identifier': 'examples_rclcpp_minimal_timer'}
[0.000996] (-) JobUnselected: {'identifier': 'examples_rclcpp_multithreaded_executor'}
[0.001015] (-) JobUnselected: {'identifier': 'examples_rclcpp_wait_set'}
[0.001093] (-) JobUnselected: {'identifier': 'examples_rclpy_executors'}
[0.001167] (-) JobUnselected: {'identifier': 'examples_rclpy_guard_conditions'}
[0.001246] (-) JobUnselected: {'identifier': 'examples_rclpy_minimal_action_client'}
[0.001267] (-) JobUnselected: {'identifier': 'examples_rclpy_minimal_action_server'}
[0.001388] (-) JobUnselected: {'identifier': 'examples_rclpy_minimal_client'}
[0.001412] (-) JobUnselected: {'identifier': 'examples_rclpy_minimal_publisher'}
[0.001461] (-) JobUnselected: {'identifier': 'examples_rclpy_minimal_service'}
[0.001482] (-) JobUnselected: {'identifier': 'examples_rclpy_minimal_subscriber'}
[0.001497] (-) JobUnselected: {'identifier': 'examples_rclpy_pointcloud_publisher'}
[0.001510] (-) JobUnselected: {'identifier': 'launch_testing_examples'}
[0.001526] (sim) JobQueued: {'identifier': 'sim', 'dependencies': OrderedDict()}
[0.001543] (sim) JobStarted: {'identifier': 'sim'}
[0.008143] (sim) JobProgress: {'identifier': 'sim', 'progress': 'cmake'}
[0.008911] (sim) JobProgress: {'identifier': 'sim', 'progress': 'build'}
[0.009378] (sim) Command: {'cmd': ['/usr/bin/cmake', '--build', '/workspace/build/sim', '--', '-j8', '-l8'], 'cwd': '/workspace/build/sim', 'env': OrderedDict([('HOSTNAME', '96db99f8b1ec'), ('SHLVL', '0'), ('LD_LIBRARY_PATH', '/opt/ros/humble/opt/rviz_ogre_vendor/lib:/opt/ros/humble/lib/aarch64-linux-gnu:/opt/ros/humble/lib'), ('HOME', '/root'), ('OLDPWD', '/workspace'), ('ROS_PYTHON_VERSION', '3'), ('COLCON_PREFIX_PATH', '/workspace/install'), ('ROS_DISTRO', 'humble'), ('_', '/usr/bin/colcon'), ('ROS_VERSION', '2'), ('TERM', 'xterm'), ('ROS_LOCALHOST_ONLY', '0'), ('PATH', '/opt/ros/humble/bin:/usr/local/sbin:/usr/local/bin:/usr/sbin:/usr/bin:/sbin:/bin'), ('LANG', 'C.UTF-8'), ('AMENT_PREFIX_PATH', '/workspace/install/sim:/opt/ros/humble'), ('DEBIAN_FRONTEND', 'noninteractive'), ('PWD', '/workspace/build/sim'), ('LC_ALL', 'C.UTF-8'), ('PYTHONPATH', '/opt/ros/humble/lib/python3.10/site-packages:/opt/ros/humble/local/lib/python3.10/dist-packages'), ('COLCON', '1'), ('CMAKE_PREFIX_PATH', '/workspace/install/sim:/opt/ros/humble')]), 'shell': False}
[0.052307] (sim) CommandEnded: {'returncode': 0}
[0.053249] (sim) JobProgress: {'identifier': 'sim', 'progress': 'install'}
[0.064549] (sim) Command: {'cmd': ['/usr/bin/cmake', '--install', '/workspace/build/sim'], 'cwd': '/workspace/build/sim', 'env': OrderedDict([('HOSTNAME', '96db99f8b1ec'), ('SHLVL', '0'), ('LD_LIBRARY_PATH', '/opt/ros/humble/opt/rviz_ogre_vendor/lib:/opt/ros/humble/lib/aarch64-linux-gnu:/opt/ros/humble/lib'), ('HOME', '/root'), ('OLDPWD', '/workspace'), ('ROS_PYTHON_VERSION', '3'), ('COLCON_PREFIX_PATH', '/workspace/install'), ('ROS_DISTRO', 'humble'), ('_', '/usr/bin/colcon'), ('ROS_VERSION', '2'), ('TERM', 'xterm'), ('ROS_LOCALHOST_ONLY', '0'), ('PATH', '/opt/ros/humble/bin:/usr/local/sbin:/usr/local/bin:/usr/sbin:/usr/bin:/sbin:/bin'), ('LANG', 'C.UTF-8'), ('AMENT_PREFIX_PATH', '/workspace/install/sim:/opt/ros/humble'), ('DEBIAN_FRONTEND', 'noninteractive'), ('PWD', '/workspace/build/sim'), ('LC_ALL', 'C.UTF-8'), ('PYTHONPATH', '/opt/ros/humble/lib/python3.10/site-packages:/opt/ros/humble/local/lib/python3.10/dist-packages'), ('COLCON', '1'), ('CMAKE_PREFIX_PATH', '/workspace/install/sim:/opt/ros/humble')]), 'shell': False}
[0.065209] (sim) StdoutLine: {'line': b'-- Install configuration: ""\n'}
[0.065309] (sim) StdoutLine: {'line': b'-- Up-to-date: /workspace/install/sim/share/sim/launch\n'}
[0.065363] (sim) StdoutLine: {'line': b'-- Installing: /workspace/install/sim/share/sim/launch/view_stub.launch.py\n'}
[0.065414] (sim) StdoutLine: {'line': b'-- Up-to-date: /workspace/install/sim/share/sim/launch/headless.launch.py\n'}
[0.065462] (sim) StdoutLine: {'line': b'-- Up-to-date: /workspace/install/sim/share/sim/worlds\n'}
[0.065509] (sim) StdoutLine: {'line': b'-- Installing: /workspace/install/sim/share/sim/worlds/lunar_gravity_test.world\n'}
[0.065556] (sim) StdoutLine: {'line': b'-- Up-to-date: /workspace/install/sim/share/sim/urdf\n'}
[0.065602] (sim) StdoutLine: {'line': b'-- Up-to-date: /workspace/install/sim/share/sim/urdf/transport_rover.urdf\n'}
[0.065648] (sim) StdoutLine: {'line': b'-- Up-to-date: /workspace/install/sim/share/sim/rviz\n'}
[0.065692] (sim) StdoutLine: {'line': b'-- Up-to-date: /workspace/install/sim/share/sim/rviz/view_robot.rviz\n'}
[0.065737] (sim) StdoutLine: {'line': b'-- Up-to-date: /workspace/install/sim/share/ament_index/resource_index/package_run_dependencies/sim\n'}
[0.065782] (sim) StdoutLine: {'line': b'-- Up-to-date: /workspace/install/sim/share/ament_index/resource_index/parent_prefix_path/sim\n'}
[0.065827] (sim) StdoutLine: {'line': b'-- Up-to-date: /workspace/install/sim/share/sim/environment/ament_prefix_path.sh\n'}
[0.065871] (sim) StdoutLine: {'line': b'-- Up-to-date: /workspace/install/sim/share/sim/environment/ament_prefix_path.dsv\n'}
[0.065914] (sim) StdoutLine: {'line': b'-- Up-to-date: /workspace/install/sim/share/sim/environment/path.sh\n'}
[0.065958] (sim) StdoutLine: {'line': b'-- Up-to-date: /workspace/install/sim/share/sim/environment/path.dsv\n'}
[0.066002] (sim) StdoutLine: {'line': b'-- Up-to-date: /workspace/install/sim/share/sim/local_setup.bash\n'}
[0.066045] (sim) StdoutLine: {'line': b'-- Up-to-date: /workspace/install/sim/share/sim/local_setup.sh\n'}
[0.066089] (sim) StdoutLine: {'line': b'-- Up-to-date: /workspace/install/sim/share/sim/local_setup.zsh\n'}
[0.066133] (sim) StdoutLine: {'line': b'-- Up-to-date: /workspace/install/sim/share/sim/local_setup.dsv\n'}
[0.066177] (sim) StdoutLine: {'line': b'-- Up-to-date: /workspace/install/sim/share/sim/package.dsv\n'}
[0.066226] (sim) StdoutLine: {'line': b'-- Up-to-date: /workspace/install/sim/share/ament_index/resource_index/packages/sim\n'}
[0.066270] (sim) StdoutLine: {'line': b'-- Up-to-date: /workspace/install/sim/share/sim/cmake/simConfig.cmake\n'}
[0.066313] (sim) StdoutLine: {'line': b'-- Up-to-date: /workspace/install/sim/share/sim/cmake/simConfig-version.cmake\n'}
[0.066357] (sim) StdoutLine: {'line': b'-- Up-to-date: /workspace/install/sim/share/sim/package.xml\n'}
[0.066543] (sim) CommandEnded: {'returncode': 0}
[0.078951] (sim) JobEnded: {'identifier': 'sim', 'rc': 0}
[0.079524] (-) EventReactorShutdown: {}
