[0.021s] Invoking command in '/workspace/build/examples_rclcpp_async_client': CMAKE_PREFIX_PATH=/opt/ros/humble /usr/bin/cmake /workspace/src/examples/rclcpp/services/async_client -DAMENT_CMAKE_SYMLINK_INSTALL=1 -DCMAKE_INSTALL_PREFIX=/workspace/install/examples_rclcpp_async_client
[0.526s] -- The C compiler identification is GNU 11.4.0
[0.644s] -- The CXX compiler identification is GNU 11.4.0
[0.668s] -- Detecting C compiler ABI info
[0.805s] -- Detecting C compiler ABI info - done
[0.819s] -- Check for working C compiler: /usr/bin/cc - skipped
[0.819s] -- Detecting C compile features
[0.819s] -- Detecting C compile features - done
[0.828s] -- Detecting CXX compiler ABI info
[0.944s] -- Detecting CXX compiler ABI info - done
[0.968s] -- Check for working CXX compiler: /usr/bin/c++ - skipped
[0.968s] -- Detecting CXX compile features
[0.968s] -- Detecting CXX compile features - done
[0.969s] -- Found ament_cmake: 1.3.11 (/opt/ros/humble/share/ament_cmake/cmake)
[1.071s] -- Found Python3: /usr/bin/python3 (found version "3.10.12") found components: Interpreter 
[1.142s] -- Override CMake install command with custom implementation using symlinks instead of copying resources
[1.219s] -- Configuring incomplete, errors occurred!
[1.219s] See also "/workspace/build/examples_rclcpp_async_client/CMakeFiles/CMakeOutput.log".
[1.219s] [31mCMake Error at CMakeLists.txt:14 (find_package):
[1.219s]   By not providing "Findexample_interfaces.cmake" in CMAKE_MODULE_PATH this
[1.219s]   project has asked CMake to find a package configuration file provided by
[1.219s]   "example_interfaces", but CMake did not find one.
[1.219s] 
[1.219s]   Could not find a package configuration file provided by
[1.219s]   "example_interfaces" with any of the following names:
[1.219s] 
[1.220s]     example_interfacesConfig.cmake
[1.220s]     example_interfaces-config.cmake
[1.220s] 
[1.220s]   Add the installation prefix of "example_interfaces" to CMAKE_PREFIX_PATH or
[1.220s]   set "example_interfaces_DIR" to a directory containing one of the above
[1.220s]   files.  If "example_interfaces" provides a separate development package or
[1.220s]   SDK, be sure it has been installed.
[1.220s] 
[1.220s] [0m
[1.225s] Invoked command in '/workspace/build/examples_rclcpp_async_client' returned '1': CMAKE_PREFIX_PATH=/opt/ros/humble /usr/bin/cmake /workspace/src/examples/rclcpp/services/async_client -DAMENT_CMAKE_SYMLINK_INSTALL=1 -DCMAKE_INSTALL_PREFIX=/workspace/install/examples_rclcpp_async_client
