[0.035s] Invoking command in '/workspace/build/examples_rclcpp_minimal_client': CMAKE_PREFIX_PATH=/opt/ros/humble /usr/bin/cmake /workspace/src/examples/rclcpp/services/minimal_client -DAMENT_CMAKE_SYMLINK_INSTALL=1 -DCMAKE_INSTALL_PREFIX=/workspace/install/examples_rclcpp_minimal_client
[0.504s] -- The C compiler identification is GNU 11.4.0
[0.660s] -- The CXX compiler identification is GNU 11.4.0
[0.684s] -- Detecting C compiler ABI info
[0.802s] -- Detecting C compiler ABI info - done
[0.817s] -- Check for working C compiler: /usr/bin/cc - skipped
[0.817s] -- Detecting C compile features
[0.820s] -- Detecting C compile features - done
[0.824s] -- Detecting CXX compiler ABI info
[0.926s] -- Detecting CXX compiler ABI info - done
[0.957s] -- Check for working CXX compiler: /usr/bin/c++ - skipped
[0.957s] -- Detecting CXX compile features
[0.957s] -- Detecting CXX compile features - done
[0.957s] -- Found ament_cmake: 1.3.11 (/opt/ros/humble/share/ament_cmake/cmake)
[1.052s] -- Found Python3: /usr/bin/python3 (found version "3.10.12") found components: Interpreter 
[1.164s] -- Override CMake install command with custom implementation using symlinks instead of copying resources
[1.231s] [31mCMake Error at CMakeLists.txt:14 (find_package):
[1.232s]   By not providing "Findexample_interfaces.cmake" in CMAKE_MODULE_PATH this
[1.234s]   project has asked CMake to find a package configuration file provided by
[1.235s]   "example_interfaces", but CMake did not find one.
[1.238s] 
[1.238s]   Could not find a package configuration file provided by
[1.238s]   "example_interfaces" with any of the following names:
[1.239s] 
[1.239s]     example_interfacesConfig.cmake
[1.242s]     example_interfaces-config.cmake
[1.243s] 
[1.244s]   Add the installation prefix of "example_interfaces" to CMAKE_PREFIX_PATH or
[1.244s]   set "example_interfaces_DIR" to a directory containing one of the above
[1.245s]   files.  If "example_interfaces" provides a separate development package or
[1.246s]   SDK, be sure it has been installed.
[1.247s] 
[1.248s] [0m
[1.248s] -- Configuring incomplete, errors occurred!
[1.249s] See also "/workspace/build/examples_rclcpp_minimal_client/CMakeFiles/CMakeOutput.log".
