-- The C compiler identification is GNU 11.4.0
-- The CXX compiler identification is GNU 11.4.0
-- Detecting C compiler ABI info
-- Detecting C compiler ABI info - done
-- Check for working C compiler: /usr/bin/cc - skipped
-- Detecting C compile features
-- Detecting C compile features - done
-- Detecting CXX compiler ABI info
-- Detecting CXX compiler ABI info - done
-- Check for working CXX compiler: /usr/bin/c++ - skipped
-- Detecting CXX compile features
-- Detecting CXX compile features - done
-- Found ament_cmake: 1.3.11 (/opt/ros/humble/share/ament_cmake/cmake)
-- Found Python3: /usr/bin/python3 (found version "3.10.12") found components: Interpreter 
-- Found rclcpp: 16.0.12 (/opt/ros/humble/share/rclcpp/cmake)
-- Found rosidl_generator_c: 3.1.6 (/opt/ros/humble/share/rosidl_generator_c/cmake)
-- Found rosidl_adapter: 3.1.6 (/opt/ros/humble/share/rosidl_adapter/cmake)
-- Found rosidl_generator_cpp: 3.1.6 (/opt/ros/humble/share/rosidl_generator_cpp/cmake)
-- Using all available rosidl_typesupport_c: rosidl_typesupport_fastrtps_c;rosidl_typesupport_introspection_c
-- Using all available rosidl_typesupport_cpp: rosidl_typesupport_fastrtps_cpp;rosidl_typesupport_introspection_cpp
-- Found rmw_implementation_cmake: 6.1.2 (/opt/ros/humble/share/rmw_implementation_cmake/cmake)
-- Found rmw_fastrtps_cpp: 6.2.7 (/opt/ros/humble/share/rmw_fastrtps_cpp/cmake)
-- Found OpenSSL: /usr/lib/aarch64-linux-gnu/libcrypto.so (found version "3.0.2")  
-- Found FastRTPS: /opt/ros/humble/include  
-- Using RMW implementation 'rmw_fastrtps_cpp' as default
-- Looking for pthread.h
-- Looking for pthread.h - found
-- Performing Test CMAKE_HAVE_LIBC_PTHREAD
-- Performing Test CMAKE_HAVE_LIBC_PTHREAD - Success
-- Found Threads: TRUE  
-- Found geometry_msgs: 4.8.0 (/opt/ros/humble/share/geometry_msgs/cmake)
-- Found ros_gz_sim: 0.244.19 (/opt/ros/humble/share/ros_gz_sim/cmake)
-- Found ament_lint_auto: 0.12.12 (/opt/ros/humble/share/ament_lint_auto/cmake)
-- Added test 'flake8' to check Python code syntax and style conventions
-- Added test 'lint_cmake' to check CMake code style
-- Added test 'pep257' to check Python code against some of the docstring style conventions in PEP 257
-- Added test 'xmllint' to check XML markup files
-- Configuring done
-- Generating done
-- Build files have been written to: /workspace/build/sim
gmake: Warning: File 'Makefile' has modification time 0.0027 s in the future
gmake: warning:  Clock skew detected.  Your build may be incomplete.
-- Install configuration: ""
-- Installing: /workspace/install/sim/share/sim/launch
-- Installing: /workspace/install/sim/share/sim/launch/view_stub.launch.py
-- Installing: /workspace/install/sim/share/sim/launch/headless.launch.py
-- Installing: /workspace/install/sim/share/sim/worlds
-- Installing: /workspace/install/sim/share/sim/worlds/lunar_gravity_test.world
-- Installing: /workspace/install/sim/share/sim/urdf
-- Installing: /workspace/install/sim/share/sim/urdf/transport_rover.urdf
-- Installing: /workspace/install/sim/share/sim/rviz
-- Installing: /workspace/install/sim/share/sim/rviz/view_robot.rviz
-- Installing: /workspace/install/sim/share/ament_index/resource_index/package_run_dependencies/sim
-- Installing: /workspace/install/sim/share/ament_index/resource_index/parent_prefix_path/sim
-- Installing: /workspace/install/sim/share/sim/environment/ament_prefix_path.sh
-- Installing: /workspace/install/sim/share/sim/environment/ament_prefix_path.dsv
-- Installing: /workspace/install/sim/share/sim/environment/path.sh
-- Installing: /workspace/install/sim/share/sim/environment/path.dsv
-- Installing: /workspace/install/sim/share/sim/local_setup.bash
-- Installing: /workspace/install/sim/share/sim/local_setup.sh
-- Installing: /workspace/install/sim/share/sim/local_setup.zsh
-- Installing: /workspace/install/sim/share/sim/local_setup.dsv
-- Installing: /workspace/install/sim/share/sim/package.dsv
-- Installing: /workspace/install/sim/share/ament_index/resource_index/packages/sim
-- Installing: /workspace/install/sim/share/sim/cmake/simConfig.cmake
-- Installing: /workspace/install/sim/share/sim/cmake/simConfig-version.cmake
-- Installing: /workspace/install/sim/share/sim/package.xml
