[0.008s] Invoking command in '/workspace/build/sim': CMAKE_PREFIX_PATH=/opt/ros/humble /usr/bin/cmake /workspace/src/sim -DCMAKE_INSTALL_PREFIX=/workspace/install/sim
[0.160s] -- The C compiler identification is GNU 11.4.0
[0.318s] -- The CXX compiler identification is GNU 11.4.0
[0.325s] -- Detecting C compiler ABI info
[0.368s] -- Detecting C compiler ABI info - done
[0.375s] -- Check for working C compiler: /usr/bin/cc - skipped
[0.375s] -- Detecting C compile features
[0.376s] -- Detecting C compile features - done
[0.379s] -- Detecting CXX compiler ABI info
[0.429s] -- Detecting CXX compiler ABI info - done
[0.435s] -- Check for working CXX compiler: /usr/bin/c++ - skipped
[0.435s] -- Detecting CXX compile features
[0.435s] -- Detecting CXX compile features - done
[0.437s] -- Found ament_cmake: 1.3.11 (/opt/ros/humble/share/ament_cmake/cmake)
[0.515s] -- Found Python3: /usr/bin/python3 (found version "3.10.12") found components: Interpreter 
[0.566s] -- Found rclcpp: 16.0.12 (/opt/ros/humble/share/rclcpp/cmake)
[0.598s] -- Found rosidl_generator_c: 3.1.6 (/opt/ros/humble/share/rosidl_generator_c/cmake)
[0.601s] -- Found rosidl_adapter: 3.1.6 (/opt/ros/humble/share/rosidl_adapter/cmake)
[0.606s] -- Found rosidl_generator_cpp: 3.1.6 (/opt/ros/humble/share/rosidl_generator_cpp/cmake)
[0.615s] -- Using all available rosidl_typesupport_c: rosidl_typesupport_fastrtps_c;rosidl_typesupport_introspection_c
[0.626s] -- Using all available rosidl_typesupport_cpp: rosidl_typesupport_fastrtps_cpp;rosidl_typesupport_introspection_cpp
[0.655s] -- Found rmw_implementation_cmake: 6.1.2 (/opt/ros/humble/share/rmw_implementation_cmake/cmake)
[0.657s] -- Found rmw_fastrtps_cpp: 6.2.7 (/opt/ros/humble/share/rmw_fastrtps_cpp/cmake)
[0.703s] -- Found OpenSSL: /usr/lib/aarch64-linux-gnu/libcrypto.so (found version "3.0.2")  
[0.719s] -- Found FastRTPS: /opt/ros/humble/include  
[0.741s] -- Using RMW implementation 'rmw_fastrtps_cpp' as default
[0.747s] -- Looking for pthread.h
[0.794s] -- Looking for pthread.h - found
[0.795s] -- Performing Test CMAKE_HAVE_LIBC_PTHREAD
[0.838s] -- Performing Test CMAKE_HAVE_LIBC_PTHREAD - Success
[0.839s] -- Found Threads: TRUE  
[0.877s] -- Found geometry_msgs: 4.8.0 (/opt/ros/humble/share/geometry_msgs/cmake)
[0.887s] -- Found ros_gz_sim: 0.244.19 (/opt/ros/humble/share/ros_gz_sim/cmake)
[0.889s] -- Found ament_lint_auto: 0.12.12 (/opt/ros/humble/share/ament_lint_auto/cmake)
[0.935s] -- Added test 'flake8' to check Python code syntax and style conventions
[0.935s] -- Added test 'lint_cmake' to check CMake code style
[0.936s] -- Added test 'pep257' to check Python code against some of the docstring style conventions in PEP 257
[0.938s] -- Added test 'xmllint' to check XML markup files
[0.940s] -- Configuring done
[0.949s] -- Generating done
[0.953s] -- Build files have been written to: /workspace/build/sim
[0.958s] Invoked command in '/workspace/build/sim' returned '0': CMAKE_PREFIX_PATH=/opt/ros/humble /usr/bin/cmake /workspace/src/sim -DCMAKE_INSTALL_PREFIX=/workspace/install/sim
[0.959s] Invoking command in '/workspace/build/sim': CMAKE_PREFIX_PATH=/opt/ros/humble /usr/bin/cmake --build /workspace/build/sim -- -j8 -l8
[0.968s] gmake: Warning: File 'Makefile' has modification time 0.0027 s in the future
[0.979s] gmake: warning:  Clock skew detected.  Your build may be incomplete.
[0.981s] Invoked command in '/workspace/build/sim' returned '0': CMAKE_PREFIX_PATH=/opt/ros/humble /usr/bin/cmake --build /workspace/build/sim -- -j8 -l8
[0.985s] Invoking command in '/workspace/build/sim': CMAKE_PREFIX_PATH=/opt/ros/humble /usr/bin/cmake --install /workspace/build/sim
[0.990s] -- Install configuration: ""
[0.991s] -- Installing: /workspace/install/sim/share/sim/launch
[0.991s] -- Installing: /workspace/install/sim/share/sim/launch/view_stub.launch.py
[0.991s] -- Installing: /workspace/install/sim/share/sim/launch/headless.launch.py
[0.991s] -- Installing: /workspace/install/sim/share/sim/worlds
[0.991s] -- Installing: /workspace/install/sim/share/sim/worlds/lunar_gravity_test.world
[0.992s] -- Installing: /workspace/install/sim/share/sim/urdf
[0.992s] -- Installing: /workspace/install/sim/share/sim/urdf/transport_rover.urdf
[0.993s] -- Installing: /workspace/install/sim/share/sim/rviz
[0.993s] -- Installing: /workspace/install/sim/share/sim/rviz/view_robot.rviz
[0.994s] -- Installing: /workspace/install/sim/share/ament_index/resource_index/package_run_dependencies/sim
[0.995s] -- Installing: /workspace/install/sim/share/ament_index/resource_index/parent_prefix_path/sim
[0.995s] -- Installing: /workspace/install/sim/share/sim/environment/ament_prefix_path.sh
[0.995s] -- Installing: /workspace/install/sim/share/sim/environment/ament_prefix_path.dsv
[0.996s] -- Installing: /workspace/install/sim/share/sim/environment/path.sh
[0.997s] -- Installing: /workspace/install/sim/share/sim/environment/path.dsv
[0.997s] -- Installing: /workspace/install/sim/share/sim/local_setup.bash
[0.997s] -- Installing: /workspace/install/sim/share/sim/local_setup.sh
[0.998s] -- Installing: /workspace/install/sim/share/sim/local_setup.zsh
[0.998s] -- Installing: /workspace/install/sim/share/sim/local_setup.dsv
[0.998s] -- Installing: /workspace/install/sim/share/sim/package.dsv
[0.999s] -- Installing: /workspace/install/sim/share/ament_index/resource_index/packages/sim
[0.999s] -- Installing: /workspace/install/sim/share/sim/cmake/simConfig.cmake
[0.999s] -- Installing: /workspace/install/sim/share/sim/cmake/simConfig-version.cmake
[1.000s] -- Installing: /workspace/install/sim/share/sim/package.xml
[1.001s] Invoked command in '/workspace/build/sim' returned '0': CMAKE_PREFIX_PATH=/opt/ros/humble /usr/bin/cmake --install /workspace/build/sim
