[35m[1mConsolidate compiler generated dependencies of target fleet_msgs__rosidl_generator_c[0m
[  2%] Built target fleet_msgs__cpp
[ 12%] Built target fleet_msgs__rosidl_generator_c
[35m[1mConsolidate compiler generated dependencies of target fleet_msgs__rosidl_typesupport_fastrtps_cpp[0m
[35m[1mConsolidate compiler generated dependencies of target fleet_msgs__rosidl_typesupport_cpp[0m
[ 12%] Built target ament_cmake_python_copy_fleet_msgs
[35m[1mConsolidate compiler generated dependencies of target fleet_msgs__rosidl_typesupport_fastrtps_c[0m
[35m[1mConsolidate compiler generated dependencies of target fleet_msgs__rosidl_typesupport_introspection_cpp[0m
[35m[1mConsolidate compiler generated dependencies of target fleet_msgs__rosidl_typesupport_c[0m
[35m[1mConsolidate compiler generated dependencies of target fleet_msgs__rosidl_typesupport_introspection_c[0m
[ 23%] Built target fleet_msgs__rosidl_typesupport_fastrtps_cpp
[ 33%] Built target fleet_msgs__rosidl_typesupport_c
[ 43%] Built target fleet_msgs__rosidl_typesupport_cpp
[ 53%] Built target fleet_msgs__rosidl_typesupport_fastrtps_c
[ 74%] Built target fleet_msgs__rosidl_typesupport_introspection_cpp
[ 66%] Built target fleet_msgs__rosidl_typesupport_introspection_c
[ 74%] Built target fleet_msgs
[ 76%] Built target fleet_msgs__py
[35m[1mConsolidate compiler generated dependencies of target fleet_msgs__rosidl_generator_py[0m
[ 84%] Built target fleet_msgs__rosidl_generator_py
[35m[1mConsolidate compiler generated dependencies of target fleet_msgs__rosidl_typesupport_introspection_c__pyext[0m
[35m[1mConsolidate compiler generated dependencies of target fleet_msgs__rosidl_typesupport_fastrtps_c__pyext[0m
[35m[1mConsolidate compiler generated dependencies of target fleet_msgs__rosidl_typesupport_c__pyext[0m
[ 89%] Built target fleet_msgs__rosidl_typesupport_introspection_c__pyext
[ 94%] Built target fleet_msgs__rosidl_typesupport_fastrtps_c__pyext
[100%] Built target fleet_msgs__rosidl_typesupport_c__pyext
running egg_info
writing fleet_msgs.egg-info/PKG-INFO
writing dependency_links to fleet_msgs.egg-info/dependency_links.txt
writing top-level names to fleet_msgs.egg-info/top_level.txt
reading manifest file 'fleet_msgs.egg-info/SOURCES.txt'
writing manifest file 'fleet_msgs.egg-info/SOURCES.txt'
[100%] Built target ament_cmake_python_build_fleet_msgs_egg
-- Install configuration: ""
-- Up-to-date: /workspace/install/fleet_msgs/share/ament_index/resource_index/rosidl_interfaces/fleet_msgs
-- Up-to-date: /workspace/install/fleet_msgs/include/fleet_msgs/fleet_msgs
-- Up-to-date: /workspace/install/fleet_msgs/include/fleet_msgs/fleet_msgs/msg
-- Up-to-date: /workspace/install/fleet_msgs/include/fleet_msgs/fleet_msgs/msg/rosidl_generator_c__visibility_control.h
-- Up-to-date: /workspace/install/fleet_msgs/include/fleet_msgs/fleet_msgs/msg/battery_status.h
-- Up-to-date: /workspace/install/fleet_msgs/include/fleet_msgs/fleet_msgs/msg/detail
-- Up-to-date: /workspace/install/fleet_msgs/include/fleet_msgs/fleet_msgs/msg/detail/mass_reading__functions.c
-- Up-to-date: /workspace/install/fleet_msgs/include/fleet_msgs/fleet_msgs/msg/detail/battery_status__type_support.h
-- Up-to-date: /workspace/install/fleet_msgs/include/fleet_msgs/fleet_msgs/msg/detail/battery_status__functions.h
-- Up-to-date: /workspace/install/fleet_msgs/include/fleet_msgs/fleet_msgs/msg/detail/battery_status__struct.h
-- Up-to-date: /workspace/install/fleet_msgs/include/fleet_msgs/fleet_msgs/msg/detail/mass_reading__functions.h
-- Up-to-date: /workspace/install/fleet_msgs/include/fleet_msgs/fleet_msgs/msg/detail/battery_status__functions.c
-- Up-to-date: /workspace/install/fleet_msgs/include/fleet_msgs/fleet_msgs/msg/detail/mass_reading__struct.h
-- Up-to-date: /workspace/install/fleet_msgs/include/fleet_msgs/fleet_msgs/msg/detail/mass_reading__type_support.h
-- Up-to-date: /workspace/install/fleet_msgs/include/fleet_msgs/fleet_msgs/msg/mass_reading.h
-- Up-to-date: /workspace/install/fleet_msgs/share/fleet_msgs/environment/library_path.sh
-- Up-to-date: /workspace/install/fleet_msgs/share/fleet_msgs/environment/library_path.dsv
-- Up-to-date: /workspace/install/fleet_msgs/lib/libfleet_msgs__rosidl_generator_c.so
-- Up-to-date: /workspace/install/fleet_msgs/include/fleet_msgs/fleet_msgs
-- Up-to-date: /workspace/install/fleet_msgs/include/fleet_msgs/fleet_msgs/msg
-- Up-to-date: /workspace/install/fleet_msgs/include/fleet_msgs/fleet_msgs/msg/detail
-- Up-to-date: /workspace/install/fleet_msgs/include/fleet_msgs/fleet_msgs/msg/detail/mass_reading__rosidl_typesupport_fastrtps_c.h
-- Up-to-date: /workspace/install/fleet_msgs/include/fleet_msgs/fleet_msgs/msg/detail/battery_status__rosidl_typesupport_fastrtps_c.h
-- Up-to-date: /workspace/install/fleet_msgs/include/fleet_msgs/fleet_msgs/msg/rosidl_typesupport_fastrtps_c__visibility_control.h
-- Up-to-date: /workspace/install/fleet_msgs/lib/libfleet_msgs__rosidl_typesupport_fastrtps_c.so
-- Up-to-date: /workspace/install/fleet_msgs/include/fleet_msgs/fleet_msgs
-- Up-to-date: /workspace/install/fleet_msgs/include/fleet_msgs/fleet_msgs/msg
-- Up-to-date: /workspace/install/fleet_msgs/include/fleet_msgs/fleet_msgs/msg/detail
-- Up-to-date: /workspace/install/fleet_msgs/include/fleet_msgs/fleet_msgs/msg/detail/mass_reading__type_support.hpp
-- Up-to-date: /workspace/install/fleet_msgs/include/fleet_msgs/fleet_msgs/msg/detail/battery_status__struct.hpp
-- Up-to-date: /workspace/install/fleet_msgs/include/fleet_msgs/fleet_msgs/msg/detail/mass_reading__builder.hpp
-- Up-to-date: /workspace/install/fleet_msgs/include/fleet_msgs/fleet_msgs/msg/detail/mass_reading__traits.hpp
-- Up-to-date: /workspace/install/fleet_msgs/include/fleet_msgs/fleet_msgs/msg/detail/battery_status__traits.hpp
-- Up-to-date: /workspace/install/fleet_msgs/include/fleet_msgs/fleet_msgs/msg/detail/battery_status__builder.hpp
-- Up-to-date: /workspace/install/fleet_msgs/include/fleet_msgs/fleet_msgs/msg/detail/battery_status__type_support.hpp
-- Up-to-date: /workspace/install/fleet_msgs/include/fleet_msgs/fleet_msgs/msg/detail/mass_reading__struct.hpp
-- Up-to-date: /workspace/install/fleet_msgs/include/fleet_msgs/fleet_msgs/msg/rosidl_generator_cpp__visibility_control.hpp
-- Up-to-date: /workspace/install/fleet_msgs/include/fleet_msgs/fleet_msgs/msg/battery_status.hpp
-- Up-to-date: /workspace/install/fleet_msgs/include/fleet_msgs/fleet_msgs/msg/mass_reading.hpp
-- Up-to-date: /workspace/install/fleet_msgs/include/fleet_msgs/fleet_msgs
-- Up-to-date: /workspace/install/fleet_msgs/include/fleet_msgs/fleet_msgs/msg
-- Up-to-date: /workspace/install/fleet_msgs/include/fleet_msgs/fleet_msgs/msg/rosidl_typesupport_fastrtps_cpp__visibility_control.h
-- Up-to-date: /workspace/install/fleet_msgs/include/fleet_msgs/fleet_msgs/msg/detail
-- Up-to-date: /workspace/install/fleet_msgs/include/fleet_msgs/fleet_msgs/msg/detail/battery_status__rosidl_typesupport_fastrtps_cpp.hpp
-- Up-to-date: /workspace/install/fleet_msgs/include/fleet_msgs/fleet_msgs/msg/detail/mass_reading__rosidl_typesupport_fastrtps_cpp.hpp
-- Up-to-date: /workspace/install/fleet_msgs/include/fleet_msgs/fleet_msgs/msg/detail/dds_fastrtps
-- Up-to-date: /workspace/install/fleet_msgs/lib/libfleet_msgs__rosidl_typesupport_fastrtps_cpp.so
-- Up-to-date: /workspace/install/fleet_msgs/include/fleet_msgs/fleet_msgs
-- Up-to-date: /workspace/install/fleet_msgs/include/fleet_msgs/fleet_msgs/msg
-- Up-to-date: /workspace/install/fleet_msgs/include/fleet_msgs/fleet_msgs/msg/detail
-- Up-to-date: /workspace/install/fleet_msgs/include/fleet_msgs/fleet_msgs/msg/detail/battery_status__rosidl_typesupport_introspection_c.h
-- Up-to-date: /workspace/install/fleet_msgs/include/fleet_msgs/fleet_msgs/msg/detail/mass_reading__rosidl_typesupport_introspection_c.h
-- Up-to-date: /workspace/install/fleet_msgs/include/fleet_msgs/fleet_msgs/msg/detail/mass_reading__type_support.c
-- Up-to-date: /workspace/install/fleet_msgs/include/fleet_msgs/fleet_msgs/msg/detail/battery_status__type_support.c
-- Up-to-date: /workspace/install/fleet_msgs/include/fleet_msgs/fleet_msgs/msg/rosidl_typesupport_introspection_c__visibility_control.h
-- Up-to-date: /workspace/install/fleet_msgs/lib/libfleet_msgs__rosidl_typesupport_introspection_c.so
-- Up-to-date: /workspace/install/fleet_msgs/lib/libfleet_msgs__rosidl_typesupport_c.so
-- Up-to-date: /workspace/install/fleet_msgs/include/fleet_msgs/fleet_msgs
-- Up-to-date: /workspace/install/fleet_msgs/include/fleet_msgs/fleet_msgs/msg
-- Up-to-date: /workspace/install/fleet_msgs/include/fleet_msgs/fleet_msgs/msg/detail
-- Up-to-date: /workspace/install/fleet_msgs/include/fleet_msgs/fleet_msgs/msg/detail/battery_status__type_support.cpp
-- Up-to-date: /workspace/install/fleet_msgs/include/fleet_msgs/fleet_msgs/msg/detail/battery_status__rosidl_typesupport_introspection_cpp.hpp
-- Up-to-date: /workspace/install/fleet_msgs/include/fleet_msgs/fleet_msgs/msg/detail/mass_reading__type_support.cpp
-- Up-to-date: /workspace/install/fleet_msgs/include/fleet_msgs/fleet_msgs/msg/detail/mass_reading__rosidl_typesupport_introspection_cpp.hpp
-- Up-to-date: /workspace/install/fleet_msgs/lib/libfleet_msgs__rosidl_typesupport_introspection_cpp.so
-- Up-to-date: /workspace/install/fleet_msgs/lib/libfleet_msgs__rosidl_typesupport_cpp.so
-- Up-to-date: /workspace/install/fleet_msgs/share/fleet_msgs/environment/pythonpath.sh
-- Up-to-date: /workspace/install/fleet_msgs/share/fleet_msgs/environment/pythonpath.dsv
-- Up-to-date: /workspace/install/fleet_msgs/local/lib/python3.10/dist-packages/fleet_msgs-0.1.0-py3.10.egg-info
-- Installing: /workspace/install/fleet_msgs/local/lib/python3.10/dist-packages/fleet_msgs-0.1.0-py3.10.egg-info/PKG-INFO
-- Installing: /workspace/install/fleet_msgs/local/lib/python3.10/dist-packages/fleet_msgs-0.1.0-py3.10.egg-info/SOURCES.txt
-- Installing: /workspace/install/fleet_msgs/local/lib/python3.10/dist-packages/fleet_msgs-0.1.0-py3.10.egg-info/top_level.txt
-- Installing: /workspace/install/fleet_msgs/local/lib/python3.10/dist-packages/fleet_msgs-0.1.0-py3.10.egg-info/dependency_links.txt
-- Up-to-date: /workspace/install/fleet_msgs/local/lib/python3.10/dist-packages/fleet_msgs
-- Up-to-date: /workspace/install/fleet_msgs/local/lib/python3.10/dist-packages/fleet_msgs/_fleet_msgs_s.ep.rosidl_typesupport_introspection_c.c
-- Up-to-date: /workspace/install/fleet_msgs/local/lib/python3.10/dist-packages/fleet_msgs/msg
-- Up-to-date: /workspace/install/fleet_msgs/local/lib/python3.10/dist-packages/fleet_msgs/msg/_mass_reading_s.c
-- Up-to-date: /workspace/install/fleet_msgs/local/lib/python3.10/dist-packages/fleet_msgs/msg/_battery_status.py
-- Up-to-date: /workspace/install/fleet_msgs/local/lib/python3.10/dist-packages/fleet_msgs/msg/__init__.py
-- Up-to-date: /workspace/install/fleet_msgs/local/lib/python3.10/dist-packages/fleet_msgs/msg/_mass_reading.py
-- Up-to-date: /workspace/install/fleet_msgs/local/lib/python3.10/dist-packages/fleet_msgs/msg/_battery_status_s.c
-- Up-to-date: /workspace/install/fleet_msgs/local/lib/python3.10/dist-packages/fleet_msgs/fleet_msgs_s__rosidl_typesupport_fastrtps_c.cpython-310-aarch64-linux-gnu.so
-- Up-to-date: /workspace/install/fleet_msgs/local/lib/python3.10/dist-packages/fleet_msgs/__init__.py
-- Up-to-date: /workspace/install/fleet_msgs/local/lib/python3.10/dist-packages/fleet_msgs/_fleet_msgs_s.ep.rosidl_typesupport_fastrtps_c.c
-- Up-to-date: /workspace/install/fleet_msgs/local/lib/python3.10/dist-packages/fleet_msgs/_fleet_msgs_s.ep.rosidl_typesupport_c.c
-- Up-to-date: /workspace/install/fleet_msgs/local/lib/python3.10/dist-packages/fleet_msgs/fleet_msgs_s__rosidl_typesupport_introspection_c.cpython-310-aarch64-linux-gnu.so
-- Up-to-date: /workspace/install/fleet_msgs/local/lib/python3.10/dist-packages/fleet_msgs/libfleet_msgs__rosidl_generator_py.so
-- Up-to-date: /workspace/install/fleet_msgs/local/lib/python3.10/dist-packages/fleet_msgs/fleet_msgs_s__rosidl_typesupport_c.cpython-310-aarch64-linux-gnu.so
Listing '/workspace/install/fleet_msgs/local/lib/python3.10/dist-packages/fleet_msgs'...
Listing '/workspace/install/fleet_msgs/local/lib/python3.10/dist-packages/fleet_msgs/msg'...
-- Up-to-date: /workspace/install/fleet_msgs/local/lib/python3.10/dist-packages/fleet_msgs/fleet_msgs_s__rosidl_typesupport_fastrtps_c.cpython-310-aarch64-linux-gnu.so
-- Up-to-date: /workspace/install/fleet_msgs/local/lib/python3.10/dist-packages/fleet_msgs/fleet_msgs_s__rosidl_typesupport_introspection_c.cpython-310-aarch64-linux-gnu.so
-- Up-to-date: /workspace/install/fleet_msgs/local/lib/python3.10/dist-packages/fleet_msgs/fleet_msgs_s__rosidl_typesupport_c.cpython-310-aarch64-linux-gnu.so
-- Up-to-date: /workspace/install/fleet_msgs/lib/libfleet_msgs__rosidl_generator_py.so
-- Up-to-date: /workspace/install/fleet_msgs/share/fleet_msgs/msg/MassReading.idl
-- Up-to-date: /workspace/install/fleet_msgs/share/fleet_msgs/msg/BatteryStatus.idl
-- Up-to-date: /workspace/install/fleet_msgs/share/fleet_msgs/msg/MassReading.msg
-- Up-to-date: /workspace/install/fleet_msgs/share/fleet_msgs/msg/BatteryStatus.msg
-- Up-to-date: /workspace/install/fleet_msgs/share/ament_index/resource_index/package_run_dependencies/fleet_msgs
-- Up-to-date: /workspace/install/fleet_msgs/share/ament_index/resource_index/parent_prefix_path/fleet_msgs
-- Up-to-date: /workspace/install/fleet_msgs/share/fleet_msgs/environment/ament_prefix_path.sh
-- Up-to-date: /workspace/install/fleet_msgs/share/fleet_msgs/environment/ament_prefix_path.dsv
-- Up-to-date: /workspace/install/fleet_msgs/share/fleet_msgs/environment/path.sh
-- Up-to-date: /workspace/install/fleet_msgs/share/fleet_msgs/environment/path.dsv
-- Up-to-date: /workspace/install/fleet_msgs/share/fleet_msgs/local_setup.bash
-- Up-to-date: /workspace/install/fleet_msgs/share/fleet_msgs/local_setup.sh
-- Up-to-date: /workspace/install/fleet_msgs/share/fleet_msgs/local_setup.zsh
-- Up-to-date: /workspace/install/fleet_msgs/share/fleet_msgs/local_setup.dsv
-- Installing: /workspace/install/fleet_msgs/share/fleet_msgs/package.dsv
-- Up-to-date: /workspace/install/fleet_msgs/share/ament_index/resource_index/packages/fleet_msgs
-- Up-to-date: /workspace/install/fleet_msgs/share/fleet_msgs/cmake/export_fleet_msgs__rosidl_generator_cExport.cmake
-- Up-to-date: /workspace/install/fleet_msgs/share/fleet_msgs/cmake/export_fleet_msgs__rosidl_generator_cExport-noconfig.cmake
-- Up-to-date: /workspace/install/fleet_msgs/share/fleet_msgs/cmake/export_fleet_msgs__rosidl_typesupport_fastrtps_cExport.cmake
-- Up-to-date: /workspace/install/fleet_msgs/share/fleet_msgs/cmake/export_fleet_msgs__rosidl_typesupport_fastrtps_cExport-noconfig.cmake
-- Up-to-date: /workspace/install/fleet_msgs/share/fleet_msgs/cmake/export_fleet_msgs__rosidl_generator_cppExport.cmake
-- Up-to-date: /workspace/install/fleet_msgs/share/fleet_msgs/cmake/export_fleet_msgs__rosidl_typesupport_fastrtps_cppExport.cmake
-- Up-to-date: /workspace/install/fleet_msgs/share/fleet_msgs/cmake/export_fleet_msgs__rosidl_typesupport_fastrtps_cppExport-noconfig.cmake
-- Up-to-date: /workspace/install/fleet_msgs/share/fleet_msgs/cmake/fleet_msgs__rosidl_typesupport_introspection_cExport.cmake
-- Up-to-date: /workspace/install/fleet_msgs/share/fleet_msgs/cmake/fleet_msgs__rosidl_typesupport_introspection_cExport-noconfig.cmake
-- Up-to-date: /workspace/install/fleet_msgs/share/fleet_msgs/cmake/fleet_msgs__rosidl_typesupport_cExport.cmake
-- Up-to-date: /workspace/install/fleet_msgs/share/fleet_msgs/cmake/fleet_msgs__rosidl_typesupport_cExport-noconfig.cmake
-- Up-to-date: /workspace/install/fleet_msgs/share/fleet_msgs/cmake/fleet_msgs__rosidl_typesupport_introspection_cppExport.cmake
-- Up-to-date: /workspace/install/fleet_msgs/share/fleet_msgs/cmake/fleet_msgs__rosidl_typesupport_introspection_cppExport-noconfig.cmake
-- Up-to-date: /workspace/install/fleet_msgs/share/fleet_msgs/cmake/fleet_msgs__rosidl_typesupport_cppExport.cmake
-- Up-to-date: /workspace/install/fleet_msgs/share/fleet_msgs/cmake/fleet_msgs__rosidl_typesupport_cppExport-noconfig.cmake
-- Up-to-date: /workspace/install/fleet_msgs/share/fleet_msgs/cmake/export_fleet_msgs__rosidl_generator_pyExport.cmake
-- Up-to-date: /workspace/install/fleet_msgs/share/fleet_msgs/cmake/export_fleet_msgs__rosidl_generator_pyExport-noconfig.cmake
-- Up-to-date: /workspace/install/fleet_msgs/share/fleet_msgs/cmake/rosidl_cmake-extras.cmake
-- Up-to-date: /workspace/install/fleet_msgs/share/fleet_msgs/cmake/ament_cmake_export_dependencies-extras.cmake
-- Up-to-date: /workspace/install/fleet_msgs/share/fleet_msgs/cmake/ament_cmake_export_include_directories-extras.cmake
-- Up-to-date: /workspace/install/fleet_msgs/share/fleet_msgs/cmake/ament_cmake_export_libraries-extras.cmake
-- Up-to-date: /workspace/install/fleet_msgs/share/fleet_msgs/cmake/ament_cmake_export_targets-extras.cmake
-- Up-to-date: /workspace/install/fleet_msgs/share/fleet_msgs/cmake/rosidl_cmake_export_typesupport_targets-extras.cmake
-- Up-to-date: /workspace/install/fleet_msgs/share/fleet_msgs/cmake/rosidl_cmake_export_typesupport_libraries-extras.cmake
-- Up-to-date: /workspace/install/fleet_msgs/share/fleet_msgs/cmake/fleet_msgsConfig.cmake
-- Up-to-date: /workspace/install/fleet_msgs/share/fleet_msgs/cmake/fleet_msgsConfig-version.cmake
-- Up-to-date: /workspace/install/fleet_msgs/share/fleet_msgs/package.xml
