[0.020s] Invoking command in '/workspace/build/fleet_msgs': CMAKE_PREFIX_PATH=${CMAKE_PREFIX_PATH}:/opt/ros/humble /usr/bin/cmake --build /workspace/build/fleet_msgs -- -j8 -l8
[0.083s] [35m[1mConsolidate compiler generated dependencies of target fleet_msgs__rosidl_generator_c[0m
[0.089s] [  2%] Built target fleet_msgs__cpp
[0.100s] [ 12%] Built target fleet_msgs__rosidl_generator_c
[0.111s] [35m[1mConsolidate compiler generated dependencies of target fleet_msgs__rosidl_typesupport_fastrtps_cpp[0m
[0.113s] [35m[1mConsolidate compiler generated dependencies of target fleet_msgs__rosidl_typesupport_cpp[0m
[0.117s] [ 12%] Built target ament_cmake_python_copy_fleet_msgs
[0.117s] [35m[1mConsolidate compiler generated dependencies of target fleet_msgs__rosidl_typesupport_fastrtps_c[0m
[0.117s] [35m[1mConsolidate compiler generated dependencies of target fleet_msgs__rosidl_typesupport_introspection_cpp[0m
[0.120s] [35m[1mConsolidate compiler generated dependencies of target fleet_msgs__rosidl_typesupport_c[0m
[0.123s] [35m[1mConsolidate compiler generated dependencies of target fleet_msgs__rosidl_typesupport_introspection_c[0m
[0.135s] [ 23%] Built target fleet_msgs__rosidl_typesupport_fastrtps_cpp
[0.144s] [ 33%] Built target fleet_msgs__rosidl_typesupport_c
[0.144s] [ 43%] Built target fleet_msgs__rosidl_typesupport_cpp
[0.145s] [ 53%] Built target fleet_msgs__rosidl_typesupport_fastrtps_c
[0.149s] [ 74%] Built target fleet_msgs__rosidl_typesupport_introspection_cpp
[0.149s] [ 66%] Built target fleet_msgs__rosidl_typesupport_introspection_c
[0.168s] [ 74%] Built target fleet_msgs
[0.304s] [ 76%] Built target fleet_msgs__py
[0.314s] [35m[1mConsolidate compiler generated dependencies of target fleet_msgs__rosidl_generator_py[0m
[0.340s] [ 84%] Built target fleet_msgs__rosidl_generator_py
[0.353s] [35m[1mConsolidate compiler generated dependencies of target fleet_msgs__rosidl_typesupport_introspection_c__pyext[0m
[0.353s] [35m[1mConsolidate compiler generated dependencies of target fleet_msgs__rosidl_typesupport_fastrtps_c__pyext[0m
[0.353s] [35m[1mConsolidate compiler generated dependencies of target fleet_msgs__rosidl_typesupport_c__pyext[0m
[0.369s] [ 89%] Built target fleet_msgs__rosidl_typesupport_introspection_c__pyext
[0.372s] [ 94%] Built target fleet_msgs__rosidl_typesupport_fastrtps_c__pyext
[0.374s] [100%] Built target fleet_msgs__rosidl_typesupport_c__pyext
[0.396s] running egg_info
[0.397s] writing fleet_msgs.egg-info/PKG-INFO
[0.398s] writing dependency_links to fleet_msgs.egg-info/dependency_links.txt
[0.398s] writing top-level names to fleet_msgs.egg-info/top_level.txt
[0.401s] reading manifest file 'fleet_msgs.egg-info/SOURCES.txt'
[0.401s] writing manifest file 'fleet_msgs.egg-info/SOURCES.txt'
[0.423s] [100%] Built target ament_cmake_python_build_fleet_msgs_egg
[0.438s] Invoked command in '/workspace/build/fleet_msgs' returned '0': CMAKE_PREFIX_PATH=${CMAKE_PREFIX_PATH}:/opt/ros/humble /usr/bin/cmake --build /workspace/build/fleet_msgs -- -j8 -l8
[0.440s] Invoking command in '/workspace/build/fleet_msgs': CMAKE_PREFIX_PATH=${CMAKE_PREFIX_PATH}:/opt/ros/humble /usr/bin/cmake --install /workspace/build/fleet_msgs
[0.448s] -- Install configuration: ""
[0.449s] -- Up-to-date: /workspace/install/fleet_msgs/share/ament_index/resource_index/rosidl_interfaces/fleet_msgs
[0.449s] -- Up-to-date: /workspace/install/fleet_msgs/include/fleet_msgs/fleet_msgs
[0.449s] -- Up-to-date: /workspace/install/fleet_msgs/include/fleet_msgs/fleet_msgs/msg
[0.449s] -- Up-to-date: /workspace/install/fleet_msgs/include/fleet_msgs/fleet_msgs/msg/rosidl_generator_c__visibility_control.h
[0.449s] -- Up-to-date: /workspace/install/fleet_msgs/include/fleet_msgs/fleet_msgs/msg/battery_status.h
[0.449s] -- Up-to-date: /workspace/install/fleet_msgs/include/fleet_msgs/fleet_msgs/msg/detail
[0.449s] -- Up-to-date: /workspace/install/fleet_msgs/include/fleet_msgs/fleet_msgs/msg/detail/mass_reading__functions.c
[0.449s] -- Up-to-date: /workspace/install/fleet_msgs/include/fleet_msgs/fleet_msgs/msg/detail/battery_status__type_support.h
[0.449s] -- Up-to-date: /workspace/install/fleet_msgs/include/fleet_msgs/fleet_msgs/msg/detail/battery_status__functions.h
[0.449s] -- Up-to-date: /workspace/install/fleet_msgs/include/fleet_msgs/fleet_msgs/msg/detail/battery_status__struct.h
[0.449s] -- Up-to-date: /workspace/install/fleet_msgs/include/fleet_msgs/fleet_msgs/msg/detail/mass_reading__functions.h
[0.449s] -- Up-to-date: /workspace/install/fleet_msgs/include/fleet_msgs/fleet_msgs/msg/detail/battery_status__functions.c
[0.449s] -- Up-to-date: /workspace/install/fleet_msgs/include/fleet_msgs/fleet_msgs/msg/detail/mass_reading__struct.h
[0.449s] -- Up-to-date: /workspace/install/fleet_msgs/include/fleet_msgs/fleet_msgs/msg/detail/mass_reading__type_support.h
[0.449s] -- Up-to-date: /workspace/install/fleet_msgs/include/fleet_msgs/fleet_msgs/msg/mass_reading.h
[0.449s] -- Up-to-date: /workspace/install/fleet_msgs/share/fleet_msgs/environment/library_path.sh
[0.450s] -- Up-to-date: /workspace/install/fleet_msgs/share/fleet_msgs/environment/library_path.dsv
[0.450s] -- Up-to-date: /workspace/install/fleet_msgs/lib/libfleet_msgs__rosidl_generator_c.so
[0.450s] -- Up-to-date: /workspace/install/fleet_msgs/include/fleet_msgs/fleet_msgs
[0.450s] -- Up-to-date: /workspace/install/fleet_msgs/include/fleet_msgs/fleet_msgs/msg
[0.450s] -- Up-to-date: /workspace/install/fleet_msgs/include/fleet_msgs/fleet_msgs/msg/detail
[0.450s] -- Up-to-date: /workspace/install/fleet_msgs/include/fleet_msgs/fleet_msgs/msg/detail/mass_reading__rosidl_typesupport_fastrtps_c.h
[0.450s] -- Up-to-date: /workspace/install/fleet_msgs/include/fleet_msgs/fleet_msgs/msg/detail/battery_status__rosidl_typesupport_fastrtps_c.h
[0.450s] -- Up-to-date: /workspace/install/fleet_msgs/include/fleet_msgs/fleet_msgs/msg/rosidl_typesupport_fastrtps_c__visibility_control.h
[0.450s] -- Up-to-date: /workspace/install/fleet_msgs/lib/libfleet_msgs__rosidl_typesupport_fastrtps_c.so
[0.450s] -- Up-to-date: /workspace/install/fleet_msgs/include/fleet_msgs/fleet_msgs
[0.450s] -- Up-to-date: /workspace/install/fleet_msgs/include/fleet_msgs/fleet_msgs/msg
[0.450s] -- Up-to-date: /workspace/install/fleet_msgs/include/fleet_msgs/fleet_msgs/msg/detail
[0.450s] -- Up-to-date: /workspace/install/fleet_msgs/include/fleet_msgs/fleet_msgs/msg/detail/mass_reading__type_support.hpp
[0.450s] -- Up-to-date: /workspace/install/fleet_msgs/include/fleet_msgs/fleet_msgs/msg/detail/battery_status__struct.hpp
[0.450s] -- Up-to-date: /workspace/install/fleet_msgs/include/fleet_msgs/fleet_msgs/msg/detail/mass_reading__builder.hpp
[0.450s] -- Up-to-date: /workspace/install/fleet_msgs/include/fleet_msgs/fleet_msgs/msg/detail/mass_reading__traits.hpp
[0.451s] -- Up-to-date: /workspace/install/fleet_msgs/include/fleet_msgs/fleet_msgs/msg/detail/battery_status__traits.hpp
[0.451s] -- Up-to-date: /workspace/install/fleet_msgs/include/fleet_msgs/fleet_msgs/msg/detail/battery_status__builder.hpp
[0.451s] -- Up-to-date: /workspace/install/fleet_msgs/include/fleet_msgs/fleet_msgs/msg/detail/battery_status__type_support.hpp
[0.451s] -- Up-to-date: /workspace/install/fleet_msgs/include/fleet_msgs/fleet_msgs/msg/detail/mass_reading__struct.hpp
[0.451s] -- Up-to-date: /workspace/install/fleet_msgs/include/fleet_msgs/fleet_msgs/msg/rosidl_generator_cpp__visibility_control.hpp
[0.451s] -- Up-to-date: /workspace/install/fleet_msgs/include/fleet_msgs/fleet_msgs/msg/battery_status.hpp
[0.451s] -- Up-to-date: /workspace/install/fleet_msgs/include/fleet_msgs/fleet_msgs/msg/mass_reading.hpp
[0.451s] -- Up-to-date: /workspace/install/fleet_msgs/include/fleet_msgs/fleet_msgs
[0.451s] -- Up-to-date: /workspace/install/fleet_msgs/include/fleet_msgs/fleet_msgs/msg
[0.451s] -- Up-to-date: /workspace/install/fleet_msgs/include/fleet_msgs/fleet_msgs/msg/rosidl_typesupport_fastrtps_cpp__visibility_control.h
[0.451s] -- Up-to-date: /workspace/install/fleet_msgs/include/fleet_msgs/fleet_msgs/msg/detail
[0.451s] -- Up-to-date: /workspace/install/fleet_msgs/include/fleet_msgs/fleet_msgs/msg/detail/battery_status__rosidl_typesupport_fastrtps_cpp.hpp
[0.451s] -- Up-to-date: /workspace/install/fleet_msgs/include/fleet_msgs/fleet_msgs/msg/detail/mass_reading__rosidl_typesupport_fastrtps_cpp.hpp
[0.451s] -- Up-to-date: /workspace/install/fleet_msgs/include/fleet_msgs/fleet_msgs/msg/detail/dds_fastrtps
[0.451s] -- Up-to-date: /workspace/install/fleet_msgs/lib/libfleet_msgs__rosidl_typesupport_fastrtps_cpp.so
[0.451s] -- Up-to-date: /workspace/install/fleet_msgs/include/fleet_msgs/fleet_msgs
[0.451s] -- Up-to-date: /workspace/install/fleet_msgs/include/fleet_msgs/fleet_msgs/msg
[0.451s] -- Up-to-date: /workspace/install/fleet_msgs/include/fleet_msgs/fleet_msgs/msg/detail
[0.452s] -- Up-to-date: /workspace/install/fleet_msgs/include/fleet_msgs/fleet_msgs/msg/detail/battery_status__rosidl_typesupport_introspection_c.h
[0.452s] -- Up-to-date: /workspace/install/fleet_msgs/include/fleet_msgs/fleet_msgs/msg/detail/mass_reading__rosidl_typesupport_introspection_c.h
[0.452s] -- Up-to-date: /workspace/install/fleet_msgs/include/fleet_msgs/fleet_msgs/msg/detail/mass_reading__type_support.c
[0.452s] -- Up-to-date: /workspace/install/fleet_msgs/include/fleet_msgs/fleet_msgs/msg/detail/battery_status__type_support.c
[0.452s] -- Up-to-date: /workspace/install/fleet_msgs/include/fleet_msgs/fleet_msgs/msg/rosidl_typesupport_introspection_c__visibility_control.h
[0.452s] -- Up-to-date: /workspace/install/fleet_msgs/lib/libfleet_msgs__rosidl_typesupport_introspection_c.so
[0.452s] -- Up-to-date: /workspace/install/fleet_msgs/lib/libfleet_msgs__rosidl_typesupport_c.so
[0.452s] -- Up-to-date: /workspace/install/fleet_msgs/include/fleet_msgs/fleet_msgs
[0.452s] -- Up-to-date: /workspace/install/fleet_msgs/include/fleet_msgs/fleet_msgs/msg
[0.452s] -- Up-to-date: /workspace/install/fleet_msgs/include/fleet_msgs/fleet_msgs/msg/detail
[0.452s] -- Up-to-date: /workspace/install/fleet_msgs/include/fleet_msgs/fleet_msgs/msg/detail/battery_status__type_support.cpp
[0.452s] -- Up-to-date: /workspace/install/fleet_msgs/include/fleet_msgs/fleet_msgs/msg/detail/battery_status__rosidl_typesupport_introspection_cpp.hpp
[0.452s] -- Up-to-date: /workspace/install/fleet_msgs/include/fleet_msgs/fleet_msgs/msg/detail/mass_reading__type_support.cpp
[0.452s] -- Up-to-date: /workspace/install/fleet_msgs/include/fleet_msgs/fleet_msgs/msg/detail/mass_reading__rosidl_typesupport_introspection_cpp.hpp
[0.452s] -- Up-to-date: /workspace/install/fleet_msgs/lib/libfleet_msgs__rosidl_typesupport_introspection_cpp.so
[0.453s] -- Up-to-date: /workspace/install/fleet_msgs/lib/libfleet_msgs__rosidl_typesupport_cpp.so
[0.453s] -- Up-to-date: /workspace/install/fleet_msgs/share/fleet_msgs/environment/pythonpath.sh
[0.453s] -- Up-to-date: /workspace/install/fleet_msgs/share/fleet_msgs/environment/pythonpath.dsv
[0.453s] -- Up-to-date: /workspace/install/fleet_msgs/local/lib/python3.10/dist-packages/fleet_msgs-0.1.0-py3.10.egg-info
[0.453s] -- Installing: /workspace/install/fleet_msgs/local/lib/python3.10/dist-packages/fleet_msgs-0.1.0-py3.10.egg-info/PKG-INFO
[0.454s] -- Installing: /workspace/install/fleet_msgs/local/lib/python3.10/dist-packages/fleet_msgs-0.1.0-py3.10.egg-info/SOURCES.txt
[0.454s] -- Installing: /workspace/install/fleet_msgs/local/lib/python3.10/dist-packages/fleet_msgs-0.1.0-py3.10.egg-info/top_level.txt
[0.454s] -- Installing: /workspace/install/fleet_msgs/local/lib/python3.10/dist-packages/fleet_msgs-0.1.0-py3.10.egg-info/dependency_links.txt
[0.455s] -- Up-to-date: /workspace/install/fleet_msgs/local/lib/python3.10/dist-packages/fleet_msgs
[0.455s] -- Up-to-date: /workspace/install/fleet_msgs/local/lib/python3.10/dist-packages/fleet_msgs/_fleet_msgs_s.ep.rosidl_typesupport_introspection_c.c
[0.455s] -- Up-to-date: /workspace/install/fleet_msgs/local/lib/python3.10/dist-packages/fleet_msgs/msg
[0.455s] -- Up-to-date: /workspace/install/fleet_msgs/local/lib/python3.10/dist-packages/fleet_msgs/msg/_mass_reading_s.c
[0.455s] -- Up-to-date: /workspace/install/fleet_msgs/local/lib/python3.10/dist-packages/fleet_msgs/msg/_battery_status.py
[0.455s] -- Up-to-date: /workspace/install/fleet_msgs/local/lib/python3.10/dist-packages/fleet_msgs/msg/__init__.py
[0.456s] -- Up-to-date: /workspace/install/fleet_msgs/local/lib/python3.10/dist-packages/fleet_msgs/msg/_mass_reading.py
[0.456s] -- Up-to-date: /workspace/install/fleet_msgs/local/lib/python3.10/dist-packages/fleet_msgs/msg/_battery_status_s.c
[0.456s] -- Up-to-date: /workspace/install/fleet_msgs/local/lib/python3.10/dist-packages/fleet_msgs/fleet_msgs_s__rosidl_typesupport_fastrtps_c.cpython-310-aarch64-linux-gnu.so
[0.456s] -- Up-to-date: /workspace/install/fleet_msgs/local/lib/python3.10/dist-packages/fleet_msgs/__init__.py
[0.456s] -- Up-to-date: /workspace/install/fleet_msgs/local/lib/python3.10/dist-packages/fleet_msgs/_fleet_msgs_s.ep.rosidl_typesupport_fastrtps_c.c
[0.456s] -- Up-to-date: /workspace/install/fleet_msgs/local/lib/python3.10/dist-packages/fleet_msgs/_fleet_msgs_s.ep.rosidl_typesupport_c.c
[0.456s] -- Up-to-date: /workspace/install/fleet_msgs/local/lib/python3.10/dist-packages/fleet_msgs/fleet_msgs_s__rosidl_typesupport_introspection_c.cpython-310-aarch64-linux-gnu.so
[0.456s] -- Up-to-date: /workspace/install/fleet_msgs/local/lib/python3.10/dist-packages/fleet_msgs/libfleet_msgs__rosidl_generator_py.so
[0.456s] -- Up-to-date: /workspace/install/fleet_msgs/local/lib/python3.10/dist-packages/fleet_msgs/fleet_msgs_s__rosidl_typesupport_c.cpython-310-aarch64-linux-gnu.so
[0.478s] Listing '/workspace/install/fleet_msgs/local/lib/python3.10/dist-packages/fleet_msgs'...
[0.478s] Listing '/workspace/install/fleet_msgs/local/lib/python3.10/dist-packages/fleet_msgs/msg'...
[0.482s] -- Up-to-date: /workspace/install/fleet_msgs/local/lib/python3.10/dist-packages/fleet_msgs/fleet_msgs_s__rosidl_typesupport_fastrtps_c.cpython-310-aarch64-linux-gnu.so
[0.482s] -- Up-to-date: /workspace/install/fleet_msgs/local/lib/python3.10/dist-packages/fleet_msgs/fleet_msgs_s__rosidl_typesupport_introspection_c.cpython-310-aarch64-linux-gnu.so
[0.482s] -- Up-to-date: /workspace/install/fleet_msgs/local/lib/python3.10/dist-packages/fleet_msgs/fleet_msgs_s__rosidl_typesupport_c.cpython-310-aarch64-linux-gnu.so
[0.483s] -- Up-to-date: /workspace/install/fleet_msgs/lib/libfleet_msgs__rosidl_generator_py.so
[0.483s] -- Up-to-date: /workspace/install/fleet_msgs/share/fleet_msgs/msg/MassReading.idl
[0.484s] -- Up-to-date: /workspace/install/fleet_msgs/share/fleet_msgs/msg/BatteryStatus.idl
[0.484s] -- Up-to-date: /workspace/install/fleet_msgs/share/fleet_msgs/msg/MassReading.msg
[0.484s] -- Up-to-date: /workspace/install/fleet_msgs/share/fleet_msgs/msg/BatteryStatus.msg
[0.484s] -- Up-to-date: /workspace/install/fleet_msgs/share/ament_index/resource_index/package_run_dependencies/fleet_msgs
[0.484s] -- Up-to-date: /workspace/install/fleet_msgs/share/ament_index/resource_index/parent_prefix_path/fleet_msgs
[0.484s] -- Up-to-date: /workspace/install/fleet_msgs/share/fleet_msgs/environment/ament_prefix_path.sh
[0.484s] -- Up-to-date: /workspace/install/fleet_msgs/share/fleet_msgs/environment/ament_prefix_path.dsv
[0.484s] -- Up-to-date: /workspace/install/fleet_msgs/share/fleet_msgs/environment/path.sh
[0.484s] -- Up-to-date: /workspace/install/fleet_msgs/share/fleet_msgs/environment/path.dsv
[0.484s] -- Up-to-date: /workspace/install/fleet_msgs/share/fleet_msgs/local_setup.bash
[0.484s] -- Up-to-date: /workspace/install/fleet_msgs/share/fleet_msgs/local_setup.sh
[0.484s] -- Up-to-date: /workspace/install/fleet_msgs/share/fleet_msgs/local_setup.zsh
[0.484s] -- Up-to-date: /workspace/install/fleet_msgs/share/fleet_msgs/local_setup.dsv
[0.485s] -- Installing: /workspace/install/fleet_msgs/share/fleet_msgs/package.dsv
[0.485s] -- Up-to-date: /workspace/install/fleet_msgs/share/ament_index/resource_index/packages/fleet_msgs
[0.485s] -- Up-to-date: /workspace/install/fleet_msgs/share/fleet_msgs/cmake/export_fleet_msgs__rosidl_generator_cExport.cmake
[0.485s] -- Up-to-date: /workspace/install/fleet_msgs/share/fleet_msgs/cmake/export_fleet_msgs__rosidl_generator_cExport-noconfig.cmake
[0.485s] -- Up-to-date: /workspace/install/fleet_msgs/share/fleet_msgs/cmake/export_fleet_msgs__rosidl_typesupport_fastrtps_cExport.cmake
[0.485s] -- Up-to-date: /workspace/install/fleet_msgs/share/fleet_msgs/cmake/export_fleet_msgs__rosidl_typesupport_fastrtps_cExport-noconfig.cmake
[0.485s] -- Up-to-date: /workspace/install/fleet_msgs/share/fleet_msgs/cmake/export_fleet_msgs__rosidl_generator_cppExport.cmake
[0.485s] -- Up-to-date: /workspace/install/fleet_msgs/share/fleet_msgs/cmake/export_fleet_msgs__rosidl_typesupport_fastrtps_cppExport.cmake
[0.485s] -- Up-to-date: /workspace/install/fleet_msgs/share/fleet_msgs/cmake/export_fleet_msgs__rosidl_typesupport_fastrtps_cppExport-noconfig.cmake
[0.486s] -- Up-to-date: /workspace/install/fleet_msgs/share/fleet_msgs/cmake/fleet_msgs__rosidl_typesupport_introspection_cExport.cmake
[0.486s] -- Up-to-date: /workspace/install/fleet_msgs/share/fleet_msgs/cmake/fleet_msgs__rosidl_typesupport_introspection_cExport-noconfig.cmake
[0.486s] -- Up-to-date: /workspace/install/fleet_msgs/share/fleet_msgs/cmake/fleet_msgs__rosidl_typesupport_cExport.cmake
[0.486s] -- Up-to-date: /workspace/install/fleet_msgs/share/fleet_msgs/cmake/fleet_msgs__rosidl_typesupport_cExport-noconfig.cmake
[0.486s] -- Up-to-date: /workspace/install/fleet_msgs/share/fleet_msgs/cmake/fleet_msgs__rosidl_typesupport_introspection_cppExport.cmake
[0.487s] -- Up-to-date: /workspace/install/fleet_msgs/share/fleet_msgs/cmake/fleet_msgs__rosidl_typesupport_introspection_cppExport-noconfig.cmake
[0.487s] -- Up-to-date: /workspace/install/fleet_msgs/share/fleet_msgs/cmake/fleet_msgs__rosidl_typesupport_cppExport.cmake
[0.487s] -- Up-to-date: /workspace/install/fleet_msgs/share/fleet_msgs/cmake/fleet_msgs__rosidl_typesupport_cppExport-noconfig.cmake
[0.487s] -- Up-to-date: /workspace/install/fleet_msgs/share/fleet_msgs/cmake/export_fleet_msgs__rosidl_generator_pyExport.cmake
[0.487s] -- Up-to-date: /workspace/install/fleet_msgs/share/fleet_msgs/cmake/export_fleet_msgs__rosidl_generator_pyExport-noconfig.cmake
[0.487s] -- Up-to-date: /workspace/install/fleet_msgs/share/fleet_msgs/cmake/rosidl_cmake-extras.cmake
[0.487s] -- Up-to-date: /workspace/install/fleet_msgs/share/fleet_msgs/cmake/ament_cmake_export_dependencies-extras.cmake
[0.487s] -- Up-to-date: /workspace/install/fleet_msgs/share/fleet_msgs/cmake/ament_cmake_export_include_directories-extras.cmake
[0.487s] -- Up-to-date: /workspace/install/fleet_msgs/share/fleet_msgs/cmake/ament_cmake_export_libraries-extras.cmake
[0.487s] -- Up-to-date: /workspace/install/fleet_msgs/share/fleet_msgs/cmake/ament_cmake_export_targets-extras.cmake
[0.488s] -- Up-to-date: /workspace/install/fleet_msgs/share/fleet_msgs/cmake/rosidl_cmake_export_typesupport_targets-extras.cmake
[0.488s] -- Up-to-date: /workspace/install/fleet_msgs/share/fleet_msgs/cmake/rosidl_cmake_export_typesupport_libraries-extras.cmake
[0.488s] -- Up-to-date: /workspace/install/fleet_msgs/share/fleet_msgs/cmake/fleet_msgsConfig.cmake
[0.488s] -- Up-to-date: /workspace/install/fleet_msgs/share/fleet_msgs/cmake/fleet_msgsConfig-version.cmake
[0.488s] -- Up-to-date: /workspace/install/fleet_msgs/share/fleet_msgs/package.xml
[0.490s] Invoked command in '/workspace/build/fleet_msgs' returned '0': CMAKE_PREFIX_PATH=${CMAKE_PREFIX_PATH}:/opt/ros/humble /usr/bin/cmake --install /workspace/build/fleet_msgs
