[0.000000] (-) TimerEvent: {}
[0.000123] (-) JobUnselected: {'identifier': 'examples_rclcpp_async_client'}
[0.000200] (-) JobUnselected: {'identifier': 'examples_rclcpp_cbg_executor'}
[0.000224] (-) JobUnselected: {'identifier': 'examples_rclcpp_minimal_action_client'}
[0.000255] (-) JobUnselected: {'identifier': 'examples_rclcpp_minimal_action_server'}
[0.000314] (-) JobUnselected: {'identifier': 'examples_rclcpp_minimal_client'}
[0.000337] (-) JobUnselected: {'identifier': 'examples_rclcpp_minimal_composition'}
[0.000355] (-) JobUnselected: {'identifier': 'examples_rclcpp_minimal_publisher'}
[0.000412] (-) JobUnselected: {'identifier': 'examples_rclcpp_minimal_service'}
[0.000430] (-) JobUnselected: {'identifier': 'examples_rclcpp_minimal_subscriber'}
[0.000447] (-) JobUnselected: {'identifier': 'examples_rclcpp_minimal_timer'}
[0.000472] (-) JobUnselected: {'identifier': 'examples_rclcpp_multithreaded_executor'}
[0.000495] (-) JobUnselected: {'identifier': 'examples_rclcpp_wait_set'}
[0.000516] (-) JobUnselected: {'identifier': 'examples_rclpy_executors'}
[0.000573] (-) JobUnselected: {'identifier': 'examples_rclpy_guard_conditions'}
[0.000595] (-) JobUnselected: {'identifier': 'examples_rclpy_minimal_action_client'}
[0.000612] (-) JobUnselected: {'identifier': 'examples_rclpy_minimal_action_server'}
[0.000648] (-) JobUnselected: {'identifier': 'examples_rclpy_minimal_client'}
[0.000674] (-) JobUnselected: {'identifier': 'examples_rclpy_minimal_publisher'}
[0.000691] (-) JobUnselected: {'identifier': 'examples_rclpy_minimal_service'}
[0.000736] (-) JobUnselected: {'identifier': 'examples_rclpy_minimal_subscriber'}
[0.000756] (-) JobUnselected: {'identifier': 'examples_rclpy_pointcloud_publisher'}
[0.000773] (-) JobUnselected: {'identifier': 'launch_testing_examples'}
[0.000886] (sim) JobQueued: {'identifier': 'sim', 'dependencies': OrderedDict()}
[0.000933] (sim) JobStarted: {'identifier': 'sim'}
[0.006454] (sim) JobProgress: {'identifier': 'sim', 'progress': 'cmake'}
[0.007311] (sim) JobProgress: {'identifier': 'sim', 'progress': 'build'}
[0.007735] (sim) Command: {'cmd': ['/usr/bin/cmake', '--build', '/workspace/build/sim', '--', '-j8', '-l8'], 'cwd': '/workspace/build/sim', 'env': OrderedDict([('HOSTNAME', 'fcfc3bd9e30e'), ('SHLVL', '1'), ('LD_LIBRARY_PATH', '/workspace/install/sim/lib:/opt/ros/humble/opt/rviz_ogre_vendor/lib:/opt/ros/humble/lib/aarch64-linux-gnu:/opt/ros/humble/lib'), ('HOME', '/root'), ('OLDPWD', '/workspace'), ('ROS_PYTHON_VERSION', '3'), ('COLCON_PREFIX_PATH', '/workspace/install'), ('ROS_DISTRO', 'humble'), ('_', '/usr/bin/colcon'), ('ROS_VERSION', '2'), ('TERM', 'xterm'), ('ROS_LOCALHOST_ONLY', '0'), ('PATH', '/opt/ros/humble/bin:/usr/local/sbin:/usr/local/bin:/usr/sbin:/usr/bin:/sbin:/bin'), ('LANG', 'C.UTF-8'), ('AMENT_PREFIX_PATH', '/workspace/install/sim:/opt/ros/humble'), ('DEBIAN_FRONTEND', 'noninteractive'), ('PWD', '/workspace/build/sim'), ('LC_ALL', 'C.UTF-8'), ('PYTHONPATH', '/opt/ros/humble/lib/python3.10/site-packages:/opt/ros/humble/local/lib/python3.10/dist-packages'), ('COLCON', '1'), ('CMAKE_PREFIX_PATH', '/workspace/install/sim:/opt/ros/humble')]), 'shell': False}
[0.047154] (sim) CommandEnded: {'returncode': 0}
[0.048575] (sim) JobProgress: {'identifier': 'sim', 'progress': 'install'}
[0.053127] (sim) Command: {'cmd': ['/usr/bin/cmake', '--install', '/workspace/build/sim'], 'cwd': '/workspace/build/sim', 'env': OrderedDict([('HOSTNAME', 'fcfc3bd9e30e'), ('SHLVL', '1'), ('LD_LIBRARY_PATH', '/workspace/install/sim/lib:/opt/ros/humble/opt/rviz_ogre_vendor/lib:/opt/ros/humble/lib/aarch64-linux-gnu:/opt/ros/humble/lib'), ('HOME', '/root'), ('OLDPWD', '/workspace'), ('ROS_PYTHON_VERSION', '3'), ('COLCON_PREFIX_PATH', '/workspace/install'), ('ROS_DISTRO', 'humble'), ('_', '/usr/bin/colcon'), ('ROS_VERSION', '2'), ('TERM', 'xterm'), ('ROS_LOCALHOST_ONLY', '0'), ('PATH', '/opt/ros/humble/bin:/usr/local/sbin:/usr/local/bin:/usr/sbin:/usr/bin:/sbin:/bin'), ('LANG', 'C.UTF-8'), ('AMENT_PREFIX_PATH', '/workspace/install/sim:/opt/ros/humble'), ('DEBIAN_FRONTEND', 'noninteractive'), ('PWD', '/workspace/build/sim'), ('LC_ALL', 'C.UTF-8'), ('PYTHONPATH', '/opt/ros/humble/lib/python3.10/site-packages:/opt/ros/humble/local/lib/python3.10/dist-packages'), ('COLCON', '1'), ('CMAKE_PREFIX_PATH', '/workspace/install/sim:/opt/ros/humble')]), 'shell': False}
[0.061372] (sim) StdoutLine: {'line': b'-- Install configuration: ""\n'}
[0.061492] (sim) StdoutLine: {'line': b'-- Up-to-date: /workspace/install/sim/share/sim/launch\n'}
[0.061557] (sim) StdoutLine: {'line': b'-- Up-to-date: /workspace/install/sim/share/sim/launch/view_stub.launch.py\n'}
[0.061611] (sim) StdoutLine: {'line': b'-- Up-to-date: /workspace/install/sim/share/sim/launch/headless.launch.py\n'}
[0.061784] (sim) StdoutLine: {'line': b'-- Up-to-date: /workspace/install/sim/share/sim/worlds\n'}
[0.062046] (sim) StdoutLine: {'line': b'-- Installing: /workspace/install/sim/share/sim/worlds/lunar_gravity_test.world\n'}
[0.062097] (sim) StdoutLine: {'line': b'-- Up-to-date: /workspace/install/sim/share/sim/urdf\n'}
[0.062146] (sim) StdoutLine: {'line': b'-- Up-to-date: /workspace/install/sim/share/sim/urdf/transport_rover.urdf\n'}
[0.062195] (sim) StdoutLine: {'line': b'-- Up-to-date: /workspace/install/sim/share/sim/rviz\n'}
[0.062243] (sim) StdoutLine: {'line': b'-- Up-to-date: /workspace/install/sim/share/sim/rviz/view_robot.rviz\n'}
[0.062289] (sim) StdoutLine: {'line': b'-- Up-to-date: /workspace/install/sim/share/ament_index/resource_index/package_run_dependencies/sim\n'}
[0.062335] (sim) StdoutLine: {'line': b'-- Up-to-date: /workspace/install/sim/share/ament_index/resource_index/parent_prefix_path/sim\n'}
[0.062381] (sim) StdoutLine: {'line': b'-- Up-to-date: /workspace/install/sim/share/sim/environment/ament_prefix_path.sh\n'}
[0.062426] (sim) StdoutLine: {'line': b'-- Up-to-date: /workspace/install/sim/share/sim/environment/ament_prefix_path.dsv\n'}
[0.062471] (sim) StdoutLine: {'line': b'-- Up-to-date: /workspace/install/sim/share/sim/environment/path.sh\n'}
[0.062516] (sim) StdoutLine: {'line': b'-- Up-to-date: /workspace/install/sim/share/sim/environment/path.dsv\n'}
[0.062570] (sim) StdoutLine: {'line': b'-- Up-to-date: /workspace/install/sim/share/sim/local_setup.bash\n'}
[0.062616] (sim) StdoutLine: {'line': b'-- Up-to-date: /workspace/install/sim/share/sim/local_setup.sh\n'}
[0.062662] (sim) StdoutLine: {'line': b'-- Up-to-date: /workspace/install/sim/share/sim/local_setup.zsh\n'}
[0.062709] (sim) StdoutLine: {'line': b'-- Up-to-date: /workspace/install/sim/share/sim/local_setup.dsv\n'}
[0.062755] (sim) StdoutLine: {'line': b'-- Installing: /workspace/install/sim/share/sim/package.dsv\n'}
[0.062801] (sim) StdoutLine: {'line': b'-- Up-to-date: /workspace/install/sim/share/ament_index/resource_index/packages/sim\n'}
[0.062847] (sim) StdoutLine: {'line': b'-- Up-to-date: /workspace/install/sim/share/sim/cmake/simConfig.cmake\n'}
[0.062893] (sim) StdoutLine: {'line': b'-- Up-to-date: /workspace/install/sim/share/sim/cmake/simConfig-version.cmake\n'}
[0.062939] (sim) StdoutLine: {'line': b'-- Up-to-date: /workspace/install/sim/share/sim/package.xml\n'}
[0.066559] (sim) CommandEnded: {'returncode': 0}
[0.077850] (sim) JobEnded: {'identifier': 'sim', 'rc': 0}
[0.078987] (-) EventReactorShutdown: {}
