[0.025s] Invoking command in '/workspace/build/examples_rclcpp_minimal_action_server': CMAKE_PREFIX_PATH=${CMAKE_PREFIX_PATH}:/opt/ros/humble /usr/bin/cmake /workspace/src/examples/rclcpp/actions/minimal_action_server -DCMAKE_INSTALL_PREFIX=/workspace/install/examples_rclcpp_minimal_action_server
[0.165s] -- The C compiler identification is GNU 11.4.0
[0.238s] -- The CXX compiler identification is GNU 11.4.0
[0.246s] -- Detecting C compiler ABI info
[0.364s] -- Detecting C compiler ABI info - done
[0.375s] -- Check for working C compiler: /usr/bin/cc - skipped
[0.375s] -- Detecting C compile features
[0.375s] -- Detecting C compile features - done
[0.375s] -- Detecting CXX compiler ABI info
[0.536s] -- Detecting CXX compiler ABI info - done
[0.566s] -- Check for working CXX compiler: /usr/bin/c++ - skipped
[0.566s] -- Detecting CXX compile features
[0.566s] -- Detecting CXX compile features - done
[0.576s] -- Found ament_cmake: 1.3.11 (/opt/ros/humble/share/ament_cmake/cmake)
[0.811s] -- Found Python3: /usr/bin/python3 (found version "3.10.12") found components: Interpreter 
[0.964s] -- Configuring incomplete, errors occurred!
[0.965s] See also "/workspace/build/examples_rclcpp_minimal_action_server/CMakeFiles/CMakeOutput.log".
[0.967s] [31mCMake Error at CMakeLists.txt:14 (find_package):
[0.967s]   By not providing "Findexample_interfaces.cmake" in CMAKE_MODULE_PATH this
[0.967s]   project has asked CMake to find a package configuration file provided by
[0.967s]   "example_interfaces", but CMake did not find one.
[0.967s] 
[0.967s]   Could not find a package configuration file provided by
[0.967s]   "example_interfaces" with any of the following names:
[0.967s] 
[0.967s]     example_interfacesConfig.cmake
[0.967s]     example_interfaces-config.cmake
[0.967s] 
[0.968s]   Add the installation prefix of "example_interfaces" to CMAKE_PREFIX_PATH or
[0.968s]   set "example_interfaces_DIR" to a directory containing one of the above
[0.968s]   files.  If "example_interfaces" provides a separate development package or
[0.968s]   SDK, be sure it has been installed.
[0.968s] 
[0.971s] [0m
[0.973s] Invoked command in '/workspace/build/examples_rclcpp_minimal_action_server' returned '1': CMAKE_PREFIX_PATH=${CMAKE_PREFIX_PATH}:/opt/ros/humble /usr/bin/cmake /workspace/src/examples/rclcpp/actions/minimal_action_server -DCMAKE_INSTALL_PREFIX=/workspace/install/examples_rclcpp_minimal_action_server
