[0.000000] (-) TimerEvent: {}
[0.001103] (-) JobUnselected: {'identifier': 'examples_rclcpp_async_client'}
[0.001168] (-) JobUnselected: {'identifier': 'examples_rclcpp_cbg_executor'}
[0.001216] (-) JobUnselected: {'identifier': 'examples_rclcpp_minimal_action_client'}
[0.002225] (-) JobUnselected: {'identifier': 'examples_rclcpp_minimal_action_server'}
[0.002716] (-) JobUnselected: {'identifier': 'examples_rclcpp_minimal_client'}
[0.002785] (-) JobUnselected: {'identifier': 'examples_rclcpp_minimal_composition'}
[0.002820] (-) JobUnselected: {'identifier': 'examples_rclcpp_minimal_publisher'}
[0.003058] (-) JobUnselected: {'identifier': 'examples_rclcpp_minimal_service'}
[0.003106] (-) JobUnselected: {'identifier': 'examples_rclcpp_minimal_subscriber'}
[0.003145] (-) JobUnselected: {'identifier': 'examples_rclcpp_minimal_timer'}
[0.003192] (-) JobUnselected: {'identifier': 'examples_rclcpp_multithreaded_executor'}
[0.003228] (-) JobUnselected: {'identifier': 'examples_rclcpp_wait_set'}
[0.003283] (-) JobUnselected: {'identifier': 'examples_rclpy_executors'}
[0.003312] (-) JobUnselected: {'identifier': 'examples_rclpy_guard_conditions'}
[0.003339] (-) JobUnselected: {'identifier': 'examples_rclpy_minimal_action_client'}
[0.003366] (-) JobUnselected: {'identifier': 'examples_rclpy_minimal_action_server'}
[0.003392] (-) JobUnselected: {'identifier': 'examples_rclpy_minimal_client'}
[0.003418] (-) JobUnselected: {'identifier': 'examples_rclpy_minimal_publisher'}
[0.003445] (-) JobUnselected: {'identifier': 'examples_rclpy_minimal_service'}
[0.003473] (-) JobUnselected: {'identifier': 'examples_rclpy_minimal_subscriber'}
[0.003527] (-) JobUnselected: {'identifier': 'examples_rclpy_pointcloud_publisher'}
[0.003582] (-) JobUnselected: {'identifier': 'launch_testing_examples'}
[0.003619] (-) JobUnselected: {'identifier': 'sim'}
[0.003655] (fleet_core) JobQueued: {'identifier': 'fleet_core', 'dependencies': OrderedDict()}
[0.003732] (fleet_msgs) JobQueued: {'identifier': 'fleet_msgs', 'dependencies': OrderedDict()}
[0.003765] (fleet_core) JobStarted: {'identifier': 'fleet_core'}
[0.035493] (fleet_msgs) JobStarted: {'identifier': 'fleet_msgs'}
[0.103095] (-) TimerEvent: {}
[0.204010] (-) TimerEvent: {}
[0.305434] (-) TimerEvent: {}
[0.409527] (-) TimerEvent: {}
[0.510601] (-) TimerEvent: {}
[0.511327] (fleet_msgs) JobProgress: {'identifier': 'fleet_msgs', 'progress': 'cmake'}
[0.513411] (fleet_msgs) JobProgress: {'identifier': 'fleet_msgs', 'progress': 'build'}
[0.517862] (fleet_msgs) Command: {'cmd': ['/usr/bin/cmake', '--build', '/workspace/ros2_ws/build/fleet_msgs', '--', '-j8', '-l8'], 'cwd': '/workspace/ros2_ws/build/fleet_msgs', 'env': OrderedDict([('HOSTNAME', 'orbstack'), ('SHLVL', '1'), ('LD_LIBRARY_PATH', '/opt/ros/humble/opt/rviz_ogre_vendor/lib:/opt/ros/humble/lib/x86_64-linux-gnu:/opt/ros/humble/lib'), ('HOME', '/root'), ('OLDPWD', '/workspace'), ('ROS_PYTHON_VERSION', '3'), ('ROS_DISTRO', 'humble'), ('_', '/usr/bin/colcon'), ('ROS_VERSION', '2'), ('ROS_LOCALHOST_ONLY', '0'), ('PATH', '/opt/ros/humble/bin:/usr/local/sbin:/usr/local/bin:/usr/sbin:/usr/bin:/sbin:/bin'), ('LANG', 'C.UTF-8'), ('AMENT_PREFIX_PATH', '/opt/ros/humble'), ('PWD', '/workspace/ros2_ws/build/fleet_msgs'), ('LC_ALL', 'C.UTF-8'), ('PYTHONPATH', '/opt/ros/humble/lib/python3.10/site-packages:/opt/ros/humble/local/lib/python3.10/dist-packages'), ('COLCON', '1'), ('CMAKE_PREFIX_PATH', '/opt/ros/humble')]), 'shell': False}
[0.619299] (-) TimerEvent: {}
[0.673896] (fleet_msgs) StderrLine: {'line': b'CMake Error: The current CMakeCache.txt directory /workspace/ros2_ws/build/fleet_msgs/CMakeCache.txt is different than the directory /workspace/build/fleet_msgs where CMakeCache.txt was created. This may result in binaries being created in the wrong place. If you are not sure, reedit the CMakeCache.txt\n'}
[0.723111] (-) TimerEvent: {}
[0.823595] (fleet_msgs) StderrLine: {'line': b'CMake Error: The source directory "/workspace/src/fleet_msgs" does not exist.\n'}
[0.824102] (-) TimerEvent: {}
[0.824196] (fleet_msgs) StderrLine: {'line': b'Specify --help for usage, or press the help button on the CMake GUI.\n'}
[0.832478] (fleet_msgs) StderrLine: {'line': b'gmake: *** [Makefile:963: cmake_check_build_system] Error 1\n'}
[0.844356] (fleet_msgs) CommandEnded: {'returncode': 2}
[0.874868] (fleet_msgs) JobEnded: {'identifier': 'fleet_msgs', 'rc': 2}
[0.928825] (-) TimerEvent: {}
[1.031991] (-) TimerEvent: {}
[1.134948] (-) TimerEvent: {}
[1.179925] (fleet_core) JobEnded: {'identifier': 'fleet_core', 'rc': 'SIGINT'}
[1.193519] (-) EventReactorShutdown: {}
