[0.000000] (-) TimerEvent: {}
[0.000202] (-) JobUnselected: {'identifier': 'examples_rclcpp_async_client'}
[0.000362] (-) JobUnselected: {'identifier': 'examples_rclcpp_cbg_executor'}
[0.000433] (-) JobUnselected: {'identifier': 'examples_rclcpp_minimal_action_client'}
[0.000505] (-) JobUnselected: {'identifier': 'examples_rclcpp_minimal_action_server'}
[0.000528] (-) JobUnselected: {'identifier': 'examples_rclcpp_minimal_client'}
[0.000548] (-) JobUnselected: {'identifier': 'examples_rclcpp_minimal_composition'}
[0.000567] (-) JobUnselected: {'identifier': 'examples_rclcpp_minimal_publisher'}
[0.000580] (-) JobUnselected: {'identifier': 'examples_rclcpp_minimal_service'}
[0.000598] (-) JobUnselected: {'identifier': 'examples_rclcpp_minimal_subscriber'}
[0.000612] (-) JobUnselected: {'identifier': 'examples_rclcpp_minimal_timer'}
[0.000625] (-) JobUnselected: {'identifier': 'examples_rclcpp_multithreaded_executor'}
[0.000671] (-) JobUnselected: {'identifier': 'examples_rclcpp_wait_set'}
[0.000682] (-) JobUnselected: {'identifier': 'examples_rclpy_executors'}
[0.000693] (-) JobUnselected: {'identifier': 'examples_rclpy_guard_conditions'}
[0.000703] (-) JobUnselected: {'identifier': 'examples_rclpy_minimal_action_client'}
[0.000713] (-) JobUnselected: {'identifier': 'examples_rclpy_minimal_action_server'}
[0.000760] (-) JobUnselected: {'identifier': 'examples_rclpy_minimal_client'}
[0.000777] (-) JobUnselected: {'identifier': 'examples_rclpy_minimal_publisher'}
[0.000826] (-) JobUnselected: {'identifier': 'examples_rclpy_minimal_service'}
[0.000844] (-) JobUnselected: {'identifier': 'examples_rclpy_minimal_subscriber'}
[0.000863] (-) JobUnselected: {'identifier': 'examples_rclpy_pointcloud_publisher'}
[0.000876] (-) JobUnselected: {'identifier': 'fleet_msgs'}
[0.000886] (-) JobUnselected: {'identifier': 'launch_testing_examples'}
[0.000897] (-) JobUnselected: {'identifier': 'sim'}
[0.000911] (fleet_core) JobQueued: {'identifier': 'fleet_core', 'dependencies': OrderedDict()}
[0.000934] (fleet_core) JobStarted: {'identifier': 'fleet_core'}
[0.104809] (-) TimerEvent: {}
[0.208103] (-) TimerEvent: {}
[0.243313] (fleet_core) StderrLine: {'line': b'Traceback (most recent call last):\n  File "/opt/homebrew/lib/python3.13/site-packages/colcon_core/executor/__init__.py", line 91, in __call__\n    rc = await self.task(*args, **kwargs)\n         ^^^^^^^^^^^^^^^^^^^^^^^^^^^^^^^^\n  File "/opt/homebrew/lib/python3.13/site-packages/colcon_core/task/__init__.py", line 93, in __call__\n    return await task_method(*args, **kwargs)\n           ^^^^^^^^^^^^^^^^^^^^^^^^^^^^^^^^^^\n  File "/opt/homebrew/lib/python3.13/site-packages/colcon_ros/task/ament_python/build.py", line 102, in build\n    return await extension.build(additional_hooks=additional_hooks)\n           ^^^^^^^^^^^^^^^^^^^^^^^^^^^^^^^^^^^^^^^^^^^^^^^^^^^^^^^^\n  File "/opt/homebrew/lib/python3.13/site-packages/colcon_core/task/python/build.py", line 96, in build\n    available_commands = await self._get_available_commands(\n                         ^^^^^^^^^^^^^^^^^^^^^^^^^^^^^^^^^^^\n        args.path, env)\n        ^^^^^^^^^^^^^^^\n  File "/opt/homebrew/lib/python3.13/site-packages/colcon_core/task/python/build.py", line 194, in _get_available_commands\n    output = await check_output(\n             ^^^^^^^^^^^^^^^^^^^\n        _PYTHON_CMD + [\'setup.py\', \'--help-commands\'], cwd=path, env=env)\n        ^^^^^^^^^^^^^^^^^^^^^^^^^^^^^^^^^^^^^^^^^^^^^^^^^^^^^^^^^^^^^^^^^\n  File "/opt/homebrew/lib/python3.13/site-packages/colcon_core/subprocess.py", line 129, in check_output\n    assert not rc, f\'Expected {args} to pass: {stderr_data}\'\n           ^^^^^^\nAssertionError: Expected [\'/opt/homebrew/opt/python@3.13/bin/python3.13\', \'-W\', \'ignore:setup.py install is deprecated\', \'-W\', \'ignore:easy_install command is deprecated\', \'setup.py\', \'--help-commands\'] to pass: Traceback (most recent call last):\n  File "/Users/satwikpanigrahi/Desktop/gru-lunar-twin/ros2_ws/src/fleet_core/setup.py", line 1, in <module>\n    from setuptools import setup\nModuleNotFoundError: No module named \'setuptools\'\n\n'}
[0.244000] (fleet_core) JobEnded: {'identifier': 'fleet_core', 'rc': 1}
[0.256798] (-) EventReactorShutdown: {}
