[0.021s] Invoking command in '/workspace/build/examples_rclcpp_cbg_executor': CMAKE_PREFIX_PATH=${CMAKE_PREFIX_PATH}:/opt/ros/humble /usr/bin/cmake /workspace/src/examples/rclcpp/executors/cbg_executor -DCMAKE_INSTALL_PREFIX=/workspace/install/examples_rclcpp_cbg_executor
[0.158s] -- The C compiler identification is GNU 11.4.0
[0.238s] -- The CXX compiler identification is GNU 11.4.0
[0.249s] -- Detecting C compiler ABI info
[0.394s] -- Detecting C compiler ABI info - done
[0.404s] -- Check for working C compiler: /usr/bin/cc - skipped
[0.405s] -- Detecting C compile features
[0.405s] -- Detecting C compile features - done
[0.411s] -- Detecting CXX compiler ABI info
[0.665s] -- Detecting CXX compiler ABI info - done
[0.693s] -- Check for working CXX compiler: /usr/bin/c++ - skipped
[0.693s] -- Detecting CXX compile features
[0.693s] -- Detecting CXX compile features - done
[0.704s] -- Found ament_cmake: 1.3.11 (/opt/ros/humble/share/ament_cmake/cmake)
[0.896s] -- Found Python3: /usr/bin/python3 (found version "3.10.12") found components: Interpreter 
[1.006s] -- Found rclcpp: 16.0.12 (/opt/ros/humble/share/rclcpp/cmake)
[1.062s] -- Found rosidl_generator_c: 3.1.6 (/opt/ros/humble/share/rosidl_generator_c/cmake)
[1.067s] -- Found rosidl_adapter: 3.1.6 (/opt/ros/humble/share/rosidl_adapter/cmake)
[1.076s] -- Found rosidl_generator_cpp: 3.1.6 (/opt/ros/humble/share/rosidl_generator_cpp/cmake)
[1.086s] -- Using all available rosidl_typesupport_c: rosidl_typesupport_fastrtps_c;rosidl_typesupport_introspection_c
[1.098s] -- Using all available rosidl_typesupport_cpp: rosidl_typesupport_fastrtps_cpp;rosidl_typesupport_introspection_cpp
[1.143s] -- Found rmw_implementation_cmake: 6.1.2 (/opt/ros/humble/share/rmw_implementation_cmake/cmake)
[1.145s] -- Found rmw_fastrtps_cpp: 6.2.7 (/opt/ros/humble/share/rmw_fastrtps_cpp/cmake)
[1.227s] -- Found OpenSSL: /usr/lib/aarch64-linux-gnu/libcrypto.so (found version "3.0.2")  
[1.242s] -- Found FastRTPS: /opt/ros/humble/include  
[1.272s] -- Using RMW implementation 'rmw_fastrtps_cpp' as default
[1.283s] -- Looking for pthread.h
[1.516s] -- Looking for pthread.h - found
[1.518s] -- Performing Test CMAKE_HAVE_LIBC_PTHREAD
[1.588s] -- Performing Test CMAKE_HAVE_LIBC_PTHREAD - Success
[1.589s] -- Found Threads: TRUE  
[1.645s] -- Found ament_lint_auto: 0.12.12 (/opt/ros/humble/share/ament_lint_auto/cmake)
[1.720s] -- Added test 'copyright' to check source files copyright and LICENSE
[1.723s] -- Added test 'cppcheck' to perform static code analysis on C / C++ code
[1.723s] -- Configured cppcheck include dirs: /workspace/src/examples/rclcpp/executors/cbg_executor/include
[1.724s] -- Configured cppcheck exclude dirs and/or files: 
[1.725s] -- Added test 'cpplint' to check C / C++ code against the Google style
[1.725s] -- Configured cpplint exclude dirs and/or files: 
[1.727s] -- Added test 'lint_cmake' to check CMake code style
[1.733s] -- Added test 'uncrustify' to check C / C++ code style
[1.733s] -- Configured uncrustify additional arguments: 
[1.733s] -- Added test 'xmllint' to check XML markup files
[1.741s] -- Configuring done
[1.769s] -- Generating done
[1.779s] -- Build files have been written to: /workspace/build/examples_rclcpp_cbg_executor
